#-----------------------------------------------------------
# Vivado v2025.2 (64-bit)
# SW Build 6299465 on Fri Nov 14 12:34:56 MST 2025
# IP Build 6300035 on Fri Nov 14 10:48:45 MST 2025
# SharedData Build 6298862 on Thu Nov 13 04:50:51 MST 2025
# Start of session at: Fri Apr 10 05:52:03 2026
# Process ID         : 332247
# Current directory  : /home/devan/SoC/croc_pynq-z1/xilinx
# Command line       : vivado -mode batch -source scripts/program_pynqz1.tcl -tclargs out/croc.pynqz1.bit localhost:3121 xc7z020_1
# Log file           : /home/devan/SoC/croc_pynq-z1/xilinx/vivado.log
# Journal file       : /home/devan/SoC/croc_pynq-z1/xilinx/vivado.jou
# Running On         : devan-astroboy
# Platform           : Ubuntu
# Operating System   : Ubuntu 24.04.4 LTS
# Processor Detail   : AMD Ryzen 3 3200U with Radeon Vega Mobile Gfx
# CPU Frequency      : 2384.614 MHz
# CPU Physical cores : 2
# CPU Logical cores  : 4
# Host memory        : 14590 MB
# Swap memory        : 4294 MB
# Total Virtual      : 18885 MB
# Available Virtual  : 11721 MB
#-----------------------------------------------------------
source scripts/program_pynqz1.tcl
# set bitfile [lindex $argv 0]
# if { $bitfile eq "" } {
#     puts "ERROR: Missing bitfile argument."
#     puts "Usage: -tclargs <bitfile> [hw_server_url] [hw_device]"
#     exit 2
# }
# set hw_url [lindex $argv 1]
# if { $hw_url eq "" } {
#     set hw_url "localhost:3121"
# }
# set req_dev [lindex $argv 2]
# if { $req_dev eq "" } {
#     set req_dev "xc7z020_1"
# }
# if { ![file exists $bitfile] } {
#     puts "ERROR: Bitfile does not exist: $bitfile"
#     exit 3
# }
# set abs_bitfile [file normalize $bitfile]
# puts "INFO: Bitfile = $abs_bitfile"
INFO: Bitfile = /home/devan/SoC/croc_pynq-z1/xilinx/out/croc.pynqz1.bit
# puts "INFO: HW server = $hw_url"
INFO: HW server = localhost:3121
# puts "INFO: Requested device = $req_dev"
INFO: Requested device = xc7z020_1
# open_hw_manager
open_hw_manager: Time (s): cpu = 00:00:22 ; elapsed = 00:00:07 . Memory (MB): peak = 1592.082 ; gain = 103.059 ; free physical = 1540 ; free virtual = 10704
# connect_hw_server -url $hw_url
INFO: [Labtools 27-2285] Connecting to hw_server url TCP:localhost:3121
INFO: [Labtools 27-2222] Launching hw_server...
INFO: [Labtools 27-2221] Launch Output:

****** Xilinx hw_server v2025.2
  **** Build date : Oct 28 2025 at 16:07:00
    ** Copyright 1986-2022 Xilinx, Inc. All Rights Reserved.


INFO: [Labtools 27-3415] Connecting to cs_server url TCP:localhost:0
INFO: [Labtools 27-3417] Launching cs_server...
INFO: [Labtools 27-2221] Launch Output:


******** Xilinx cs_server v2025.2.0
  ****** Build date   : Nov 14 2025-06:16:52
    **** Build number : 2025.2.1763075812
      ** Copyright 2017-2022 Xilinx, Inc. All Rights Reserved.
      ** Copyright 2022-2026 Advanced Micro Devices, Inc. All Rights Reserved.



# open_hw_target
INFO: [Labtoolstcl 44-466] Opening hw_target localhost:3121/xilinx_tcf/Digilent/003017B78771A
open_hw_target: Time (s): cpu = 00:00:00.04 ; elapsed = 00:00:05 . Memory (MB): peak = 1592.082 ; gain = 0.000 ; free physical = 1399 ; free virtual = 10624
# set devs [get_hw_devices]
# if { [llength $devs] == 0 } {
#     puts "ERROR: No hardware devices found."
#     close_hw_target
#     disconnect_hw_server
#     close_hw_manager
#     exit 4
# }
# set target_dev [get_hw_devices $req_dev]
# if { [llength $target_dev] == 0 } {
#     puts "WARNING: Requested device '$req_dev' not found. Using first detected device."
#     set target_dev [lindex $devs 0]
# }
# current_hw_device $target_dev
# refresh_hw_device $target_dev
INFO: [Labtools 27-1435] Device xc7z020 (JTAG device index = 1) is not programmed (DONE status = 0).
# set_property PROGRAM.FILE $abs_bitfile $target_dev
# program_hw_devices $target_dev
INFO: [Labtools 27-3164] End of startup status: HIGH
# refresh_hw_device $target_dev
INFO: [Labtools 27-1434] Device xc7z020 (JTAG device index = 1) is programmed with a design that has no supported soft debug core(s) in it.
# puts "INFO: Programming complete on [get_property NAME $target_dev]"
INFO: Programming complete on xc7z020_1
# close_hw_target
INFO: [Labtoolstcl 44-464] Closing hw_target localhost:3121/xilinx_tcf/Digilent/003017B78771A
# disconnect_hw_server
# close_hw_manager
# exit 0
INFO: [Common 17-206] Exiting Vivado at Fri Apr 10 05:52:31 2026...
