Copyright 1986-2022 Xilinx, Inc. All Rights Reserved. Copyright 2022-2025 Advanced Micro Devices, Inc. All Rights Reserved.
---------------------------------------------------------------------------------------------------------------------------------------------
| Tool Version : Vivado v.2025.2 (lin64) Build 6299465 Fri Nov 14 12:34:56 MST 2025
| Date         : Sat Apr 18 09:03:52 2026
| Host         : devan-astroboy running 64-bit Ubuntu 24.04.4 LTS
| Command      : report_clocks -file /home/devan/SoC/croc_pynq-z1/xilinx/build/pynqz1.croc/clocks.rpt
| Design       : croc_xilinx
| Device       : 7z020-clg400
| Speed File   : -1  PRODUCTION 1.12 2019-11-22
| Design State : Synthesized
---------------------------------------------------------------------------------------------------------------------------------------------

Clock Report


Attributes
  P: Propagated
  G: Generated
  A: Auto-derived
  R: Renamed
  V: Virtual
  I: Inverted
  S: Pin phase-shifted with Latency mode

Clock            Period(ns)  Waveform(ns)    Attributes  Sources
sys_clk          10.000      {0.000 5.000}   P           {sys_clk_i}
clk_20_clkwiz    40.000      {0.000 20.000}  P,G,A       {i_clkwiz/inst/mmcm_adv_inst/CLKOUT0}
clkfbout_clkwiz  10.000      {0.000 5.000}   P,G,A       {i_clkwiz/inst/mmcm_adv_inst/CLKFBOUT}


====================================================
Generated Clocks
====================================================

Generated Clock     : clk_20_clkwiz
Master Source       : i_clkwiz/inst/mmcm_adv_inst/CLKIN1
Master Clock        : sys_clk
Edges               : {1 2 3}
Edge Shifts(ns)     : {0.000 15.000 30.000}
Generated Sources   : {i_clkwiz/inst/mmcm_adv_inst/CLKOUT0}

Generated Clock     : clkfbout_clkwiz
Master Source       : i_clkwiz/inst/mmcm_adv_inst/CLKIN1
Master Clock        : sys_clk
Multiply By         : 1
Generated Sources   : {i_clkwiz/inst/mmcm_adv_inst/CLKFBOUT}



====================================================
User Uncertainty
====================================================



====================================================
User Jitter
====================================================


