Copyright 1986-2022 Xilinx, Inc. All Rights Reserved. Copyright 2022-2025 Advanced Micro Devices, Inc. All Rights Reserved.
---------------------------------------------------------------------------------------------------------------------------------------------
| Tool Version : Vivado v.2025.2 (lin64) Build 6299465 Fri Nov 14 12:34:56 MST 2025
| Date         : Sat Apr 18 10:21:20 2026
| Host         : devan-astroboy running 64-bit Ubuntu 24.04.4 LTS
| Command      : report_drc -file croc_xilinx_drc_routed.rpt -pb croc_xilinx_drc_routed.pb -rpx croc_xilinx_drc_routed.rpx
| Design       : croc_xilinx
| Device       : xc7z020clg400-1
| Speed File   : -1
| Design State : Fully Routed
---------------------------------------------------------------------------------------------------------------------------------------------

Report DRC

Table of Contents
-----------------
1. REPORT SUMMARY
2. REPORT DETAILS

1. REPORT SUMMARY
-----------------
            Netlist: netlist
          Floorplan: checkpoint_croc_xilinx
      Design limits: <entire design considered>
           Ruledeck: default
             Max checks: <unlimited>
             Checks found: 27
+-----------+----------+----------------------------+--------+
| Rule      | Severity | Description                | Checks |
+-----------+----------+----------------------------+--------+
| CHECK-3   | Warning  | Report rule limit reached  | 1      |
| DPIP-1    | Warning  | Input pipelining           | 2      |
| DPOP-1    | Warning  | PREG Output pipelining     | 1      |
| DPOP-2    | Warning  | MREG Output pipelining     | 1      |
| PLCK-12   | Warning  | Clock Placer Checks        | 1      |
| REQP-1839 | Warning  | RAMB36 async control check | 20     |
| ZPS7-1    | Warning  | PS7 block required         | 1      |
+-----------+----------+----------------------------+--------+

2. REPORT DETAILS
-----------------
CHECK-3#1 Warning
Report rule limit reached  
REQP-1839 rule limit reached: 20 violations have been found.
Related violations: <none>

DPIP-1#1 Warning
Input pipelining  
DSP i_croc_soc/i_user/i_simple_alu/mult_return input i_croc_soc/i_user/i_simple_alu/mult_return/A[29:0] is not pipelined. Pipelining DSP48 input will improve performance.
Related violations: <none>

DPIP-1#2 Warning
Input pipelining  
DSP i_croc_soc/i_user/i_simple_alu/mult_return input i_croc_soc/i_user/i_simple_alu/mult_return/B[17:0] is not pipelined. Pipelining DSP48 input will improve performance.
Related violations: <none>

DPOP-1#1 Warning
PREG Output pipelining  
DSP i_croc_soc/i_user/i_simple_alu/mult_return output i_croc_soc/i_user/i_simple_alu/mult_return/P[47:0] is not pipelined (PREG=0). Pipelining the DSP48 output will improve performance and often saves power so it is suggested whenever possible to fully pipeline this function.  If this DSP48 function was inferred, it is suggested to describe an additional register stage after this function.  If the DSP48 was instantiated in the design, it is suggested to set the PREG attribute to 1.
Related violations: <none>

DPOP-2#1 Warning
MREG Output pipelining  
DSP i_croc_soc/i_user/i_simple_alu/mult_return multiplier stage i_croc_soc/i_user/i_simple_alu/mult_return/P[47:0] is not pipelined (MREG=0). Pipelining the multiplier function will improve performance and will save significant power so it is suggested whenever possible to fully pipeline this function.  If this multiplier was inferred, it is suggested to describe an additional register stage after this function.  If there is no registered adder/accumulator following the multiply function, two pipeline stages are suggested to allow both the MREG and PREG registers to be used.  If the DSP48 was instantiated in the design, it is suggested to set both the MREG and PREG attributes to 1 when performing multiply functions.
Related violations: <none>

PLCK-12#1 Warning
Clock Placer Checks  
Poor placement for routing between an IO pin and BUFG. 
Resolution: Poor placement of an IO pin and a BUFG has resulted in the router using a non-dedicated path between the two.  There are several things that could trigger this DRC, each of which can cause unpredictable clock insertion delays that result in poor timing.  This DRC could be caused by any of the following: (a) a clock port was placed on a pin that is not a CCIO-pin (b)the BUFG has not been placed in the same half of the device or SLR as the CCIO-pin (c) a single ended clock has been placed on the N-Side of a differential pair CCIO-pin.
 This is normally an ERROR but the CLOCK_DEDICATED_ROUTE constraint is set to FALSE allowing your design to continue. The use of this override is highly discouraged as it may lead to very poor timing results. It is recommended that this error condition be corrected in the design.

	jtag_tck_i_IBUF_inst (IBUF.O) is locked to Y19
	i_croc_soc/i_croc/i_dmi_jtag/i_dmi_jtag_tap/i_dft_tck_mux/i_BUFGMUX (BUFGCTRL.I1) is provisionally placed by clockplacer on BUFGCTRL_X0Y4
	jtag_tck_i_IBUF_BUFG_inst (BUFG.I) is provisionally placed by clockplacer on BUFGCTRL_X0Y3

Related violations: <none>

REQP-1839#1 Warning
RAMB36 async control check  
The RAMB36E1 i_croc_soc/i_croc/gen_sram_bank[0].i_sram/i_tc_sram/gen_1_ports.i_xpm_memory_spram/xpm_memory_base_inst/gen_wr_a.gen_byte_narrow.for_mem_cols[1].mem_reg has an input control pin i_croc_soc/i_croc/gen_sram_bank[0].i_sram/i_tc_sram/gen_1_ports.i_xpm_memory_spram/xpm_memory_base_inst/gen_wr_a.gen_byte_narrow.for_mem_cols[1].mem_reg/ADDRARDADDR[13] (net: i_croc_soc/i_croc/gen_sram_bank[0].i_sram/i_tc_sram/gen_1_ports.i_xpm_memory_spram/xpm_memory_base_inst/addra[8]) which is driven by a register (i_croc_soc/i_croc/i_core_wrap/i_ibex/cs_registers_i/u_depc_csr/rdata_q_reg[10]) that has an active asychronous set or reset. This may cause corruption of the memory contents and/or read values when the set/reset is asserted and is not analyzed by the default static timing analysis. It is suggested to eliminate the use of a set/reset to registers driving this RAMB pin or else use a synchronous reset in which the assertion of the reset is timed by default.
Related violations: <none>

REQP-1839#2 Warning
RAMB36 async control check  
The RAMB36E1 i_croc_soc/i_croc/gen_sram_bank[0].i_sram/i_tc_sram/gen_1_ports.i_xpm_memory_spram/xpm_memory_base_inst/gen_wr_a.gen_byte_narrow.for_mem_cols[1].mem_reg has an input control pin i_croc_soc/i_croc/gen_sram_bank[0].i_sram/i_tc_sram/gen_1_ports.i_xpm_memory_spram/xpm_memory_base_inst/gen_wr_a.gen_byte_narrow.for_mem_cols[1].mem_reg/ADDRARDADDR[13] (net: i_croc_soc/i_croc/gen_sram_bank[0].i_sram/i_tc_sram/gen_1_ports.i_xpm_memory_spram/xpm_memory_base_inst/addra[8]) which is driven by a register (i_croc_soc/i_croc/i_core_wrap/i_ibex/cs_registers_i/u_depc_csr/rdata_q_reg[11]) that has an active asychronous set or reset. This may cause corruption of the memory contents and/or read values when the set/reset is asserted and is not analyzed by the default static timing analysis. It is suggested to eliminate the use of a set/reset to registers driving this RAMB pin or else use a synchronous reset in which the assertion of the reset is timed by default.
Related violations: <none>

REQP-1839#3 Warning
RAMB36 async control check  
The RAMB36E1 i_croc_soc/i_croc/gen_sram_bank[0].i_sram/i_tc_sram/gen_1_ports.i_xpm_memory_spram/xpm_memory_base_inst/gen_wr_a.gen_byte_narrow.for_mem_cols[1].mem_reg has an input control pin i_croc_soc/i_croc/gen_sram_bank[0].i_sram/i_tc_sram/gen_1_ports.i_xpm_memory_spram/xpm_memory_base_inst/gen_wr_a.gen_byte_narrow.for_mem_cols[1].mem_reg/ADDRARDADDR[13] (net: i_croc_soc/i_croc/gen_sram_bank[0].i_sram/i_tc_sram/gen_1_ports.i_xpm_memory_spram/xpm_memory_base_inst/addra[8]) which is driven by a register (i_croc_soc/i_croc/i_core_wrap/i_ibex/cs_registers_i/u_depc_csr/rdata_q_reg[12]) that has an active asychronous set or reset. This may cause corruption of the memory contents and/or read values when the set/reset is asserted and is not analyzed by the default static timing analysis. It is suggested to eliminate the use of a set/reset to registers driving this RAMB pin or else use a synchronous reset in which the assertion of the reset is timed by default.
Related violations: <none>

REQP-1839#4 Warning
RAMB36 async control check  
The RAMB36E1 i_croc_soc/i_croc/gen_sram_bank[0].i_sram/i_tc_sram/gen_1_ports.i_xpm_memory_spram/xpm_memory_base_inst/gen_wr_a.gen_byte_narrow.for_mem_cols[1].mem_reg has an input control pin i_croc_soc/i_croc/gen_sram_bank[0].i_sram/i_tc_sram/gen_1_ports.i_xpm_memory_spram/xpm_memory_base_inst/gen_wr_a.gen_byte_narrow.for_mem_cols[1].mem_reg/ADDRARDADDR[13] (net: i_croc_soc/i_croc/gen_sram_bank[0].i_sram/i_tc_sram/gen_1_ports.i_xpm_memory_spram/xpm_memory_base_inst/addra[8]) which is driven by a register (i_croc_soc/i_croc/i_core_wrap/i_ibex/cs_registers_i/u_depc_csr/rdata_q_reg[13]) that has an active asychronous set or reset. This may cause corruption of the memory contents and/or read values when the set/reset is asserted and is not analyzed by the default static timing analysis. It is suggested to eliminate the use of a set/reset to registers driving this RAMB pin or else use a synchronous reset in which the assertion of the reset is timed by default.
Related violations: <none>

REQP-1839#5 Warning
RAMB36 async control check  
The RAMB36E1 i_croc_soc/i_croc/gen_sram_bank[0].i_sram/i_tc_sram/gen_1_ports.i_xpm_memory_spram/xpm_memory_base_inst/gen_wr_a.gen_byte_narrow.for_mem_cols[1].mem_reg has an input control pin i_croc_soc/i_croc/gen_sram_bank[0].i_sram/i_tc_sram/gen_1_ports.i_xpm_memory_spram/xpm_memory_base_inst/gen_wr_a.gen_byte_narrow.for_mem_cols[1].mem_reg/ADDRARDADDR[13] (net: i_croc_soc/i_croc/gen_sram_bank[0].i_sram/i_tc_sram/gen_1_ports.i_xpm_memory_spram/xpm_memory_base_inst/addra[8]) which is driven by a register (i_croc_soc/i_croc/i_core_wrap/i_ibex/cs_registers_i/u_depc_csr/rdata_q_reg[14]) that has an active asychronous set or reset. This may cause corruption of the memory contents and/or read values when the set/reset is asserted and is not analyzed by the default static timing analysis. It is suggested to eliminate the use of a set/reset to registers driving this RAMB pin or else use a synchronous reset in which the assertion of the reset is timed by default.
Related violations: <none>

REQP-1839#6 Warning
RAMB36 async control check  
The RAMB36E1 i_croc_soc/i_croc/gen_sram_bank[0].i_sram/i_tc_sram/gen_1_ports.i_xpm_memory_spram/xpm_memory_base_inst/gen_wr_a.gen_byte_narrow.for_mem_cols[1].mem_reg has an input control pin i_croc_soc/i_croc/gen_sram_bank[0].i_sram/i_tc_sram/gen_1_ports.i_xpm_memory_spram/xpm_memory_base_inst/gen_wr_a.gen_byte_narrow.for_mem_cols[1].mem_reg/ADDRARDADDR[13] (net: i_croc_soc/i_croc/gen_sram_bank[0].i_sram/i_tc_sram/gen_1_ports.i_xpm_memory_spram/xpm_memory_base_inst/addra[8]) which is driven by a register (i_croc_soc/i_croc/i_core_wrap/i_ibex/cs_registers_i/u_depc_csr/rdata_q_reg[15]) that has an active asychronous set or reset. This may cause corruption of the memory contents and/or read values when the set/reset is asserted and is not analyzed by the default static timing analysis. It is suggested to eliminate the use of a set/reset to registers driving this RAMB pin or else use a synchronous reset in which the assertion of the reset is timed by default.
Related violations: <none>

REQP-1839#7 Warning
RAMB36 async control check  
The RAMB36E1 i_croc_soc/i_croc/gen_sram_bank[0].i_sram/i_tc_sram/gen_1_ports.i_xpm_memory_spram/xpm_memory_base_inst/gen_wr_a.gen_byte_narrow.for_mem_cols[1].mem_reg has an input control pin i_croc_soc/i_croc/gen_sram_bank[0].i_sram/i_tc_sram/gen_1_ports.i_xpm_memory_spram/xpm_memory_base_inst/gen_wr_a.gen_byte_narrow.for_mem_cols[1].mem_reg/ADDRARDADDR[13] (net: i_croc_soc/i_croc/gen_sram_bank[0].i_sram/i_tc_sram/gen_1_ports.i_xpm_memory_spram/xpm_memory_base_inst/addra[8]) which is driven by a register (i_croc_soc/i_croc/i_core_wrap/i_ibex/cs_registers_i/u_depc_csr/rdata_q_reg[16]) that has an active asychronous set or reset. This may cause corruption of the memory contents and/or read values when the set/reset is asserted and is not analyzed by the default static timing analysis. It is suggested to eliminate the use of a set/reset to registers driving this RAMB pin or else use a synchronous reset in which the assertion of the reset is timed by default.
Related violations: <none>

REQP-1839#8 Warning
RAMB36 async control check  
The RAMB36E1 i_croc_soc/i_croc/gen_sram_bank[0].i_sram/i_tc_sram/gen_1_ports.i_xpm_memory_spram/xpm_memory_base_inst/gen_wr_a.gen_byte_narrow.for_mem_cols[1].mem_reg has an input control pin i_croc_soc/i_croc/gen_sram_bank[0].i_sram/i_tc_sram/gen_1_ports.i_xpm_memory_spram/xpm_memory_base_inst/gen_wr_a.gen_byte_narrow.for_mem_cols[1].mem_reg/ADDRARDADDR[13] (net: i_croc_soc/i_croc/gen_sram_bank[0].i_sram/i_tc_sram/gen_1_ports.i_xpm_memory_spram/xpm_memory_base_inst/addra[8]) which is driven by a register (i_croc_soc/i_croc/i_core_wrap/i_ibex/cs_registers_i/u_depc_csr/rdata_q_reg[17]) that has an active asychronous set or reset. This may cause corruption of the memory contents and/or read values when the set/reset is asserted and is not analyzed by the default static timing analysis. It is suggested to eliminate the use of a set/reset to registers driving this RAMB pin or else use a synchronous reset in which the assertion of the reset is timed by default.
Related violations: <none>

REQP-1839#9 Warning
RAMB36 async control check  
The RAMB36E1 i_croc_soc/i_croc/gen_sram_bank[0].i_sram/i_tc_sram/gen_1_ports.i_xpm_memory_spram/xpm_memory_base_inst/gen_wr_a.gen_byte_narrow.for_mem_cols[1].mem_reg has an input control pin i_croc_soc/i_croc/gen_sram_bank[0].i_sram/i_tc_sram/gen_1_ports.i_xpm_memory_spram/xpm_memory_base_inst/gen_wr_a.gen_byte_narrow.for_mem_cols[1].mem_reg/ADDRARDADDR[13] (net: i_croc_soc/i_croc/gen_sram_bank[0].i_sram/i_tc_sram/gen_1_ports.i_xpm_memory_spram/xpm_memory_base_inst/addra[8]) which is driven by a register (i_croc_soc/i_croc/i_core_wrap/i_ibex/cs_registers_i/u_depc_csr/rdata_q_reg[18]) that has an active asychronous set or reset. This may cause corruption of the memory contents and/or read values when the set/reset is asserted and is not analyzed by the default static timing analysis. It is suggested to eliminate the use of a set/reset to registers driving this RAMB pin or else use a synchronous reset in which the assertion of the reset is timed by default.
Related violations: <none>

REQP-1839#10 Warning
RAMB36 async control check  
The RAMB36E1 i_croc_soc/i_croc/gen_sram_bank[0].i_sram/i_tc_sram/gen_1_ports.i_xpm_memory_spram/xpm_memory_base_inst/gen_wr_a.gen_byte_narrow.for_mem_cols[1].mem_reg has an input control pin i_croc_soc/i_croc/gen_sram_bank[0].i_sram/i_tc_sram/gen_1_ports.i_xpm_memory_spram/xpm_memory_base_inst/gen_wr_a.gen_byte_narrow.for_mem_cols[1].mem_reg/ADDRARDADDR[13] (net: i_croc_soc/i_croc/gen_sram_bank[0].i_sram/i_tc_sram/gen_1_ports.i_xpm_memory_spram/xpm_memory_base_inst/addra[8]) which is driven by a register (i_croc_soc/i_croc/i_core_wrap/i_ibex/cs_registers_i/u_depc_csr/rdata_q_reg[19]) that has an active asychronous set or reset. This may cause corruption of the memory contents and/or read values when the set/reset is asserted and is not analyzed by the default static timing analysis. It is suggested to eliminate the use of a set/reset to registers driving this RAMB pin or else use a synchronous reset in which the assertion of the reset is timed by default.
Related violations: <none>

REQP-1839#11 Warning
RAMB36 async control check  
The RAMB36E1 i_croc_soc/i_croc/gen_sram_bank[0].i_sram/i_tc_sram/gen_1_ports.i_xpm_memory_spram/xpm_memory_base_inst/gen_wr_a.gen_byte_narrow.for_mem_cols[1].mem_reg has an input control pin i_croc_soc/i_croc/gen_sram_bank[0].i_sram/i_tc_sram/gen_1_ports.i_xpm_memory_spram/xpm_memory_base_inst/gen_wr_a.gen_byte_narrow.for_mem_cols[1].mem_reg/ADDRARDADDR[13] (net: i_croc_soc/i_croc/gen_sram_bank[0].i_sram/i_tc_sram/gen_1_ports.i_xpm_memory_spram/xpm_memory_base_inst/addra[8]) which is driven by a register (i_croc_soc/i_croc/i_core_wrap/i_ibex/cs_registers_i/u_depc_csr/rdata_q_reg[20]) that has an active asychronous set or reset. This may cause corruption of the memory contents and/or read values when the set/reset is asserted and is not analyzed by the default static timing analysis. It is suggested to eliminate the use of a set/reset to registers driving this RAMB pin or else use a synchronous reset in which the assertion of the reset is timed by default.
Related violations: <none>

REQP-1839#12 Warning
RAMB36 async control check  
The RAMB36E1 i_croc_soc/i_croc/gen_sram_bank[0].i_sram/i_tc_sram/gen_1_ports.i_xpm_memory_spram/xpm_memory_base_inst/gen_wr_a.gen_byte_narrow.for_mem_cols[1].mem_reg has an input control pin i_croc_soc/i_croc/gen_sram_bank[0].i_sram/i_tc_sram/gen_1_ports.i_xpm_memory_spram/xpm_memory_base_inst/gen_wr_a.gen_byte_narrow.for_mem_cols[1].mem_reg/ADDRARDADDR[13] (net: i_croc_soc/i_croc/gen_sram_bank[0].i_sram/i_tc_sram/gen_1_ports.i_xpm_memory_spram/xpm_memory_base_inst/addra[8]) which is driven by a register (i_croc_soc/i_croc/i_core_wrap/i_ibex/cs_registers_i/u_depc_csr/rdata_q_reg[21]) that has an active asychronous set or reset. This may cause corruption of the memory contents and/or read values when the set/reset is asserted and is not analyzed by the default static timing analysis. It is suggested to eliminate the use of a set/reset to registers driving this RAMB pin or else use a synchronous reset in which the assertion of the reset is timed by default.
Related violations: <none>

REQP-1839#13 Warning
RAMB36 async control check  
The RAMB36E1 i_croc_soc/i_croc/gen_sram_bank[0].i_sram/i_tc_sram/gen_1_ports.i_xpm_memory_spram/xpm_memory_base_inst/gen_wr_a.gen_byte_narrow.for_mem_cols[1].mem_reg has an input control pin i_croc_soc/i_croc/gen_sram_bank[0].i_sram/i_tc_sram/gen_1_ports.i_xpm_memory_spram/xpm_memory_base_inst/gen_wr_a.gen_byte_narrow.for_mem_cols[1].mem_reg/ADDRARDADDR[13] (net: i_croc_soc/i_croc/gen_sram_bank[0].i_sram/i_tc_sram/gen_1_ports.i_xpm_memory_spram/xpm_memory_base_inst/addra[8]) which is driven by a register (i_croc_soc/i_croc/i_core_wrap/i_ibex/cs_registers_i/u_depc_csr/rdata_q_reg[22]) that has an active asychronous set or reset. This may cause corruption of the memory contents and/or read values when the set/reset is asserted and is not analyzed by the default static timing analysis. It is suggested to eliminate the use of a set/reset to registers driving this RAMB pin or else use a synchronous reset in which the assertion of the reset is timed by default.
Related violations: <none>

REQP-1839#14 Warning
RAMB36 async control check  
The RAMB36E1 i_croc_soc/i_croc/gen_sram_bank[0].i_sram/i_tc_sram/gen_1_ports.i_xpm_memory_spram/xpm_memory_base_inst/gen_wr_a.gen_byte_narrow.for_mem_cols[1].mem_reg has an input control pin i_croc_soc/i_croc/gen_sram_bank[0].i_sram/i_tc_sram/gen_1_ports.i_xpm_memory_spram/xpm_memory_base_inst/gen_wr_a.gen_byte_narrow.for_mem_cols[1].mem_reg/ADDRARDADDR[13] (net: i_croc_soc/i_croc/gen_sram_bank[0].i_sram/i_tc_sram/gen_1_ports.i_xpm_memory_spram/xpm_memory_base_inst/addra[8]) which is driven by a register (i_croc_soc/i_croc/i_core_wrap/i_ibex/cs_registers_i/u_depc_csr/rdata_q_reg[23]) that has an active asychronous set or reset. This may cause corruption of the memory contents and/or read values when the set/reset is asserted and is not analyzed by the default static timing analysis. It is suggested to eliminate the use of a set/reset to registers driving this RAMB pin or else use a synchronous reset in which the assertion of the reset is timed by default.
Related violations: <none>

REQP-1839#15 Warning
RAMB36 async control check  
The RAMB36E1 i_croc_soc/i_croc/gen_sram_bank[0].i_sram/i_tc_sram/gen_1_ports.i_xpm_memory_spram/xpm_memory_base_inst/gen_wr_a.gen_byte_narrow.for_mem_cols[1].mem_reg has an input control pin i_croc_soc/i_croc/gen_sram_bank[0].i_sram/i_tc_sram/gen_1_ports.i_xpm_memory_spram/xpm_memory_base_inst/gen_wr_a.gen_byte_narrow.for_mem_cols[1].mem_reg/ADDRARDADDR[13] (net: i_croc_soc/i_croc/gen_sram_bank[0].i_sram/i_tc_sram/gen_1_ports.i_xpm_memory_spram/xpm_memory_base_inst/addra[8]) which is driven by a register (i_croc_soc/i_croc/i_core_wrap/i_ibex/cs_registers_i/u_depc_csr/rdata_q_reg[24]) that has an active asychronous set or reset. This may cause corruption of the memory contents and/or read values when the set/reset is asserted and is not analyzed by the default static timing analysis. It is suggested to eliminate the use of a set/reset to registers driving this RAMB pin or else use a synchronous reset in which the assertion of the reset is timed by default.
Related violations: <none>

REQP-1839#16 Warning
RAMB36 async control check  
The RAMB36E1 i_croc_soc/i_croc/gen_sram_bank[0].i_sram/i_tc_sram/gen_1_ports.i_xpm_memory_spram/xpm_memory_base_inst/gen_wr_a.gen_byte_narrow.for_mem_cols[1].mem_reg has an input control pin i_croc_soc/i_croc/gen_sram_bank[0].i_sram/i_tc_sram/gen_1_ports.i_xpm_memory_spram/xpm_memory_base_inst/gen_wr_a.gen_byte_narrow.for_mem_cols[1].mem_reg/ADDRARDADDR[13] (net: i_croc_soc/i_croc/gen_sram_bank[0].i_sram/i_tc_sram/gen_1_ports.i_xpm_memory_spram/xpm_memory_base_inst/addra[8]) which is driven by a register (i_croc_soc/i_croc/i_core_wrap/i_ibex/cs_registers_i/u_depc_csr/rdata_q_reg[25]) that has an active asychronous set or reset. This may cause corruption of the memory contents and/or read values when the set/reset is asserted and is not analyzed by the default static timing analysis. It is suggested to eliminate the use of a set/reset to registers driving this RAMB pin or else use a synchronous reset in which the assertion of the reset is timed by default.
Related violations: <none>

REQP-1839#17 Warning
RAMB36 async control check  
The RAMB36E1 i_croc_soc/i_croc/gen_sram_bank[0].i_sram/i_tc_sram/gen_1_ports.i_xpm_memory_spram/xpm_memory_base_inst/gen_wr_a.gen_byte_narrow.for_mem_cols[1].mem_reg has an input control pin i_croc_soc/i_croc/gen_sram_bank[0].i_sram/i_tc_sram/gen_1_ports.i_xpm_memory_spram/xpm_memory_base_inst/gen_wr_a.gen_byte_narrow.for_mem_cols[1].mem_reg/ADDRARDADDR[13] (net: i_croc_soc/i_croc/gen_sram_bank[0].i_sram/i_tc_sram/gen_1_ports.i_xpm_memory_spram/xpm_memory_base_inst/addra[8]) which is driven by a register (i_croc_soc/i_croc/i_core_wrap/i_ibex/cs_registers_i/u_depc_csr/rdata_q_reg[27]) that has an active asychronous set or reset. This may cause corruption of the memory contents and/or read values when the set/reset is asserted and is not analyzed by the default static timing analysis. It is suggested to eliminate the use of a set/reset to registers driving this RAMB pin or else use a synchronous reset in which the assertion of the reset is timed by default.
Related violations: <none>

REQP-1839#18 Warning
RAMB36 async control check  
The RAMB36E1 i_croc_soc/i_croc/gen_sram_bank[0].i_sram/i_tc_sram/gen_1_ports.i_xpm_memory_spram/xpm_memory_base_inst/gen_wr_a.gen_byte_narrow.for_mem_cols[1].mem_reg has an input control pin i_croc_soc/i_croc/gen_sram_bank[0].i_sram/i_tc_sram/gen_1_ports.i_xpm_memory_spram/xpm_memory_base_inst/gen_wr_a.gen_byte_narrow.for_mem_cols[1].mem_reg/ADDRARDADDR[13] (net: i_croc_soc/i_croc/gen_sram_bank[0].i_sram/i_tc_sram/gen_1_ports.i_xpm_memory_spram/xpm_memory_base_inst/addra[8]) which is driven by a register (i_croc_soc/i_croc/i_core_wrap/i_ibex/cs_registers_i/u_depc_csr/rdata_q_reg[28]) that has an active asychronous set or reset. This may cause corruption of the memory contents and/or read values when the set/reset is asserted and is not analyzed by the default static timing analysis. It is suggested to eliminate the use of a set/reset to registers driving this RAMB pin or else use a synchronous reset in which the assertion of the reset is timed by default.
Related violations: <none>

REQP-1839#19 Warning
RAMB36 async control check  
The RAMB36E1 i_croc_soc/i_croc/gen_sram_bank[0].i_sram/i_tc_sram/gen_1_ports.i_xpm_memory_spram/xpm_memory_base_inst/gen_wr_a.gen_byte_narrow.for_mem_cols[1].mem_reg has an input control pin i_croc_soc/i_croc/gen_sram_bank[0].i_sram/i_tc_sram/gen_1_ports.i_xpm_memory_spram/xpm_memory_base_inst/gen_wr_a.gen_byte_narrow.for_mem_cols[1].mem_reg/ADDRARDADDR[13] (net: i_croc_soc/i_croc/gen_sram_bank[0].i_sram/i_tc_sram/gen_1_ports.i_xpm_memory_spram/xpm_memory_base_inst/addra[8]) which is driven by a register (i_croc_soc/i_croc/i_core_wrap/i_ibex/cs_registers_i/u_depc_csr/rdata_q_reg[2]) that has an active asychronous set or reset. This may cause corruption of the memory contents and/or read values when the set/reset is asserted and is not analyzed by the default static timing analysis. It is suggested to eliminate the use of a set/reset to registers driving this RAMB pin or else use a synchronous reset in which the assertion of the reset is timed by default.
Related violations: <none>

REQP-1839#20 Warning
RAMB36 async control check  
The RAMB36E1 i_croc_soc/i_croc/gen_sram_bank[0].i_sram/i_tc_sram/gen_1_ports.i_xpm_memory_spram/xpm_memory_base_inst/gen_wr_a.gen_byte_narrow.for_mem_cols[1].mem_reg has an input control pin i_croc_soc/i_croc/gen_sram_bank[0].i_sram/i_tc_sram/gen_1_ports.i_xpm_memory_spram/xpm_memory_base_inst/gen_wr_a.gen_byte_narrow.for_mem_cols[1].mem_reg/ADDRARDADDR[13] (net: i_croc_soc/i_croc/gen_sram_bank[0].i_sram/i_tc_sram/gen_1_ports.i_xpm_memory_spram/xpm_memory_base_inst/addra[8]) which is driven by a register (i_croc_soc/i_croc/i_core_wrap/i_ibex/cs_registers_i/u_depc_csr/rdata_q_reg[9]) that has an active asychronous set or reset. This may cause corruption of the memory contents and/or read values when the set/reset is asserted and is not analyzed by the default static timing analysis. It is suggested to eliminate the use of a set/reset to registers driving this RAMB pin or else use a synchronous reset in which the assertion of the reset is timed by default.
Related violations: <none>

ZPS7-1#1 Warning
PS7 block required  
The PS7 cell must be used in this Zynq design in order to enable correct default configuration.
Related violations: <none>


