Copyright 1986-2022 Xilinx, Inc. All Rights Reserved. Copyright 2022-2025 Advanced Micro Devices, Inc. All Rights Reserved.
---------------------------------------------------------------------------------------------------------------------------------------------
| Tool Version : Vivado v.2025.2 (lin64) Build 6299465 Fri Nov 14 12:34:56 MST 2025
| Date         : Sat Apr  4 20:57:51 2026
| Host         : devan-astroboy running 64-bit Ubuntu 24.04.4 LTS
| Command      : report_control_sets -verbose -file croc_xilinx_control_sets_placed.rpt
| Design       : croc_xilinx
| Device       : xc7z020
---------------------------------------------------------------------------------------------------------------------------------------------

Control Set Information

Table of Contents
-----------------
1. Summary
2. Histogram
3. Flip-Flop Distribution
4. Detailed Control Set Information

1. Summary
----------

+----------------------------------------------------------+-------+
|                          Status                          | Count |
+----------------------------------------------------------+-------+
| Total control sets                                       |   161 |
|    Minimum number of control sets                        |   161 |
|    Addition due to synthesis replication                 |     0 |
|    Addition due to physical synthesis replication        |     0 |
| Unused register locations in slices containing registers |   304 |
+----------------------------------------------------------+-------+
* Control sets can be merged at opt_design using control_set_merge or merge_equivalent_drivers
** Run report_qor_suggestions for automated merging and remapping suggestions


2. Histogram
------------

+--------------------+-------+
|       Fanout       | Count |
+--------------------+-------+
| Total control sets |   161 |
| >= 0 to < 4        |     1 |
| >= 4 to < 6        |    22 |
| >= 6 to < 8        |     7 |
| >= 8 to < 10       |    29 |
| >= 10 to < 12      |    17 |
| >= 12 to < 14      |     1 |
| >= 14 to < 16      |     0 |
| >= 16              |    84 |
+--------------------+-------+
* Control sets can be remapped at either synth_design or opt_design


3. Flip-Flop Distribution
-------------------------

+--------------+-----------------------+------------------------+-----------------+--------------+
| Clock Enable | Synchronous Set/Reset | Asynchronous Set/Reset | Total Registers | Total Slices |
+--------------+-----------------------+------------------------+-----------------+--------------+
| No           | No                    | No                     |             215 |           84 |
| No           | No                    | Yes                    |             654 |          298 |
| No           | Yes                   | No                     |               0 |            0 |
| Yes          | No                    | No                     |             177 |           56 |
| Yes          | No                    | Yes                    |            3018 |         1547 |
| Yes          | Yes                   | No                     |               0 |            0 |
+--------------+-----------------------+------------------------+-----------------+--------------+


4. Detailed Control Set Information
-----------------------------------

+------------------------------------------------------------------+-------------------------------------------------------------------------------------------------------------------------------------------------------------+-----------------------------------------------------------+------------------+----------------+--------------+
|                           Clock Signal                           |                                                                        Enable Signal                                                                        |                      Set/Reset Signal                     | Slice Load Count | Bel Load Count | Bels / Slice |
+------------------------------------------------------------------+-------------------------------------------------------------------------------------------------------------------------------------------------------------+-----------------------------------------------------------+------------------+----------------+--------------+
|  i_croc_soc/i_croc/i_dmi_jtag/i_dmi_jtag_tap/i_dft_tck_mux/tck_n |                                                                                                                                                             |                                                           |                1 |              1 |         1.00 |
|  i_clkwiz/inst/clk_20                                            | i_croc_soc/i_croc/i_uart/i_uart_register/reg_q_reg[FCR][rx_fifo_rst]_2[0]                                                                                   | i_croc_soc/i_croc/i_BUFGMUX                               |                1 |              4 |         4.00 |
|  i_clkwiz/inst/clk_20                                            | i_croc_soc/i_croc/i_dm_top/i_dm_top/i_dm_csrs/sbaddr_q_reg[7]_10[0]                                                                                         | i_croc_soc/i_croc/i_BUFGMUX                               |                2 |              4 |         2.00 |
|  i_clkwiz/inst/clk_20                                            | i_croc_soc/i_croc/i_dm_top/i_dm_top/i_dm_csrs/sbaddr_q_reg[9]_0[0]                                                                                          | i_croc_soc/i_croc/i_BUFGMUX                               |                2 |              4 |         2.00 |
|  i_clkwiz/inst/clk_20                                            | i_croc_soc/i_croc/i_dm_top/i_dm_top/i_dm_csrs/sbaddr_q_reg[3]_6[0]                                                                                          | i_croc_soc/i_croc/i_BUFGMUX                               |                3 |              4 |         1.33 |
|  i_clkwiz/inst/clk_20                                            | i_croc_soc/i_croc/i_dm_top/i_dm_top/i_dm_csrs/sbaddr_q_reg[3]_5[0]                                                                                          | i_croc_soc/i_croc/i_BUFGMUX                               |                3 |              4 |         1.33 |
|  i_clkwiz/inst/clk_20                                            | i_croc_soc/i_croc/i_uart/i_uart_register/reg_q_reg[FCR][rx_fifo_rst]_1[0]                                                                                   | i_croc_soc/i_croc/i_BUFGMUX                               |                1 |              4 |         4.00 |
|  i_clkwiz/inst/clk_20                                            | i_croc_soc/i_croc/i_dm_top/i_dm_top/i_dm_csrs/cmd_valid_q_reg_0[0]                                                                                          | i_croc_soc/i_croc/i_BUFGMUX                               |                2 |              4 |         2.00 |
|  i_clkwiz/inst/clk_20                                            | i_croc_soc/i_croc/i_uart/i_uart_register/reg_q_reg[FCR][tx_fifo_rst]_1[0]                                                                                   | i_croc_soc/i_croc/i_BUFGMUX                               |                2 |              4 |         2.00 |
|  i_clkwiz/inst/clk_20                                            | i_croc_soc/i_croc/i_core_wrap/i_ibex/id_stage_i/controller_i/ctrl_fsm_ns[0]                                                                                 | i_croc_soc/i_croc/i_BUFGMUX                               |                3 |              4 |         1.33 |
|  i_clkwiz/inst/clk_20                                            | i_croc_soc/i_croc/i_uart/i_uart_register/reg_q_reg[FCR][tx_fifo_rst]_2[0]                                                                                   | i_croc_soc/i_croc/i_BUFGMUX                               |                1 |              4 |         4.00 |
|  i_clkwiz/inst/clk_20                                            |                                                                                                                                                             | i_rstgen/i_rstgen_bypass/synch_regs_q[3]_i_1_n_459        |                1 |              4 |         4.00 |
|  i_clkwiz/inst/clk_20                                            |                                                                                                                                                             | i_rstgen/i_rstgen_bypass/i_BUFGMUX                        |                1 |              4 |         4.00 |
|  i_clkwiz/inst/clk_20                                            | i_croc_soc/i_croc/i_uart/i_uart_rx/i_counter/i_counter/E[0]                                                                                                 | i_croc_soc/i_croc/i_BUFGMUX                               |                2 |              4 |         2.00 |
|  i_clkwiz/inst/clk_20                                            | i_croc_soc/i_croc/i_core_wrap/i_ibex/load_store_unit_i/FSM_onehot_ls_fsm_cs[4]_i_1_n_459                                                                    | i_croc_soc/i_croc/i_BUFGMUX                               |                4 |              5 |         1.25 |
|  i_clkwiz/inst/clk_20                                            | i_croc_soc/i_croc/i_uart/i_uart_rx/i_fifo_v3/status_cnt_q[4]_i_1_n_459                                                                                      | i_croc_soc/i_croc/i_BUFGMUX                               |                3 |              5 |         1.67 |
|  i_clkwiz/inst/clk_20                                            | i_croc_soc/i_croc/i_uart/i_uart_rx/i_counter/i_counter/counter_q[4]_i_1_n_459                                                                               | i_croc_soc/i_croc/i_BUFGMUX                               |                2 |              5 |         2.50 |
|  i_clkwiz/inst/clk_20                                            | i_croc_soc/i_croc/i_uart/i_uart_tx/i_fifo_v3/status_cnt_q[4]_i_1__0_n_459                                                                                   | i_croc_soc/i_croc/i_BUFGMUX                               |                3 |              5 |         1.67 |
|  i_clkwiz/inst/clk_20                                            | i_croc_soc/i_croc/i_uart/i_uart_baudgen/i_oversample_counter/i_counter/E[0]                                                                                 | i_croc_soc/i_croc/i_BUFGMUX                               |                2 |              5 |         2.50 |
|  jtag_tck_i_IBUF_BUFG                                            | i_croc_soc/i_croc/i_dmi_jtag/i_dmi_cdc/i_cdc_req/i_src/FSM_onehot_state_q_reg[3]                                                                            |                                                           |                2 |              5 |         2.50 |
|  jtag_tck_i_IBUF_BUFG                                            | i_croc_soc/i_croc/i_dmi_jtag/i_dmi_jtag_tap/jtag_ir_shift_q[4]_i_1_n_459                                                                                    |                                                           |                2 |              5 |         2.50 |
|  i_clkwiz/inst/clk_20                                            | i_croc_soc/i_croc/i_dm_top/i_dm_top/i_dm_csrs/status_cnt_q_reg[1]_0[0]                                                                                      | i_croc_soc/i_croc/i_BUFGMUX                               |                1 |              5 |         5.00 |
|  jtag_tck_i_IBUF_BUFG                                            | i_croc_soc/i_croc/i_dmi_jtag/i_dmi_jtag_tap/jtag_ir_q[4]_i_1_n_459                                                                                          |                                                           |                3 |              5 |         1.67 |
|  i_clkwiz/inst/clk_20                                            | i_croc_soc/i_croc/i_uart/i_uart_rx/i_counter/i_counter/reg_q_reg[1][0]                                                                                      | i_croc_soc/i_croc/i_BUFGMUX                               |                2 |              6 |         3.00 |
|  i_clkwiz/inst/clk_20                                            | i_croc_soc/i_croc/i_core_wrap/i_ibex/load_store_unit_i/ctrl_update                                                                                          | i_croc_soc/i_croc/i_BUFGMUX                               |                4 |              6 |         1.50 |
|  i_clkwiz/inst/clk_20                                            | i_croc_soc/i_croc/i_uart/i_uart_tx/i_fifo_v3/E[0]                                                                                                           | i_croc_soc/i_croc/i_BUFGMUX                               |                4 |              6 |         1.50 |
|  i_clkwiz/inst/clk_20                                            | i_croc_soc/i_croc/i_uart/i_uart_register/reg_q_reg[FCR][fifo_en]_1[0]                                                                                       | i_croc_soc/i_croc/i_BUFGMUX                               |                3 |              6 |         2.00 |
|  i_clkwiz/inst/clk_20                                            | i_croc_soc/i_croc/i_core_wrap/i_ibex/id_stage_i/controller_i/debug_mode_q_reg_3[0]                                                                          | i_croc_soc/i_croc/i_BUFGMUX                               |                3 |              6 |         2.00 |
|  i_clkwiz/inst/clk_20                                            | i_croc_soc/i_croc/i_core_wrap/i_ibex/if_stage_i/debug_mode_q_reg_2[0]                                                                                       | i_croc_soc/i_croc/i_BUFGMUX                               |                6 |              7 |         1.17 |
|  jtag_tck_i_IBUF_BUFG                                            | i_croc_soc/i_croc/i_dmi_jtag/i_dmi_jtag_tap/FSM_onehot_tap_state_q_reg[15]_1                                                                                |                                                           |                3 |              7 |         2.33 |
|  i_clkwiz/inst/clk_20                                            | i_croc_soc/i_croc/i_uart/i_uart_tx/i_fifo_v3/mem_q[11][7]_i_1_n_459                                                                                         | i_croc_soc/i_croc/i_BUFGMUX                               |                4 |              8 |         2.00 |
|  i_clkwiz/inst/clk_20                                            | i_croc_soc/i_croc/i_uart/i_uart_tx/i_fifo_v3/mem_q[0][7]_i_1__0_n_459                                                                                       | i_croc_soc/i_croc/i_BUFGMUX                               |                2 |              8 |         4.00 |
|  i_clkwiz/inst/clk_20                                            | i_croc_soc/i_croc/i_uart/i_uart_tx/i_fifo_v3/mem_q[10][7]_i_1_n_459                                                                                         | i_croc_soc/i_croc/i_BUFGMUX                               |                1 |              8 |         8.00 |
|  i_clkwiz/inst/clk_20                                            | i_croc_soc/i_croc/i_dm_top/i_dm_top/i_dm_csrs/sbaddr_q_reg[2]_3[0]                                                                                          | i_croc_soc/i_croc/i_BUFGMUX                               |                4 |              8 |         2.00 |
|  i_clkwiz/inst/clk_20                                            | i_croc_soc/i_croc/i_dm_top/i_dm_top/i_dm_csrs/reg_q_reg[LCR][dlab]_1[0]                                                                                     | i_croc_soc/i_croc/i_BUFGMUX                               |                2 |              8 |         4.00 |
|  i_clkwiz/inst/clk_20                                            | i_croc_soc/i_croc/i_dm_top/i_dm_top/i_dm_csrs/reg_q_reg[LCR][dlab]_0[0]                                                                                     | i_croc_soc/i_croc/i_BUFGMUX                               |                3 |              8 |         2.67 |
|  i_clkwiz/inst/clk_20                                            | i_croc_soc/i_croc/i_dm_top/i_dm_top/i_dm_csrs/reg_q_reg[LCR][dlab]_3                                                                                        | i_croc_soc/i_croc/i_BUFGMUX                               |                3 |              8 |         2.67 |
|  i_clkwiz/inst/clk_20                                            | i_croc_soc/i_croc/i_dm_top/i_dm_top/i_dm_csrs/reg_d26_out                                                                                                   | i_croc_soc/i_croc/i_BUFGMUX                               |                3 |              8 |         2.67 |
|  i_clkwiz/inst/clk_20                                            | i_croc_soc/i_croc/i_dm_top/i_dm_top/i_dm_csrs/reg_d23_out                                                                                                   | i_croc_soc/i_croc/i_BUFGMUX                               |                3 |              8 |         2.67 |
|  i_clkwiz/inst/clk_20                                            | i_croc_soc/i_croc/i_uart/i_uart_tx/i_fifo_v3/mem_q[13][7]_i_1_n_459                                                                                         | i_croc_soc/i_croc/i_BUFGMUX                               |                1 |              8 |         8.00 |
|  i_clkwiz/inst/clk_20                                            | i_croc_soc/i_croc/i_uart/i_uart_tx/i_fifo_v3/mem_q[14][7]_i_1_n_459                                                                                         | i_croc_soc/i_croc/i_BUFGMUX                               |                1 |              8 |         8.00 |
|  i_clkwiz/inst/clk_20                                            | i_croc_soc/i_croc/i_uart/i_uart_tx/tsr_empty                                                                                                                | i_croc_soc/i_croc/i_BUFGMUX                               |                4 |              8 |         2.00 |
|  i_clkwiz/inst/clk_20                                            | i_croc_soc/i_croc/i_uart/i_uart_tx/i_fifo_v3/mem_q[1][7]_i_1_n_459                                                                                          | i_croc_soc/i_croc/i_BUFGMUX                               |                2 |              8 |         4.00 |
|  i_clkwiz/inst/clk_20                                            | i_croc_soc/i_croc/i_uart/i_uart_tx/i_fifo_v3/mem_q[0]                                                                                                       | i_croc_soc/i_croc/i_BUFGMUX                               |                1 |              8 |         8.00 |
|  i_clkwiz/inst/clk_20                                            | i_croc_soc/i_croc/i_uart/i_uart_tx/i_fifo_v3/mem_q[2][7]_i_1_n_459                                                                                          | i_croc_soc/i_croc/i_BUFGMUX                               |                4 |              8 |         2.00 |
|  i_clkwiz/inst/clk_20                                            | i_croc_soc/i_croc/i_uart/i_uart_tx/i_fifo_v3/mem_q[3][7]_i_1_n_459                                                                                          | i_croc_soc/i_croc/i_BUFGMUX                               |                3 |              8 |         2.67 |
|  i_clkwiz/inst/clk_20                                            | i_croc_soc/i_croc/i_uart/i_uart_tx/i_fifo_v3/mem_q[4][7]_i_1_n_459                                                                                          | i_croc_soc/i_croc/i_BUFGMUX                               |                3 |              8 |         2.67 |
|  i_clkwiz/inst/clk_20                                            | i_croc_soc/i_croc/i_uart/i_uart_tx/i_fifo_v3/mem_q[5][7]_i_1_n_459                                                                                          | i_croc_soc/i_croc/i_BUFGMUX                               |                5 |              8 |         1.60 |
|  i_clkwiz/inst/clk_20                                            | i_croc_soc/i_croc/i_uart/i_uart_tx/i_fifo_v3/mem_q[12][7]_i_1_n_459                                                                                         | i_croc_soc/i_croc/i_BUFGMUX                               |                2 |              8 |         4.00 |
|  i_clkwiz/inst/clk_20                                            | i_croc_soc/i_croc/i_uart/i_uart_tx/i_fifo_v3/mem_q[6][7]_i_1_n_459                                                                                          | i_croc_soc/i_croc/i_BUFGMUX                               |                2 |              8 |         4.00 |
|  i_clkwiz/inst/clk_20                                            | i_croc_soc/i_croc/i_uart/i_uart_tx/i_fifo_v3/mem_q[7][7]_i_1_n_459                                                                                          | i_croc_soc/i_croc/i_BUFGMUX                               |                2 |              8 |         4.00 |
|  i_clkwiz/inst/clk_20                                            | i_croc_soc/i_croc/i_uart/i_uart_tx/i_fifo_v3/mem_q[8][7]_i_1_n_459                                                                                          | i_croc_soc/i_croc/i_BUFGMUX                               |                2 |              8 |         4.00 |
|  i_clkwiz/inst/clk_20                                            | i_croc_soc/i_croc/i_uart/i_uart_tx/i_fifo_v3/mem_q[9][7]_i_1_n_459                                                                                          | i_croc_soc/i_croc/i_BUFGMUX                               |                8 |              8 |         1.00 |
|  i_clkwiz/inst/clk_20                                            | i_croc_soc/i_croc/i_dmi_jtag/i_dmi_cdc/i_cdc_resp/i_cdc_reset_ctrlr/i_cdc_reset_ctrlr_half_a/i_state_transition_cdc_src/E[0]                                | i_croc_soc/i_croc/i_BUFGMUX                               |                3 |              9 |         3.00 |
|  jtag_tck_i_IBUF_BUFG                                            | i_croc_soc/i_croc/i_dmi_jtag/i_dmi_cdc/i_cdc_req/i_cdc_reset_ctrlr/i_cdc_reset_ctrlr_half_a/i_state_transition_cdc_src/FSM_onehot_initiator_state_q_reg[8]  |                                                           |                2 |              9 |         4.50 |
|  i_clkwiz/inst/clk_20                                            | i_croc_soc/i_croc/i_uart/i_uart_register/word_addr_q_reg[0]_0[0]                                                                                            | i_croc_soc/i_croc/i_BUFGMUX                               |                5 |              9 |         1.80 |
|  i_clkwiz/inst/clk_20                                            | i_croc_soc/i_croc/i_core_wrap/i_ibex/id_stage_i/controller_i/rdata_q[15]_i_4__1[0]                                                                          | i_croc_soc/i_croc/i_BUFGMUX                               |                4 |              9 |         2.25 |
|  i_clkwiz/inst/clk_20                                            | i_croc_soc/i_croc/i_dmi_jtag/i_dmi_cdc/i_cdc_req/i_cdc_reset_ctrlr/i_cdc_reset_ctrlr_half_b/i_state_transition_cdc_src/E[0]                                 | i_croc_soc/i_croc/i_BUFGMUX                               |                3 |              9 |         3.00 |
|  jtag_tck_i_IBUF_BUFG                                            | i_croc_soc/i_croc/i_dmi_jtag/i_dmi_cdc/i_cdc_resp/i_cdc_reset_ctrlr/i_cdc_reset_ctrlr_half_b/i_state_transition_cdc_src/FSM_onehot_initiator_state_q_reg[8] |                                                           |                4 |              9 |         2.25 |
|  i_clkwiz/inst/clk_20                                            | i_croc_soc/i_croc/i_dm_top/i_dm_top/i_dm_mem/FSM_onehot_state_q_reg[3]_0[0]                                                                                 | i_croc_soc/i_croc/i_BUFGMUX                               |                3 |             10 |         3.33 |
|  i_clkwiz/inst/clk_20                                            | i_croc_soc/i_croc/i_uart/i_uart_rx/i_fifo_v3/mem_q[6][10]_i_1_n_459                                                                                         | i_croc_soc/i_croc/i_BUFGMUX                               |                4 |             11 |         2.75 |
|  i_clkwiz/inst/clk_20                                            | i_croc_soc/i_croc/i_uart/i_uart_rx/i_fifo_v3/mem_q[0][10]_i_1__0_n_459                                                                                      | i_croc_soc/i_croc/i_BUFGMUX                               |                3 |             11 |         3.67 |
|  i_clkwiz/inst/clk_20                                            | i_croc_soc/i_croc/i_uart/i_uart_rx/i_fifo_v3/mem_q[0]                                                                                                       | i_croc_soc/i_croc/i_BUFGMUX                               |                2 |             11 |         5.50 |
|  i_clkwiz/inst/clk_20                                            | i_croc_soc/i_croc/i_uart/i_uart_rx/i_fifo_v3/mem_q[9][10]_i_1_n_459                                                                                         | i_croc_soc/i_croc/i_BUFGMUX                               |                7 |             11 |         1.57 |
|  i_clkwiz/inst/clk_20                                            | i_croc_soc/i_croc/i_uart/i_uart_rx/i_fifo_v3/mem_q[8][10]_i_1_n_459                                                                                         | i_croc_soc/i_croc/i_BUFGMUX                               |                4 |             11 |         2.75 |
|  i_clkwiz/inst/clk_20                                            | i_croc_soc/i_croc/i_uart/i_uart_rx/i_fifo_v3/mem_q[7][10]_i_1_n_459                                                                                         | i_croc_soc/i_croc/i_BUFGMUX                               |                4 |             11 |         2.75 |
|  i_clkwiz/inst/clk_20                                            | i_croc_soc/i_croc/i_uart/i_uart_rx/i_fifo_v3/mem_q[5][10]_i_1_n_459                                                                                         | i_croc_soc/i_croc/i_BUFGMUX                               |                4 |             11 |         2.75 |
|  i_clkwiz/inst/clk_20                                            | i_croc_soc/i_croc/i_uart/i_uart_rx/i_fifo_v3/mem_q[4][10]_i_1_n_459                                                                                         | i_croc_soc/i_croc/i_BUFGMUX                               |                2 |             11 |         5.50 |
|  i_clkwiz/inst/clk_20                                            | i_croc_soc/i_croc/i_uart/i_uart_rx/i_fifo_v3/mem_q[3][10]_i_1_n_459                                                                                         | i_croc_soc/i_croc/i_BUFGMUX                               |                2 |             11 |         5.50 |
|  i_clkwiz/inst/clk_20                                            | i_croc_soc/i_croc/i_uart/i_uart_rx/i_fifo_v3/mem_q[2][10]_i_1_n_459                                                                                         | i_croc_soc/i_croc/i_BUFGMUX                               |                2 |             11 |         5.50 |
|  i_clkwiz/inst/clk_20                                            | i_croc_soc/i_croc/i_uart/i_uart_rx/i_fifo_v3/mem_q[14][10]_i_1_n_459                                                                                        | i_croc_soc/i_croc/i_BUFGMUX                               |                4 |             11 |         2.75 |
|  i_clkwiz/inst/clk_20                                            | i_croc_soc/i_croc/i_uart/i_uart_rx/i_fifo_v3/mem_q[13][10]_i_1_n_459                                                                                        | i_croc_soc/i_croc/i_BUFGMUX                               |                4 |             11 |         2.75 |
|  i_clkwiz/inst/clk_20                                            | i_croc_soc/i_croc/i_uart/i_uart_rx/i_fifo_v3/mem_q[12][10]_i_1_n_459                                                                                        | i_croc_soc/i_croc/i_BUFGMUX                               |                5 |             11 |         2.20 |
|  i_clkwiz/inst/clk_20                                            | i_croc_soc/i_croc/i_uart/i_uart_rx/i_fifo_v3/mem_q[11][10]_i_1_n_459                                                                                        | i_croc_soc/i_croc/i_BUFGMUX                               |                2 |             11 |         5.50 |
|  i_clkwiz/inst/clk_20                                            | i_croc_soc/i_croc/i_uart/i_uart_rx/i_fifo_v3/mem_q[10][10]_i_1_n_459                                                                                        | i_croc_soc/i_croc/i_BUFGMUX                               |                2 |             11 |         5.50 |
|  i_clkwiz/inst/clk_20                                            | i_croc_soc/i_croc/i_uart/i_uart_rx/i_fifo_v3/mem_q[1][10]_i_1_n_459                                                                                         | i_croc_soc/i_croc/i_BUFGMUX                               |                3 |             11 |         3.67 |
|  i_clkwiz/inst/clk_20                                            | i_croc_soc/i_croc/i_dmi_jtag/i_dmi_cdc/i_cdc_req/i_dst/data_dst_q_reg[addr][2]_1                                                                            | i_croc_soc/i_croc/i_BUFGMUX                               |                6 |             12 |         2.00 |
|  i_clkwiz/inst/clk_20                                            | i_croc_soc/i_croc/i_dm_top/i_dm_top/i_dm_csrs/reg_q_reg[LCR][dlab][0]                                                                                       | i_croc_soc/i_croc/i_BUFGMUX                               |                5 |             16 |         3.20 |
|  i_clkwiz/inst/clk_20                                            |                                                                                                                                                             | i_rstgen/i_rstgen_bypass/i_tc_clk_mux2_rst_no/i_BUFGMUX_0 |                8 |             17 |         2.12 |
|  i_clkwiz/inst/clk_20                                            | i_croc_soc/i_croc/i_core_wrap/i_ibex/if_stage_i/instr_rdata_id_o_reg[12]_18[0]                                                                              | i_croc_soc/i_croc/i_BUFGMUX                               |               11 |             19 |         1.73 |
|  i_clkwiz/inst/clk_20                                            | i_croc_soc/i_croc/i_core_wrap/i_ibex/load_store_unit_i/rdata_update                                                                                         | i_croc_soc/i_croc/i_BUFGMUX                               |               10 |             24 |         2.40 |
|  i_clkwiz/inst/clk_20                                            | i_croc_soc/i_croc/i_core_wrap/i_ibex/if_stage_i/instr_rdata_id_o_reg[12]_15[0]                                                                              | i_croc_soc/i_croc/i_BUFGMUX                               |               12 |             24 |         2.00 |
|  i_clkwiz/inst/clk_20                                            | i_croc_soc/i_croc/i_dmi_jtag/i_dmi_cdc/i_cdc_req/i_dst/data_dst_q_reg[addr][1]_4[0]                                                                         | i_croc_soc/i_croc/i_BUFGMUX                               |                9 |             30 |         3.33 |
|  i_clkwiz/inst/clk_20                                            | i_croc_soc/i_croc/i_core_wrap/i_ibex/if_stage_i/prefetch_buffer_i/fifo_i/valid_req_q_reg[0]                                                                 | i_croc_soc/i_croc/i_BUFGMUX                               |                8 |             30 |         3.75 |
|  i_clkwiz/inst/clk_20                                            | i_croc_soc/i_croc/i_core_wrap/i_ibex/if_stage_i/prefetch_buffer_i/fifo_i/E[0]                                                                               | i_croc_soc/i_croc/i_BUFGMUX                               |               14 |             30 |         2.14 |
|  i_clkwiz/inst/clk_20                                            | i_croc_soc/i_croc/i_core_wrap/i_ibex/if_stage_i/debug_mode_q_reg_3[0]                                                                                       | i_croc_soc/i_croc/i_BUFGMUX                               |               21 |             31 |         1.48 |
|  i_clkwiz/inst/clk_20                                            | i_croc_soc/i_croc/i_core_wrap/i_ibex/id_stage_i/controller_i/E[0]                                                                                           | i_croc_soc/i_croc/i_BUFGMUX                               |               12 |             31 |         2.58 |
|  i_clkwiz/inst/clk_20                                            | i_croc_soc/i_croc/i_core_wrap/i_ibex/if_stage_i/rdata_q[31]_i_5__5_0[0]                                                                                     | i_croc_soc/i_croc/i_BUFGMUX                               |               17 |             31 |         1.82 |
|  jtag_tck_i_IBUF_BUFG                                            | i_croc_soc/i_croc/i_dmi_jtag/i_dmi_jtag_tap/idcode_q[31]_i_1_n_459                                                                                          |                                                           |                9 |             32 |         3.56 |
|  jtag_tck_i_IBUF_BUFG                                            | i_croc_soc/i_croc/i_dmi_jtag/i_dmi_cdc/i_cdc_resp/i_dst/FSM_onehot_state_q_reg[2]                                                                           |                                                           |               10 |             32 |         3.20 |
|  i_clkwiz/inst/clk_20                                            | i_croc_soc/i_croc/i_dmi_jtag/i_dmi_cdc/i_cdc_req/i_dst/data_dst_q_reg[addr][2]_0[0]                                                                         | i_croc_soc/i_croc/i_BUFGMUX                               |               17 |             32 |         1.88 |
|  jtag_tck_i_IBUF_BUFG                                            | i_croc_soc/i_croc/i_dmi_jtag/i_dmi_jtag_tap/dtmcs_d[0]                                                                                                      |                                                           |                9 |             32 |         3.56 |
|  i_clkwiz/inst/clk_20                                            | i_croc_soc/i_croc/i_dmi_jtag/i_dmi_cdc/i_cdc_req/i_dst/data_dst_q_reg[addr][1]_3[0]                                                                         | i_croc_soc/i_croc/i_BUFGMUX                               |               17 |             32 |         1.88 |
|  i_clkwiz/inst/clk_20                                            | i_croc_soc/i_croc/i_dmi_jtag/i_dmi_cdc/i_cdc_req/i_dst/data_dst_q_reg[addr][1]_2[0]                                                                         | i_croc_soc/i_croc/i_BUFGMUX                               |               23 |             32 |         1.39 |
|  i_clkwiz/inst/clk_20                                            | i_croc_soc/i_croc/i_dmi_jtag/i_dmi_cdc/i_cdc_req/i_dst/data_dst_q_reg[addr][1]_1[0]                                                                         | i_croc_soc/i_croc/i_BUFGMUX                               |               18 |             32 |         1.78 |
|  i_clkwiz/inst/clk_20                                            | i_croc_soc/i_croc/i_core_wrap/i_ibex/if_stage_i/instr_rdata_id_o_reg[7]_1[0]                                                                                | i_croc_soc/i_croc/i_BUFGMUX                               |               18 |             32 |         1.78 |
|  i_clkwiz/inst/clk_20                                            | i_croc_soc/i_croc/i_core_wrap/i_ibex/if_stage_i/instr_rdata_id_o_reg[8]_5[0]                                                                                | i_croc_soc/i_croc/i_BUFGMUX                               |               18 |             32 |         1.78 |
|  i_clkwiz/inst/clk_20                                            | i_croc_soc/i_croc/i_core_wrap/i_ibex/if_stage_i/instr_rdata_id_o_reg[8]_4[0]                                                                                | i_croc_soc/i_croc/i_BUFGMUX                               |               22 |             32 |         1.45 |
|  i_clkwiz/inst/clk_20                                            | i_croc_soc/i_croc/i_core_wrap/i_ibex/if_stage_i/instr_rdata_id_o_reg[8]_3[0]                                                                                | i_croc_soc/i_croc/i_BUFGMUX                               |               22 |             32 |         1.45 |
|  i_clkwiz/inst/clk_20                                            | i_croc_soc/i_croc/i_core_wrap/i_ibex/if_stage_i/instr_rdata_id_o_reg[8]_2[0]                                                                                | i_croc_soc/i_croc/i_BUFGMUX                               |               23 |             32 |         1.39 |
|  i_clkwiz/inst/clk_20                                            | i_croc_soc/i_croc/i_core_wrap/i_ibex/if_stage_i/instr_rdata_id_o_reg[8]_1[0]                                                                                | i_croc_soc/i_croc/i_BUFGMUX                               |               24 |             32 |         1.33 |
|  i_clkwiz/inst/clk_20                                            | i_croc_soc/i_croc/i_core_wrap/i_ibex/if_stage_i/instr_rdata_id_o_reg[8]_0[0]                                                                                | i_croc_soc/i_croc/i_BUFGMUX                               |               24 |             32 |         1.33 |
|  i_clkwiz/inst/clk_20                                            | i_croc_soc/i_croc/i_core_wrap/i_ibex/if_stage_i/instr_rdata_id_o_reg[7]_9[0]                                                                                | i_croc_soc/i_croc/i_BUFGMUX                               |               16 |             32 |         2.00 |
|  i_clkwiz/inst/clk_20                                            | i_croc_soc/i_croc/i_core_wrap/i_ibex/if_stage_i/instr_rdata_id_o_reg[7]_8[0]                                                                                | i_croc_soc/i_croc/i_BUFGMUX                               |               17 |             32 |         1.88 |
|  i_clkwiz/inst/clk_20                                            | i_croc_soc/i_croc/i_core_wrap/i_ibex/if_stage_i/instr_rdata_id_o_reg[7]_7[0]                                                                                | i_croc_soc/i_croc/i_BUFGMUX                               |               16 |             32 |         2.00 |
|  i_clkwiz/inst/clk_20                                            | i_croc_soc/i_croc/i_core_wrap/i_ibex/if_stage_i/instr_rdata_id_o_reg[7]_6[0]                                                                                | i_croc_soc/i_croc/i_BUFGMUX                               |               16 |             32 |         2.00 |
|  i_clkwiz/inst/clk_20                                            | i_croc_soc/i_croc/i_core_wrap/i_ibex/if_stage_i/instr_rdata_id_o_reg[7]_5[0]                                                                                | i_croc_soc/i_croc/i_BUFGMUX                               |               22 |             32 |         1.45 |
|  i_clkwiz/inst/clk_20                                            | i_croc_soc/i_croc/i_core_wrap/i_ibex/if_stage_i/instr_rdata_id_o_reg[7]_4[0]                                                                                | i_croc_soc/i_croc/i_BUFGMUX                               |               17 |             32 |         1.88 |
|  i_clkwiz/inst/clk_20                                            | i_croc_soc/i_croc/i_core_wrap/i_ibex/if_stage_i/instr_rdata_id_o_reg[7]_3[0]                                                                                | i_croc_soc/i_croc/i_BUFGMUX                               |               20 |             32 |         1.60 |
|  i_clkwiz/inst/clk_20                                            | i_croc_soc/i_croc/i_core_wrap/i_ibex/if_stage_i/instr_rdata_id_o_reg[7]_2[0]                                                                                | i_croc_soc/i_croc/i_BUFGMUX                               |               24 |             32 |         1.33 |
|  i_clkwiz/inst/clk_20                                            | i_croc_soc/i_croc/i_dmi_jtag/i_dmi_cdc/i_cdc_req/i_dst/data_dst_q_reg[addr][0]_4[1]                                                                         | i_croc_soc/i_croc/i_BUFGMUX                               |               18 |             32 |         1.78 |
|  i_clkwiz/inst/clk_20                                            | i_croc_soc/i_croc/i_core_wrap/i_ibex/if_stage_i/instr_rdata_id_o_reg[7]_0[0]                                                                                | i_croc_soc/i_croc/i_BUFGMUX                               |               18 |             32 |         1.78 |
|  i_clkwiz/inst/clk_20                                            | i_croc_soc/i_croc/i_core_wrap/i_ibex/if_stage_i/instr_rdata_id_o_reg[12]_17[0]                                                                              | i_croc_soc/i_croc/i_BUFGMUX                               |               21 |             32 |         1.52 |
|  i_clkwiz/inst/clk_20                                            | i_croc_soc/i_croc/i_core_wrap/i_ibex/if_stage_i/instr_rdata_id_o_reg[11]_5[0]                                                                               | i_croc_soc/i_croc/i_BUFGMUX                               |               23 |             32 |         1.39 |
|  i_clkwiz/inst/clk_20                                            | i_croc_soc/i_croc/i_core_wrap/i_ibex/if_stage_i/instr_rdata_id_o_reg[11]_4[0]                                                                               | i_croc_soc/i_croc/i_BUFGMUX                               |               22 |             32 |         1.45 |
|  i_clkwiz/inst/clk_20                                            | i_croc_soc/i_croc/i_core_wrap/i_ibex/if_stage_i/instr_rdata_id_o_reg[11]_3[0]                                                                               | i_croc_soc/i_croc/i_BUFGMUX                               |               26 |             32 |         1.23 |
|  i_clkwiz/inst/clk_20                                            | i_croc_soc/i_croc/i_core_wrap/i_ibex/if_stage_i/instr_rdata_id_o_reg[11]_2[0]                                                                               | i_croc_soc/i_croc/i_BUFGMUX                               |               21 |             32 |         1.52 |
|  i_clkwiz/inst/clk_20                                            | i_croc_soc/i_croc/i_core_wrap/i_ibex/if_stage_i/instr_rdata_id_o_reg[11]_1[0]                                                                               | i_croc_soc/i_croc/i_BUFGMUX                               |               23 |             32 |         1.39 |
|  i_clkwiz/inst/clk_20                                            | i_croc_soc/i_croc/i_core_wrap/i_ibex/if_stage_i/instr_rdata_id_o_reg[11]_0[0]                                                                               | i_croc_soc/i_croc/i_BUFGMUX                               |               20 |             32 |         1.60 |
|  i_clkwiz/inst/clk_20                                            | i_croc_soc/i_croc/i_core_wrap/i_ibex/if_stage_i/instr_rdata_id_o_reg[10]_0[0]                                                                               | i_croc_soc/i_croc/i_BUFGMUX                               |               25 |             32 |         1.28 |
|  i_clkwiz/inst/clk_20                                            | i_croc_soc/i_croc/i_core_wrap/i_ibex/if_stage_i/debug_mode_q_reg_1[0]                                                                                       | i_croc_soc/i_croc/i_BUFGMUX                               |               17 |             32 |         1.88 |
|  i_clkwiz/inst/clk_20                                            | i_croc_soc/i_croc/i_core_wrap/i_ibex/if_stage_i/debug_mode_q_reg_0[0]                                                                                       | i_croc_soc/i_croc/i_BUFGMUX                               |               12 |             32 |         2.67 |
|  i_clkwiz/inst/clk_20                                            | i_croc_soc/i_croc/i_core_wrap/i_ibex/if_stage_i/debug_mode_q_reg[1]                                                                                         | i_croc_soc/i_croc/i_BUFGMUX                               |               12 |             32 |         2.67 |
|  i_clkwiz/inst/clk_20                                            | i_croc_soc/i_croc/i_core_wrap/i_ibex/if_stage_i/debug_mode_q_reg[0]                                                                                         | i_croc_soc/i_croc/i_BUFGMUX                               |               14 |             32 |         2.29 |
|  i_clkwiz/inst/clk_20                                            | i_croc_soc/i_croc/i_core_wrap/i_ibex/if_stage_i/instr_rdata_id_o_reg[8]_7[0]                                                                                | i_croc_soc/i_croc/i_BUFGMUX                               |               18 |             32 |         1.78 |
|  i_clkwiz/inst/clk_20                                            | i_croc_soc/i_croc/i_dmi_jtag/i_dmi_cdc/i_cdc_req/i_dst/data_dst_q_reg[addr][1]_0[0]                                                                         | i_croc_soc/i_croc/i_BUFGMUX                               |               14 |             32 |         2.29 |
|  i_clkwiz/inst/clk_20                                            | i_croc_soc/i_croc/i_dmi_jtag/i_dmi_cdc/i_cdc_req/i_dst/data_dst_q_reg[addr][0]_4[0]                                                                         | i_croc_soc/i_croc/i_BUFGMUX                               |               17 |             32 |         1.88 |
|  i_clkwiz/inst/clk_20                                            | i_croc_soc/i_croc/i_dmi_jtag/i_dmi_cdc/i_cdc_req/i_dst/data_dst_q_reg[addr][0]_2[0]                                                                         | i_croc_soc/i_croc/i_BUFGMUX                               |               18 |             32 |         1.78 |
|  i_clkwiz/inst/clk_20                                            | i_croc_soc/i_croc/i_dmi_jtag/i_dmi_cdc/i_cdc_req/i_dst/data_dst_q_reg[addr][0]_1[0]                                                                         | i_croc_soc/i_croc/i_BUFGMUX                               |               16 |             32 |         2.00 |
|  i_clkwiz/inst/clk_20                                            | i_croc_soc/i_croc/i_dmi_jtag/i_dmi_cdc/i_cdc_req/i_dst/data_dst_q_reg[addr][0]_0[0]                                                                         | i_croc_soc/i_croc/i_BUFGMUX                               |               15 |             32 |         2.13 |
|  i_clkwiz/inst/clk_20                                            | i_croc_soc/i_croc/i_dm_top/i_dm_top/i_dm_csrs/status_cnt_q_reg[0]_3[0]                                                                                      | i_croc_soc/i_croc/i_BUFGMUX                               |                9 |             32 |         3.56 |
|  i_clkwiz/inst/clk_20                                            | i_croc_soc/i_croc/i_dm_top/i_dm_top/i_dm_csrs/status_cnt_q_reg[0]_2[0]                                                                                      | i_croc_soc/i_croc/i_BUFGMUX                               |               20 |             32 |         1.60 |
|  i_clkwiz/inst/clk_20                                            | i_croc_soc/i_croc/i_dm_top/i_dm_top/i_dm_csrs/sbaddr_q_reg[3]_8[0]                                                                                          | i_croc_soc/i_croc/i_BUFGMUX                               |               12 |             32 |         2.67 |
|  i_clkwiz/inst/clk_20                                            | i_croc_soc/i_croc/i_dm_top/i_dm_top/i_dm_csrs/sbaddr_q_reg[3]_7[0]                                                                                          | i_croc_soc/i_croc/i_BUFGMUX                               |                9 |             32 |         3.56 |
|  i_clkwiz/inst/clk_20                                            | i_croc_soc/i_croc/i_dm_top/i_dm_top/i_dm_csrs/sbaddr_q_reg[3]_3[0]                                                                                          | i_croc_soc/i_croc/i_BUFGMUX                               |               12 |             32 |         2.67 |
|  i_clkwiz/inst/clk_20                                            | i_croc_soc/i_croc/i_core_wrap/i_ibex/if_stage_i/instr_rdata_id_o_reg[8]_6[0]                                                                                | i_croc_soc/i_croc/i_BUFGMUX                               |               16 |             32 |         2.00 |
|  i_clkwiz/inst/clk_20                                            | i_croc_soc/i_croc/i_dm_top/i_dm_top/i_dm_csrs/E[0]                                                                                                          | i_croc_soc/i_croc/i_BUFGMUX                               |                8 |             32 |         4.00 |
|  i_clkwiz/inst/clk_20                                            | i_croc_soc/i_croc/i_dm_top/i_dm_top/i_dm_csrs/data_q[1][31]_i_1_n_459                                                                                       | i_croc_soc/i_croc/i_BUFGMUX                               |               17 |             32 |         1.88 |
|  i_clkwiz/inst/clk_20                                            | i_croc_soc/i_croc/i_dm_top/i_dm_top/i_dm_csrs/data_q[0][31]_i_1_n_459                                                                                       | i_croc_soc/i_croc/i_BUFGMUX                               |               21 |             32 |         1.52 |
|  i_clkwiz/inst/clk_20                                            | i_croc_soc/i_croc/i_core_wrap/i_ibex/load_store_unit_i/addr_update                                                                                          | i_croc_soc/i_croc/i_BUFGMUX                               |               10 |             32 |         3.20 |
|  i_clkwiz/inst/clk_20                                            | i_croc_soc/i_croc/i_core_wrap/i_ibex/if_stage_i/rdata_q[31]_i_3__2_1[0]                                                                                     | i_croc_soc/i_croc/i_BUFGMUX                               |               21 |             32 |         1.52 |
|  i_clkwiz/inst/clk_20                                            | i_croc_soc/i_croc/i_core_wrap/i_ibex/if_stage_i/rdata_q[31]_i_3__1_0[0]                                                                                     | i_croc_soc/i_croc/i_BUFGMUX                               |               18 |             32 |         1.78 |
|  i_clkwiz/inst/clk_20                                            | i_croc_soc/i_croc/i_core_wrap/i_ibex/if_stage_i/mcountinhibit_q_reg[0][1]                                                                                   | i_croc_soc/i_croc/i_BUFGMUX                               |               17 |             32 |         1.88 |
|  i_clkwiz/inst/clk_20                                            | i_croc_soc/i_croc/i_core_wrap/i_ibex/if_stage_i/mcountinhibit_q_reg[0][0]                                                                                   | i_croc_soc/i_croc/i_BUFGMUX                               |               17 |             32 |         1.88 |
|  i_clkwiz/inst/clk_20                                            | i_croc_soc/i_croc/i_core_wrap/i_ibex/if_stage_i/instr_rdata_id_o_reg[9]_4[0]                                                                                | i_croc_soc/i_croc/i_BUFGMUX                               |               20 |             32 |         1.60 |
|  i_clkwiz/inst/clk_20                                            | i_croc_soc/i_croc/i_core_wrap/i_ibex/if_stage_i/instr_rdata_id_o_reg[9]_3[0]                                                                                | i_croc_soc/i_croc/i_BUFGMUX                               |               20 |             32 |         1.60 |
|  i_clkwiz/inst/clk_20                                            | i_croc_soc/i_croc/i_core_wrap/i_ibex/if_stage_i/instr_rdata_id_o_reg[9]_2[0]                                                                                | i_croc_soc/i_croc/i_BUFGMUX                               |               23 |             32 |         1.39 |
|  i_clkwiz/inst/clk_20                                            | i_croc_soc/i_croc/i_core_wrap/i_ibex/if_stage_i/instr_rdata_id_o_reg[9]_1[0]                                                                                | i_croc_soc/i_croc/i_BUFGMUX                               |               23 |             32 |         1.39 |
|  i_clkwiz/inst/clk_20                                            | i_croc_soc/i_croc/i_core_wrap/i_ibex/if_stage_i/instr_rdata_id_o_reg[9]_0[0]                                                                                | i_croc_soc/i_croc/i_BUFGMUX                               |               20 |             32 |         1.60 |
|  i_clkwiz/inst/clk_20                                            | i_croc_soc/i_croc/i_core_wrap/i_ibex/if_stage_i/instr_rdata_id_o_reg[8]_8[0]                                                                                | i_croc_soc/i_croc/i_BUFGMUX                               |               17 |             32 |         1.88 |
|  i_clkwiz/inst/clk_20                                            | i_croc_soc/i_croc/i_core_wrap/i_ibex/if_stage_i/prefetch_buffer_i/fifo_i/entry_en_2                                                                         | i_croc_soc/i_croc/i_BUFGMUX                               |               11 |             33 |         3.00 |
|  i_clkwiz/inst/clk_20                                            | i_croc_soc/i_croc/i_core_wrap/i_ibex/if_stage_i/prefetch_buffer_i/fifo_i/entry_en_0                                                                         | i_croc_soc/i_croc/i_BUFGMUX                               |               24 |             33 |         1.38 |
|  i_clkwiz/inst/clk_20                                            | i_croc_soc/i_croc/i_core_wrap/i_ibex/if_stage_i/prefetch_buffer_i/fifo_i/entry_en_1                                                                         | i_croc_soc/i_croc/i_BUFGMUX                               |               14 |             33 |         2.36 |
|  i_clkwiz/inst/clk_20                                            | i_croc_soc/i_croc/i_dm_top/i_dm_top/i_dm_csrs/i_fifo/mem_q[0][33]_i_1_n_459                                                                                 | i_croc_soc/i_croc/i_BUFGMUX                               |                7 |             34 |         4.86 |
|  i_clkwiz/inst/clk_20                                            | i_croc_soc/i_croc/i_dm_top/i_dm_top/i_dm_csrs/i_fifo/mem_q[0]                                                                                               | i_croc_soc/i_croc/i_BUFGMUX                               |                8 |             34 |         4.25 |
|  jtag_tck_i_IBUF_BUFG                                            | i_croc_soc/i_croc/i_dmi_jtag/i_dmi_jtag_tap/error_q_reg[1]                                                                                                  |                                                           |               12 |             41 |         3.42 |
|  i_clkwiz/inst/clk_20                                            | i_croc_soc/i_croc/i_dm_top/i_dm_top/i_dm_csrs/dmcontrol_q_reg[resumereq]_1[0]                                                                               | i_croc_soc/i_croc/i_BUFGMUX                               |               34 |             64 |         1.88 |
|  i_clkwiz/inst/clk_20                                            |                                                                                                                                                             |                                                           |               28 |             75 |         2.68 |
|  i_clkwiz/inst/clk_20                                            | i_croc_soc/i_croc/i_core_wrap/i_ibex/if_stage_i/prefetch_buffer_i/fifo_i/valid_q_reg[1]_2                                                                   | i_croc_soc/i_croc/i_BUFGMUX                               |               54 |            104 |         1.93 |
|  jtag_tck_i_IBUF_BUFG                                            |                                                                                                                                                             |                                                           |               55 |            139 |         2.53 |
|  i_clkwiz/inst/clk_20                                            |                                                                                                                                                             | i_croc_soc/i_croc/i_BUFGMUX                               |              288 |            629 |         2.18 |
+------------------------------------------------------------------+-------------------------------------------------------------------------------------------------------------------------------------------------------------+-----------------------------------------------------------+------------------+----------------+--------------+


