Copyright 1986-2022 Xilinx, Inc. All Rights Reserved. Copyright 2022-2025 Advanced Micro Devices, Inc. All Rights Reserved.
---------------------------------------------------------------------------------------------------------------------------------------------
| Tool Version : Vivado v.2025.2 (lin64) Build 6299465 Fri Nov 14 12:34:56 MST 2025
| Date         : Thu Apr  9 20:54:39 2026
| Host         : devan-astroboy running 64-bit Ubuntu 24.04.4 LTS
| Command      : report_clock_utilization -file croc_xilinx_clock_utilization_routed.rpt
| Design       : croc_xilinx
| Device       : 7z020-clg400
| Speed File   : -1  PRODUCTION 1.12 2019-11-22
| Design State : Routed
---------------------------------------------------------------------------------------------------------------------------------------------

Clock Utilization Report

Table of Contents
-----------------
1. Clock Primitive Utilization
2. Global Clock Resources
3. Global Clock Source Details
4. Clock Regions: Key Resource Utilization
5. Clock Regions : Global Clock Summary
6. Device Cell Placement Summary for Global Clock g0
7. Device Cell Placement Summary for Global Clock g1
8. Device Cell Placement Summary for Global Clock g2
9. Device Cell Placement Summary for Global Clock g3
10. Device Cell Placement Summary for Global Clock g4
11. Device Cell Placement Summary for Global Clock g5
12. Device Cell Placement Summary for Global Clock g6
13. Device Cell Placement Summary for Global Clock g7
14. Clock Region Cell Placement per Global Clock: Region X0Y0
15. Clock Region Cell Placement per Global Clock: Region X1Y0
16. Clock Region Cell Placement per Global Clock: Region X0Y1
17. Clock Region Cell Placement per Global Clock: Region X1Y1
18. Clock Region Cell Placement per Global Clock: Region X0Y2
19. Clock Region Cell Placement per Global Clock: Region X1Y2

1. Clock Primitive Utilization
------------------------------

+----------+------+-----------+-----+--------------+--------+
| Type     | Used | Available | LOC | Clock Region | Pblock |
+----------+------+-----------+-----+--------------+--------+
| BUFGCTRL |    8 |        32 |   0 |            0 |      0 |
| BUFH     |    0 |        72 |   0 |            0 |      0 |
| BUFIO    |    0 |        16 |   0 |            0 |      0 |
| BUFMR    |    0 |         8 |   0 |            0 |      0 |
| BUFR     |    0 |        16 |   0 |            0 |      0 |
| MMCM     |    1 |         4 |   0 |            0 |      0 |
| PLL      |    0 |         4 |   0 |            0 |      0 |
+----------+------+-----------+-----+--------------+--------+


2. Global Clock Resources
-------------------------

+-----------+-----------+-----------------+------------+----------------+--------------+-------------------+-------------+-----------------+--------------+-----------------+-----------------------------------------------------------------------+-----------------------------------------------------------------------+
| Global Id | Source Id | Driver Type/Pin | Constraint | Site           | Clock Region | Load Clock Region | Clock Loads | Non-Clock Loads | Clock Period | Clock           | Driver Pin                                                            | Net                                                                   |
+-----------+-----------+-----------------+------------+----------------+--------------+-------------------+-------------+-----------------+--------------+-----------------+-----------------------------------------------------------------------+-----------------------------------------------------------------------+
| g0        | src0      | BUFG/O          | None       | BUFGCTRL_X0Y16 | n/a          |                 6 |        3862 |               0 |       40.000 | clk_20_clkwiz   | i_clkwiz/inst/clkout1_buf/O                                           | i_clkwiz/inst/clk_20                                                  |
| g1        | src1      | BUFG/O          | None       | BUFGCTRL_X0Y3  | n/a          |                 1 |         316 |               0 |              |                 | jtag_tck_i_IBUF_BUFG_inst/O                                           | jtag_tck_i_IBUF_BUFG                                                  |
| g2        | src2      | BUFGCTRL/O      | None       | BUFGCTRL_X0Y1  | n/a          |                 2 |           2 |               1 |              |                 | i_rstgen/i_rstgen_bypass/i_tc_clk_mux2_rst_no/i_BUFGMUX/O             | i_rstgen/i_rstgen_bypass/i_tc_clk_mux2_rst_no/rst_n                   |
| g2        | src3      | BUFGCTRL/O      | None       | BUFGCTRL_X0Y1  | n/a          |                 2 |           2 |               1 |              |                 | i_rstgen/i_rstgen_bypass/i_tc_clk_mux2_rst_no/i_BUFGMUX/O             | i_rstgen/i_rstgen_bypass/i_tc_clk_mux2_rst_no/rst_n                   |
| g3        | src4      | BUFG/O          | None       | BUFGCTRL_X0Y17 | n/a          |                 1 |           1 |               0 |       10.000 | clkfbout_clkwiz | i_clkwiz/inst/clkf_buf/O                                              | i_clkwiz/inst/clkfbout_buf_clkwiz                                     |
| g4        | src5      | BUFGCTRL/O      | None       | BUFGCTRL_X0Y4  | n/a          |                 1 |           1 |               0 |              |                 | i_croc_soc/i_croc/i_dmi_jtag/i_dmi_jtag_tap/i_dft_tck_mux/i_BUFGMUX/O | i_croc_soc/i_croc/i_dmi_jtag/i_dmi_jtag_tap/i_dft_tck_mux/tck_n       |
| g4        | src6      | BUFGCTRL/O      | None       | BUFGCTRL_X0Y4  | n/a          |                 1 |           1 |               0 |              |                 | i_croc_soc/i_croc/i_dmi_jtag/i_dmi_jtag_tap/i_dft_tck_mux/i_BUFGMUX/O | i_croc_soc/i_croc/i_dmi_jtag/i_dmi_jtag_tap/i_dft_tck_mux/tck_n       |
| g5        | src7      | BUFGCTRL/O      | None       | BUFGCTRL_X0Y2  | n/a          |                 1 |           0 |               1 |          n/a | n/a             | i_croc_soc/i_rstgen/i_rstgen_bypass/i_tc_clk_mux2_rst_n/i_BUFGMUX/O   | i_croc_soc/i_rstgen/i_rstgen_bypass/i_tc_clk_mux2_rst_n/rst_n_0       |
| g5        | src8      | BUFGCTRL/O      | None       | BUFGCTRL_X0Y2  | n/a          |                 1 |           0 |               1 |          n/a | n/a             | i_croc_soc/i_rstgen/i_rstgen_bypass/i_tc_clk_mux2_rst_n/i_BUFGMUX/O   | i_croc_soc/i_rstgen/i_rstgen_bypass/i_tc_clk_mux2_rst_n/rst_n_0       |
| g6        | src9      | BUFGCTRL/O      | None       | BUFGCTRL_X0Y0  | n/a          |                 2 |           0 |               5 |          n/a | n/a             | i_croc_soc/i_rstgen/i_rstgen_bypass/i_tc_clk_mux2_rst_no/i_BUFGMUX/O  | i_croc_soc/i_rstgen/i_rstgen_bypass/i_tc_clk_mux2_rst_no/synced_rst_n |
| g6        | src10     | BUFGCTRL/O      | None       | BUFGCTRL_X0Y0  | n/a          |                 2 |           0 |               5 |          n/a | n/a             | i_croc_soc/i_rstgen/i_rstgen_bypass/i_tc_clk_mux2_rst_no/i_BUFGMUX/O  | i_croc_soc/i_rstgen/i_rstgen_bypass/i_tc_clk_mux2_rst_no/synced_rst_n |
| g7        | src11     | BUFGCTRL/O      | None       | BUFGCTRL_X0Y5  | n/a          |                 1 |           0 |               1 |          n/a | n/a             | i_rstgen/i_rstgen_bypass/i_tc_clk_mux2_rst_n/i_BUFGMUX/O              | i_rstgen/i_rstgen_bypass/i_tc_clk_mux2_rst_n/rst_n_1                  |
| g7        | src12     | BUFGCTRL/O      | None       | BUFGCTRL_X0Y5  | n/a          |                 1 |           0 |               1 |          n/a | n/a             | i_rstgen/i_rstgen_bypass/i_tc_clk_mux2_rst_n/i_BUFGMUX/O              | i_rstgen/i_rstgen_bypass/i_tc_clk_mux2_rst_n/rst_n_1                  |
+-----------+-----------+-----------------+------------+----------------+--------------+-------------------+-------------+-----------------+--------------+-----------------+-----------------------------------------------------------------------+-----------------------------------------------------------------------+
* Clock Loads column represents cell count of net connects that connect to a clock pin. Internal cell leaf pins are not considered
** Non-Clock Loads column represents cell count of non-clock pin loads


3. Global Clock Source Details
------------------------------

+-----------+-----------+---------------------+------------+-----------------+--------------+-------------+-----------------+---------------------+-----------------+-----------------------------------------------------------+--------------------------------------------------------+
| Source Id | Global Id | Driver Type/Pin     | Constraint | Site            | Clock Region | Clock Loads | Non-Clock Loads | Source Clock Period | Source Clock    | Driver Pin                                                | Net                                                    |
+-----------+-----------+---------------------+------------+-----------------+--------------+-------------+-----------------+---------------------+-----------------+-----------------------------------------------------------+--------------------------------------------------------+
| src0      | g0        | MMCME2_ADV/CLKOUT0  | None       | MMCME2_ADV_X1Y2 | X1Y2         |           1 |               0 |              40.000 | clk_20_clkwiz   | i_clkwiz/inst/mmcm_adv_inst/CLKOUT0                       | i_clkwiz/inst/clk_20_clkwiz                            |
| src1      | g1        | IBUF/O              | IOB_X1Y65  | IOB_X1Y65       | X1Y1         |           2 |               1 |                     |                 | jtag_tck_i_IBUF_inst/O                                    | jtag_tck_i_IBUF                                        |
| src2      | g2        | FDCE/Q              | None       | SLICE_X50Y46    | X1Y0         |           1 |               0 |                     |                 | i_rstgen/i_rstgen_bypass/synch_regs_q_reg[3]/Q            | i_rstgen/i_rstgen_bypass/synch_regs_q[3]               |
| src3      | g2        | VCC/P               | None       |                 | n/a          |           0 |               0 |                     |                 | i_rstgen/i_rstgen_bypass/i_tc_clk_mux2_rst_no/VCC/P       | i_rstgen/i_rstgen_bypass/i_tc_clk_mux2_rst_no/<const1> |
| src4      | g3        | MMCME2_ADV/CLKFBOUT | None       | MMCME2_ADV_X1Y2 | X1Y2         |           1 |               0 |              10.000 | clkfbout_clkwiz | i_clkwiz/inst/mmcm_adv_inst/CLKFBOUT                      | i_clkwiz/inst/clkfbout_clkwiz                          |
| src5      | g4        | LUT1/O              | None       | SLICE_X50Y46    | X1Y0         |           1 |               0 |                     |                 | i_croc_soc/i_croc/i_BUFGMUX_i_1/O                         | i_croc_soc/i_croc/i_dmi_jtag_tap/tck_ni                |
| src6      | g4        | IBUF/O              | IOB_X1Y65  | IOB_X1Y65       | X1Y1         |           0 |               0 |                     |                 | jtag_tck_i_IBUF_inst/O                                    | jtag_tck_i_IBUF                                        |
| src7      | g5        | BUFGCTRL/O          | None       | BUFGCTRL_X0Y1   | n/a          |           2 |               1 |                     |                 | i_rstgen/i_rstgen_bypass/i_tc_clk_mux2_rst_no/i_BUFGMUX/O | i_rstgen/i_rstgen_bypass/i_tc_clk_mux2_rst_no/rst_n    |
| src8      | g5        | BUFGCTRL/O          | None       | BUFGCTRL_X0Y1   | n/a          |           0 |               0 |                     |                 | i_rstgen/i_rstgen_bypass/i_tc_clk_mux2_rst_no/i_BUFGMUX/O | i_rstgen/i_rstgen_bypass/i_tc_clk_mux2_rst_no/rst_n    |
| src9      | g6        | FDCE/Q              | None       | SLICE_X49Y46    | X0Y0         |           1 |               0 |                     |                 | i_croc_soc/i_rstgen/i_rstgen_bypass/synch_regs_q_reg[3]/Q | i_croc_soc/i_rstgen/i_rstgen_bypass/synch_regs_q[3]    |
| src10     | g6        | BUFGCTRL/O          | None       | BUFGCTRL_X0Y1   | n/a          |           0 |               0 |                     |                 | i_rstgen/i_rstgen_bypass/i_tc_clk_mux2_rst_no/i_BUFGMUX/O | i_rstgen/i_rstgen_bypass/i_tc_clk_mux2_rst_no/rst_n    |
| src11     | g7        | VCC/P               | None       |                 | n/a          |           1 |               0 |                     |                 | i_rstgen/i_rstgen_bypass/i_tc_clk_mux2_rst_n/VCC/P        | i_rstgen/i_rstgen_bypass/i_tc_clk_mux2_rst_n/<const1>  |
| src12     | g7        | VCC/P               | None       |                 | n/a          |           0 |               0 |                     |                 | i_rstgen/i_rstgen_bypass/i_tc_clk_mux2_rst_n/VCC/P        | i_rstgen/i_rstgen_bypass/i_tc_clk_mux2_rst_n/<const1>  |
+-----------+-----------+---------------------+------------+-----------------+--------------+-------------+-----------------+---------------------+-----------------+-----------------------------------------------------------+--------------------------------------------------------+
* Clock Loads column represents cell count of net connects that connect to a clock pin. Internal cell leaf pins are not considered
** Non-Clock Loads column represents cell count of non-clock pin loads


4. Clock Regions: Key Resource Utilization
------------------------------------------

+-------------------+--------------+--------------+--------------+--------------+--------------+--------------+--------------+--------------+--------------+--------------+--------------+--------------+--------------+--------------+--------------+
|                   | Global Clock |     BUFRs    |    BUFMRs    |    BUFIOs    |     MMCM     |      PLL     |      GT      |      PCI     |    ILOGIC    |    OLOGIC    |      FF      |     LUTM     |    RAMB18    |    RAMB36    |    DSP48E2   |
+-------------------+------+-------+------+-------+------+-------+------+-------+------+-------+------+-------+------+-------+------+-------+------+-------+------+-------+------+-------+------+-------+------+-------+------+-------+------+-------+
| Clock Region Name | Used | Avail | Used | Avail | Used | Avail | Used | Avail | Used | Avail | Used | Avail | Used | Avail | Used | Avail | Used | Avail | Used | Avail | Used | Avail | Used | Avail | Used | Avail | Used | Avail | Used | Avail |
+-------------------+------+-------+------+-------+------+-------+------+-------+------+-------+------+-------+------+-------+------+-------+------+-------+------+-------+------+-------+------+-------+------+-------+------+-------+------+-------+
| X0Y0              |    2 |    12 |    0 |     4 |    0 |     2 |    0 |     4 |    0 |     1 |    0 |     1 |    0 |     0 |    0 |     0 |    0 |    50 |    0 |    50 |    4 |  2500 |    0 |  1000 |    0 |    60 |    0 |    30 |    0 |    60 |
| X1Y0              |    2 |    12 |    0 |     4 |    0 |     2 |    0 |     4 |    0 |     1 |    0 |     1 |    0 |     0 |    0 |     0 |    0 |    50 |    0 |    50 |    4 |  3200 |    5 |   850 |    0 |    60 |    0 |    30 |    0 |    40 |
| X0Y1              |    3 |    12 |    0 |     0 |    0 |     0 |    0 |     0 |    0 |     0 |    0 |     0 |    0 |     0 |    0 |     0 |    0 |     0 |    0 |     0 |  666 |  1200 |  198 |   400 |    0 |    20 |    0 |    10 |    0 |    20 |
| X1Y1              |    2 |    12 |    0 |     4 |    0 |     2 |    0 |     4 |    0 |     1 |    0 |     1 |    0 |     0 |    0 |     0 |    0 |    50 |    0 |    50 | 2022 |  2600 |  698 |   850 |    0 |    60 |    2 |    30 |    0 |    40 |
| X0Y2              |    1 |    12 |    0 |     0 |    0 |     0 |    0 |     0 |    0 |     0 |    0 |     0 |    0 |     0 |    0 |     0 |    0 |     0 |    0 |     0 |   87 |  1200 |   32 |   400 |    0 |    20 |    0 |    10 |    0 |    20 |
| X1Y2              |    4 |    12 |    0 |     4 |    0 |     2 |    0 |     4 |    1 |     1 |    0 |     1 |    0 |     0 |    0 |     0 |    0 |    50 |    0 |    50 | 1394 |  2600 |  523 |   850 |    0 |    60 |    0 |    30 |    0 |    40 |
+-------------------+------+-------+------+-------+------+-------+------+-------+------+-------+------+-------+------+-------+------+-------+------+-------+------+-------+------+-------+------+-------+------+-------+------+-------+------+-------+
* Global Clock column represents track count; while other columns represents cell counts


5. Clock Regions : Global Clock Summary
---------------------------------------

All Modules
+----+----+----+
|    | X0 | X1 |
+----+----+----+
| Y2 |  0 |  0 |
| Y1 |  0 |  0 |
| Y0 |  0 |  0 |
+----+----+----+


6. Device Cell Placement Summary for Global Clock g0
----------------------------------------------------

+-----------+-----------------+-------------------+---------------+-------------+----------------+-------------+----------+----------------+----------+----------------------+
| Global Id | Driver Type/Pin | Driver Region (D) | Clock         | Period (ns) | Waveform (ns)  | Slice Loads | IO Loads | Clocking Loads | GT Loads | Net                  |
+-----------+-----------------+-------------------+---------------+-------------+----------------+-------------+----------+----------------+----------+----------------------+
| g0        | BUFG/O          | n/a               | clk_20_clkwiz |      40.000 | {0.000 20.000} |        3862 |        0 |              0 |        0 | i_clkwiz/inst/clk_20 |
+-----------+-----------------+-------------------+---------------+-------------+----------------+-------------+----------+----------------+----------+----------------------+
* Slice Loads column represents load cell count of all cell types other than IO, GT and clock resources
** IO Loads column represents load cell count of IO types
*** Clocking Loads column represents load cell count that are clock resources (global clock buffer, MMCM, PLL, etc)
**** GT Loads column represents load cell count of GT types


+----+------+-------+-----------------------+
|    | X0   | X1    | HORIZONTAL PROG DELAY |
+----+------+-------+-----------------------+
| Y2 |   87 |  1077 |                     0 |
| Y1 |  666 |  2024 |                     0 |
| Y0 |    4 |     4 |                     0 |
+----+------+-------+-----------------------+


7. Device Cell Placement Summary for Global Clock g1
----------------------------------------------------

+-----------+-----------------+-------------------+-------+-------------+---------------+-------------+----------+----------------+----------+----------------------+
| Global Id | Driver Type/Pin | Driver Region (D) | Clock | Period (ns) | Waveform (ns) | Slice Loads | IO Loads | Clocking Loads | GT Loads | Net                  |
+-----------+-----------------+-------------------+-------+-------------+---------------+-------------+----------+----------------+----------+----------------------+
| g1        | BUFG/O          | n/a               |       |             |               |         316 |        0 |              0 |        0 | jtag_tck_i_IBUF_BUFG |
+-----------+-----------------+-------------------+-------+-------------+---------------+-------------+----------+----------------+----------+----------------------+
* Slice Loads column represents load cell count of all cell types other than IO, GT and clock resources
** IO Loads column represents load cell count of IO types
*** Clocking Loads column represents load cell count that are clock resources (global clock buffer, MMCM, PLL, etc)
**** GT Loads column represents load cell count of GT types


+----+----+------+-----------------------+
|    | X0 | X1   | HORIZONTAL PROG DELAY |
+----+----+------+-----------------------+
| Y2 |  0 |  316 |                     0 |
| Y1 |  0 |    0 |                     - |
| Y0 |  0 |    0 |                     - |
+----+----+------+-----------------------+


8. Device Cell Placement Summary for Global Clock g2
----------------------------------------------------

+-----------+-----------------+-------------------+-------+-------------+---------------+-------------+----------+----------------+----------+-----------------------------------------------------+
| Global Id | Driver Type/Pin | Driver Region (D) | Clock | Period (ns) | Waveform (ns) | Slice Loads | IO Loads | Clocking Loads | GT Loads | Net                                                 |
+-----------+-----------------+-------------------+-------+-------------+---------------+-------------+----------+----------------+----------+-----------------------------------------------------+
| g2        | BUFGCTRL/O      | n/a               |       |             |               |           1 |        0 |              2 |        0 | i_rstgen/i_rstgen_bypass/i_tc_clk_mux2_rst_no/rst_n |
+-----------+-----------------+-------------------+-------+-------------+---------------+-------------+----------+----------------+----------+-----------------------------------------------------+
* Slice Loads column represents load cell count of all cell types other than IO, GT and clock resources
** IO Loads column represents load cell count of IO types
*** Clocking Loads column represents load cell count that are clock resources (global clock buffer, MMCM, PLL, etc)
**** GT Loads column represents load cell count of GT types


+----+----+----+-----------------------+
|    | X0 | X1 | HORIZONTAL PROG DELAY |
+----+----+----+-----------------------+
| Y2 |  0 |  0 |                     - |
| Y1 |  1 |  0 |                     0 |
| Y0 |  0 |  0 |                     - |
+----+----+----+-----------------------+


9. Device Cell Placement Summary for Global Clock g3
----------------------------------------------------

+-----------+-----------------+-------------------+-----------------+-------------+---------------+-------------+----------+----------------+----------+-----------------------------------+
| Global Id | Driver Type/Pin | Driver Region (D) | Clock           | Period (ns) | Waveform (ns) | Slice Loads | IO Loads | Clocking Loads | GT Loads | Net                               |
+-----------+-----------------+-------------------+-----------------+-------------+---------------+-------------+----------+----------------+----------+-----------------------------------+
| g3        | BUFG/O          | n/a               | clkfbout_clkwiz |      10.000 | {0.000 5.000} |           0 |        0 |              1 |        0 | i_clkwiz/inst/clkfbout_buf_clkwiz |
+-----------+-----------------+-------------------+-----------------+-------------+---------------+-------------+----------+----------------+----------+-----------------------------------+
* Slice Loads column represents load cell count of all cell types other than IO, GT and clock resources
** IO Loads column represents load cell count of IO types
*** Clocking Loads column represents load cell count that are clock resources (global clock buffer, MMCM, PLL, etc)
**** GT Loads column represents load cell count of GT types


+----+----+----+-----------------------+
|    | X0 | X1 | HORIZONTAL PROG DELAY |
+----+----+----+-----------------------+
| Y2 |  0 |  1 |                     0 |
| Y1 |  0 |  0 |                     - |
| Y0 |  0 |  0 |                     - |
+----+----+----+-----------------------+


10. Device Cell Placement Summary for Global Clock g4
-----------------------------------------------------

+-----------+-----------------+-------------------+-------+-------------+---------------+-------------+----------+----------------+----------+-----------------------------------------------------------------+
| Global Id | Driver Type/Pin | Driver Region (D) | Clock | Period (ns) | Waveform (ns) | Slice Loads | IO Loads | Clocking Loads | GT Loads | Net                                                             |
+-----------+-----------------+-------------------+-------+-------------+---------------+-------------+----------+----------------+----------+-----------------------------------------------------------------+
| g4        | BUFGCTRL/O      | n/a               |       |             |               |           1 |        0 |              0 |        0 | i_croc_soc/i_croc/i_dmi_jtag/i_dmi_jtag_tap/i_dft_tck_mux/tck_n |
+-----------+-----------------+-------------------+-------+-------------+---------------+-------------+----------+----------------+----------+-----------------------------------------------------------------+
* Slice Loads column represents load cell count of all cell types other than IO, GT and clock resources
** IO Loads column represents load cell count of IO types
*** Clocking Loads column represents load cell count that are clock resources (global clock buffer, MMCM, PLL, etc)
**** GT Loads column represents load cell count of GT types


+----+----+----+-----------------------+
|    | X0 | X1 | HORIZONTAL PROG DELAY |
+----+----+----+-----------------------+
| Y2 |  0 |  1 |                     0 |
| Y1 |  0 |  0 |                     - |
| Y0 |  0 |  0 |                     - |
+----+----+----+-----------------------+


11. Device Cell Placement Summary for Global Clock g5
-----------------------------------------------------

+-----------+-----------------+-------------------+-------+-------------+---------------+-------------+----------+----------------+----------+-----------------------------------------------------------------+
| Global Id | Driver Type/Pin | Driver Region (D) | Clock | Period (ns) | Waveform (ns) | Slice Loads | IO Loads | Clocking Loads | GT Loads | Net                                                             |
+-----------+-----------------+-------------------+-------+-------------+---------------+-------------+----------+----------------+----------+-----------------------------------------------------------------+
| g5        | BUFGCTRL/O      | n/a               |       |             |               |           1 |        0 |              0 |        0 | i_croc_soc/i_rstgen/i_rstgen_bypass/i_tc_clk_mux2_rst_n/rst_n_0 |
+-----------+-----------------+-------------------+-------+-------------+---------------+-------------+----------+----------------+----------+-----------------------------------------------------------------+
* Slice Loads column represents load cell count of all cell types other than IO, GT and clock resources
** IO Loads column represents load cell count of IO types
*** Clocking Loads column represents load cell count that are clock resources (global clock buffer, MMCM, PLL, etc)
**** GT Loads column represents load cell count of GT types


+----+----+----+-----------------------+
|    | X0 | X1 | HORIZONTAL PROG DELAY |
+----+----+----+-----------------------+
| Y2 |  0 |  0 |                     - |
| Y1 |  0 |  0 |                     - |
| Y0 |  1 |  0 |                     0 |
+----+----+----+-----------------------+


12. Device Cell Placement Summary for Global Clock g6
-----------------------------------------------------

+-----------+-----------------+-------------------+-------+-------------+---------------+-------------+----------+----------------+----------+-----------------------------------------------------------------------+
| Global Id | Driver Type/Pin | Driver Region (D) | Clock | Period (ns) | Waveform (ns) | Slice Loads | IO Loads | Clocking Loads | GT Loads | Net                                                                   |
+-----------+-----------------+-------------------+-------+-------------+---------------+-------------+----------+----------------+----------+-----------------------------------------------------------------------+
| g6        | BUFGCTRL/O      | n/a               |       |             |               |           5 |        0 |              0 |        0 | i_croc_soc/i_rstgen/i_rstgen_bypass/i_tc_clk_mux2_rst_no/synced_rst_n |
+-----------+-----------------+-------------------+-------+-------------+---------------+-------------+----------+----------------+----------+-----------------------------------------------------------------------+
* Slice Loads column represents load cell count of all cell types other than IO, GT and clock resources
** IO Loads column represents load cell count of IO types
*** Clocking Loads column represents load cell count that are clock resources (global clock buffer, MMCM, PLL, etc)
**** GT Loads column represents load cell count of GT types


+----+----+----+-----------------------+
|    | X0 | X1 | HORIZONTAL PROG DELAY |
+----+----+----+-----------------------+
| Y2 |  0 |  0 |                     - |
| Y1 |  1 |  4 |                     0 |
| Y0 |  0 |  0 |                     - |
+----+----+----+-----------------------+


13. Device Cell Placement Summary for Global Clock g7
-----------------------------------------------------

+-----------+-----------------+-------------------+-------+-------------+---------------+-------------+----------+----------------+----------+------------------------------------------------------+
| Global Id | Driver Type/Pin | Driver Region (D) | Clock | Period (ns) | Waveform (ns) | Slice Loads | IO Loads | Clocking Loads | GT Loads | Net                                                  |
+-----------+-----------------+-------------------+-------+-------------+---------------+-------------+----------+----------------+----------+------------------------------------------------------+
| g7        | BUFGCTRL/O      | n/a               |       |             |               |           1 |        0 |              0 |        0 | i_rstgen/i_rstgen_bypass/i_tc_clk_mux2_rst_n/rst_n_1 |
+-----------+-----------------+-------------------+-------+-------------+---------------+-------------+----------+----------------+----------+------------------------------------------------------+
* Slice Loads column represents load cell count of all cell types other than IO, GT and clock resources
** IO Loads column represents load cell count of IO types
*** Clocking Loads column represents load cell count that are clock resources (global clock buffer, MMCM, PLL, etc)
**** GT Loads column represents load cell count of GT types


+----+----+----+-----------------------+
|    | X0 | X1 | HORIZONTAL PROG DELAY |
+----+----+----+-----------------------+
| Y2 |  0 |  0 |                     - |
| Y1 |  0 |  0 |                     - |
| Y0 |  0 |  1 |                     0 |
+----+----+----+-----------------------+


14. Clock Region Cell Placement per Global Clock: Region X0Y0
-------------------------------------------------------------

+-----------+-------+-----------------+------------+-------------+-----------------+----+-------------+------+-----+----+------+-----+---------+-----------------------------------------------------------------+
| Global Id | Track | Driver Type/Pin | Constraint | Clock Loads | Non-Clock Loads | FF | Memory LUTs | RAMB | DSP | GT | MMCM | PLL | Hard IP | Net                                                             |
+-----------+-------+-----------------+------------+-------------+-----------------+----+-------------+------+-----+----+------+-----+---------+-----------------------------------------------------------------+
| g0        | n/a   | BUFG/O          | None       |           4 |               0 |  4 |           0 |    0 |   0 |  0 |    0 |   0 |       0 | i_clkwiz/inst/clk_20                                            |
| g5        | n/a   | BUFGCTRL/O      | None       |           0 |               1 |  0 |           0 |    0 |   0 |  0 |    0 |   0 |       0 | i_croc_soc/i_rstgen/i_rstgen_bypass/i_tc_clk_mux2_rst_n/rst_n_0 |
+-----------+-------+-----------------+------------+-------------+-----------------+----+-------------+------+-----+----+------+-----+---------+-----------------------------------------------------------------+
* Clock Loads column represents cell count of net connects that connect to a clock pin. Internal cell leaf pins are not considered
** Non-Clock Loads column represents cell count of non-clock pin loads
*** Columns FF, LUTRAM, RAMB through 'Hard IP' represents load cell counts


15. Clock Region Cell Placement per Global Clock: Region X1Y0
-------------------------------------------------------------

+-----------+-------+-----------------+------------+-------------+-----------------+----+-------------+------+-----+----+------+-----+---------+------------------------------------------------------+
| Global Id | Track | Driver Type/Pin | Constraint | Clock Loads | Non-Clock Loads | FF | Memory LUTs | RAMB | DSP | GT | MMCM | PLL | Hard IP | Net                                                  |
+-----------+-------+-----------------+------------+-------------+-----------------+----+-------------+------+-----+----+------+-----+---------+------------------------------------------------------+
| g0        | n/a   | BUFG/O          | None       |           4 |               0 |  4 |           0 |    0 |   0 |  0 |    0 |   0 |       0 | i_clkwiz/inst/clk_20                                 |
| g7        | n/a   | BUFGCTRL/O      | None       |           0 |               1 |  0 |           0 |    0 |   0 |  0 |    0 |   0 |       0 | i_rstgen/i_rstgen_bypass/i_tc_clk_mux2_rst_n/rst_n_1 |
+-----------+-------+-----------------+------------+-------------+-----------------+----+-------------+------+-----+----+------+-----+---------+------------------------------------------------------+
* Clock Loads column represents cell count of net connects that connect to a clock pin. Internal cell leaf pins are not considered
** Non-Clock Loads column represents cell count of non-clock pin loads
*** Columns FF, LUTRAM, RAMB through 'Hard IP' represents load cell counts


16. Clock Region Cell Placement per Global Clock: Region X0Y1
-------------------------------------------------------------

+-----------+-------+-----------------+------------+-------------+-----------------+-----+-------------+------+-----+----+------+-----+---------+-----------------------------------------------------------------------+
| Global Id | Track | Driver Type/Pin | Constraint | Clock Loads | Non-Clock Loads | FF  | Memory LUTs | RAMB | DSP | GT | MMCM | PLL | Hard IP | Net                                                                   |
+-----------+-------+-----------------+------------+-------------+-----------------+-----+-------------+------+-----+----+------+-----+---------+-----------------------------------------------------------------------+
| g0        | n/a   | BUFG/O          | None       |         666 |               0 | 666 |           0 |    0 |   0 |  0 |    0 |   0 |       0 | i_clkwiz/inst/clk_20                                                  |
| g2        | n/a   | BUFGCTRL/O      | None       |           0 |               1 |   0 |           0 |    0 |   0 |  0 |    0 |   0 |       0 | i_rstgen/i_rstgen_bypass/i_tc_clk_mux2_rst_no/rst_n                   |
| g6        | n/a   | BUFGCTRL/O      | None       |           0 |               1 |   0 |           0 |    0 |   0 |  0 |    0 |   0 |       0 | i_croc_soc/i_rstgen/i_rstgen_bypass/i_tc_clk_mux2_rst_no/synced_rst_n |
+-----------+-------+-----------------+------------+-------------+-----------------+-----+-------------+------+-----+----+------+-----+---------+-----------------------------------------------------------------------+
* Clock Loads column represents cell count of net connects that connect to a clock pin. Internal cell leaf pins are not considered
** Non-Clock Loads column represents cell count of non-clock pin loads
*** Columns FF, LUTRAM, RAMB through 'Hard IP' represents load cell counts


17. Clock Region Cell Placement per Global Clock: Region X1Y1
-------------------------------------------------------------

+-----------+-------+-----------------+------------+-------------+-----------------+------+-------------+------+-----+----+------+-----+---------+-----------------------------------------------------------------------+
| Global Id | Track | Driver Type/Pin | Constraint | Clock Loads | Non-Clock Loads | FF   | Memory LUTs | RAMB | DSP | GT | MMCM | PLL | Hard IP | Net                                                                   |
+-----------+-------+-----------------+------------+-------------+-----------------+------+-------------+------+-----+----+------+-----+---------+-----------------------------------------------------------------------+
| g0        | n/a   | BUFG/O          | None       |        2024 |               0 | 2022 |           0 |    2 |   0 |  0 |    0 |   0 |       0 | i_clkwiz/inst/clk_20                                                  |
| g6        | n/a   | BUFGCTRL/O      | None       |           0 |               4 |    0 |           0 |    2 |   0 |  0 |    0 |   0 |       0 | i_croc_soc/i_rstgen/i_rstgen_bypass/i_tc_clk_mux2_rst_no/synced_rst_n |
+-----------+-------+-----------------+------------+-------------+-----------------+------+-------------+------+-----+----+------+-----+---------+-----------------------------------------------------------------------+
* Clock Loads column represents cell count of net connects that connect to a clock pin. Internal cell leaf pins are not considered
** Non-Clock Loads column represents cell count of non-clock pin loads
*** Columns FF, LUTRAM, RAMB through 'Hard IP' represents load cell counts


18. Clock Region Cell Placement per Global Clock: Region X0Y2
-------------------------------------------------------------

+-----------+-------+-----------------+------------+-------------+-----------------+----+-------------+------+-----+----+------+-----+---------+----------------------+
| Global Id | Track | Driver Type/Pin | Constraint | Clock Loads | Non-Clock Loads | FF | Memory LUTs | RAMB | DSP | GT | MMCM | PLL | Hard IP | Net                  |
+-----------+-------+-----------------+------------+-------------+-----------------+----+-------------+------+-----+----+------+-----+---------+----------------------+
| g0        | n/a   | BUFG/O          | None       |          87 |               0 | 87 |           0 |    0 |   0 |  0 |    0 |   0 |       0 | i_clkwiz/inst/clk_20 |
+-----------+-------+-----------------+------------+-------------+-----------------+----+-------------+------+-----+----+------+-----+---------+----------------------+
* Clock Loads column represents cell count of net connects that connect to a clock pin. Internal cell leaf pins are not considered
** Non-Clock Loads column represents cell count of non-clock pin loads
*** Columns FF, LUTRAM, RAMB through 'Hard IP' represents load cell counts


19. Clock Region Cell Placement per Global Clock: Region X1Y2
-------------------------------------------------------------

+-----------+-------+-----------------+------------+-------------+-----------------+------+-------------+------+-----+----+------+-----+---------+-----------------------------------------------------------------+
| Global Id | Track | Driver Type/Pin | Constraint | Clock Loads | Non-Clock Loads | FF   | Memory LUTs | RAMB | DSP | GT | MMCM | PLL | Hard IP | Net                                                             |
+-----------+-------+-----------------+------------+-------------+-----------------+------+-------------+------+-----+----+------+-----+---------+-----------------------------------------------------------------+
| g0        | n/a   | BUFG/O          | None       |        1077 |               0 | 1077 |           0 |    0 |   0 |  0 |    0 |   0 |       0 | i_clkwiz/inst/clk_20                                            |
| g1        | n/a   | BUFG/O          | None       |         316 |               0 |  316 |           0 |    0 |   0 |  0 |    0 |   0 |       0 | jtag_tck_i_IBUF_BUFG                                            |
| g3        | n/a   | BUFG/O          | None       |           1 |               0 |    0 |           0 |    0 |   0 |  0 |    1 |   0 |       0 | i_clkwiz/inst/clkfbout_buf_clkwiz                               |
| g4        | n/a   | BUFGCTRL/O      | None       |           1 |               0 |    1 |           0 |    0 |   0 |  0 |    0 |   0 |       0 | i_croc_soc/i_croc/i_dmi_jtag/i_dmi_jtag_tap/i_dft_tck_mux/tck_n |
+-----------+-------+-----------------+------------+-------------+-----------------+------+-------------+------+-----+----+------+-----+---------+-----------------------------------------------------------------+
* Clock Loads column represents cell count of net connects that connect to a clock pin. Internal cell leaf pins are not considered
** Non-Clock Loads column represents cell count of non-clock pin loads
*** Columns FF, LUTRAM, RAMB through 'Hard IP' represents load cell counts



# Location of BUFG Primitives 
set_property LOC BUFGCTRL_X0Y3 [get_cells jtag_tck_i_IBUF_BUFG_inst]
set_property LOC BUFGCTRL_X0Y1 [get_cells i_rstgen/i_rstgen_bypass/i_tc_clk_mux2_rst_no/i_BUFGMUX]
set_property LOC BUFGCTRL_X0Y5 [get_cells i_rstgen/i_rstgen_bypass/i_tc_clk_mux2_rst_n/i_BUFGMUX]
set_property LOC BUFGCTRL_X0Y0 [get_cells i_croc_soc/i_rstgen/i_rstgen_bypass/i_tc_clk_mux2_rst_no/i_BUFGMUX]
set_property LOC BUFGCTRL_X0Y2 [get_cells i_croc_soc/i_rstgen/i_rstgen_bypass/i_tc_clk_mux2_rst_n/i_BUFGMUX]
set_property LOC BUFGCTRL_X0Y4 [get_cells i_croc_soc/i_croc/i_dmi_jtag/i_dmi_jtag_tap/i_dft_tck_mux/i_BUFGMUX]
set_property LOC BUFGCTRL_X0Y17 [get_cells i_clkwiz/inst/clkf_buf]
set_property LOC BUFGCTRL_X0Y16 [get_cells i_clkwiz/inst/clkout1_buf]

# Location of IO Primitives which is load of clock spine

# Location of clock ports
set_property LOC IOB_X1Y65 [get_ports jtag_tck_i]
set_property LOC IOB_X1Y124 [get_ports sys_clk_i]

# Clock net "jtag_tck_i_IBUF_BUFG" driven by instance "jtag_tck_i_IBUF_BUFG_inst" located at site "BUFGCTRL_X0Y3"
#startgroup
create_pblock {CLKAG_jtag_tck_i_IBUF_BUFG}
add_cells_to_pblock [get_pblocks  {CLKAG_jtag_tck_i_IBUF_BUFG}] [get_cells -filter { PRIMITIVE_GROUP != I/O && IS_PRIMITIVE==1 && PRIMITIVE_LEVEL !=INTERNAL } -of_object [get_pins -filter {DIRECTION==IN} -of_objects [get_nets -hierarchical -filter {PARENT=="jtag_tck_i_IBUF_BUFG"}]]]
resize_pblock [get_pblocks {CLKAG_jtag_tck_i_IBUF_BUFG}] -add {CLOCKREGION_X1Y2:CLOCKREGION_X1Y2}
#endgroup

# Clock net "i_rstgen/i_rstgen_bypass/i_tc_clk_mux2_rst_no/rst_n" driven by instance "i_rstgen/i_rstgen_bypass/i_tc_clk_mux2_rst_no/i_BUFGMUX" located at site "BUFGCTRL_X0Y1"
#startgroup
create_pblock {CLKAG_i_rstgen/i_rstgen_bypass/i_tc_clk_mux2_rst_no/rst_n}
add_cells_to_pblock [get_pblocks  {CLKAG_i_rstgen/i_rstgen_bypass/i_tc_clk_mux2_rst_no/rst_n}] [get_cells -filter { PRIMITIVE_GROUP != I/O && IS_PRIMITIVE==1 && PRIMITIVE_LEVEL !=INTERNAL && NAME!=i_croc_soc/i_rstgen/i_rstgen_bypass/i_tc_clk_mux2_rst_no/i_BUFGMUX && NAME!=i_croc_soc/i_rstgen/i_rstgen_bypass/i_tc_clk_mux2_rst_n/i_BUFGMUX} -of_object [get_pins -filter {DIRECTION==IN} -of_objects [get_nets -hierarchical -filter {PARENT=="i_rstgen/i_rstgen_bypass/i_tc_clk_mux2_rst_no/rst_n"}]]]
resize_pblock [get_pblocks {CLKAG_i_rstgen/i_rstgen_bypass/i_tc_clk_mux2_rst_no/rst_n}] -add {CLOCKREGION_X0Y1:CLOCKREGION_X0Y1}
#endgroup

# Clock net "i_rstgen/i_rstgen_bypass/i_tc_clk_mux2_rst_n/rst_n_1" driven by instance "i_rstgen/i_rstgen_bypass/i_tc_clk_mux2_rst_n/i_BUFGMUX" located at site "BUFGCTRL_X0Y5"
#startgroup
create_pblock {CLKAG_i_rstgen/i_rstgen_bypass/i_tc_clk_mux2_rst_n/rst_n_1}
add_cells_to_pblock [get_pblocks  {CLKAG_i_rstgen/i_rstgen_bypass/i_tc_clk_mux2_rst_n/rst_n_1}] [get_cells -filter { PRIMITIVE_GROUP != I/O && IS_PRIMITIVE==1 && PRIMITIVE_LEVEL !=INTERNAL } -of_object [get_pins -filter {DIRECTION==IN} -of_objects [get_nets -hierarchical -filter {PARENT=="i_rstgen/i_rstgen_bypass/i_tc_clk_mux2_rst_n/rst_n_1"}]]]
resize_pblock [get_pblocks {CLKAG_i_rstgen/i_rstgen_bypass/i_tc_clk_mux2_rst_n/rst_n_1}] -add {CLOCKREGION_X1Y0:CLOCKREGION_X1Y0}
#endgroup

# Clock net "i_croc_soc/i_rstgen/i_rstgen_bypass/i_tc_clk_mux2_rst_no/synced_rst_n" driven by instance "i_croc_soc/i_rstgen/i_rstgen_bypass/i_tc_clk_mux2_rst_no/i_BUFGMUX" located at site "BUFGCTRL_X0Y0"
#startgroup
create_pblock {CLKAG_i_croc_soc/i_rstgen/i_rstgen_bypass/i_tc_clk_mux2_rst_no/synced_rst_n}
add_cells_to_pblock [get_pblocks  {CLKAG_i_croc_soc/i_rstgen/i_rstgen_bypass/i_tc_clk_mux2_rst_no/synced_rst_n}] [get_cells -filter { PRIMITIVE_GROUP != I/O && IS_PRIMITIVE==1 && PRIMITIVE_LEVEL !=INTERNAL } -of_object [get_pins -filter {DIRECTION==IN} -of_objects [get_nets -hierarchical -filter {PARENT=="i_croc_soc/i_rstgen/i_rstgen_bypass/i_tc_clk_mux2_rst_no/synced_rst_n"}]]]
resize_pblock [get_pblocks {CLKAG_i_croc_soc/i_rstgen/i_rstgen_bypass/i_tc_clk_mux2_rst_no/synced_rst_n}] -add {CLOCKREGION_X0Y1:CLOCKREGION_X0Y1 CLOCKREGION_X1Y1:CLOCKREGION_X1Y1}
#endgroup

# Clock net "i_croc_soc/i_rstgen/i_rstgen_bypass/i_tc_clk_mux2_rst_n/rst_n_0" driven by instance "i_croc_soc/i_rstgen/i_rstgen_bypass/i_tc_clk_mux2_rst_n/i_BUFGMUX" located at site "BUFGCTRL_X0Y2"
#startgroup
create_pblock {CLKAG_i_croc_soc/i_rstgen/i_rstgen_bypass/i_tc_clk_mux2_rst_n/rst_n_0}
add_cells_to_pblock [get_pblocks  {CLKAG_i_croc_soc/i_rstgen/i_rstgen_bypass/i_tc_clk_mux2_rst_n/rst_n_0}] [get_cells -filter { PRIMITIVE_GROUP != I/O && IS_PRIMITIVE==1 && PRIMITIVE_LEVEL !=INTERNAL } -of_object [get_pins -filter {DIRECTION==IN} -of_objects [get_nets -hierarchical -filter {PARENT=="i_croc_soc/i_rstgen/i_rstgen_bypass/i_tc_clk_mux2_rst_n/rst_n_0"}]]]
resize_pblock [get_pblocks {CLKAG_i_croc_soc/i_rstgen/i_rstgen_bypass/i_tc_clk_mux2_rst_n/rst_n_0}] -add {CLOCKREGION_X0Y0:CLOCKREGION_X0Y0}
#endgroup

# Clock net "i_croc_soc/i_croc/i_dmi_jtag/i_dmi_jtag_tap/i_dft_tck_mux/tck_n" driven by instance "i_croc_soc/i_croc/i_dmi_jtag/i_dmi_jtag_tap/i_dft_tck_mux/i_BUFGMUX" located at site "BUFGCTRL_X0Y4"
#startgroup
create_pblock {CLKAG_i_croc_soc/i_croc/i_dmi_jtag/i_dmi_jtag_tap/i_dft_tck_mux/tck_n}
add_cells_to_pblock [get_pblocks  {CLKAG_i_croc_soc/i_croc/i_dmi_jtag/i_dmi_jtag_tap/i_dft_tck_mux/tck_n}] [get_cells -filter { PRIMITIVE_GROUP != I/O && IS_PRIMITIVE==1 && PRIMITIVE_LEVEL !=INTERNAL } -of_object [get_pins -filter {DIRECTION==IN} -of_objects [get_nets -hierarchical -filter {PARENT=="i_croc_soc/i_croc/i_dmi_jtag/i_dmi_jtag_tap/i_dft_tck_mux/tck_n"}]]]
resize_pblock [get_pblocks {CLKAG_i_croc_soc/i_croc/i_dmi_jtag/i_dmi_jtag_tap/i_dft_tck_mux/tck_n}] -add {CLOCKREGION_X1Y2:CLOCKREGION_X1Y2}
#endgroup

# Clock net "i_clkwiz/inst/clk_20" driven by instance "i_clkwiz/inst/clkout1_buf" located at site "BUFGCTRL_X0Y16"
#startgroup
create_pblock {CLKAG_i_clkwiz/inst/clk_20}
add_cells_to_pblock [get_pblocks  {CLKAG_i_clkwiz/inst/clk_20}] [get_cells -filter { PRIMITIVE_GROUP != I/O && IS_PRIMITIVE==1 && PRIMITIVE_LEVEL !=INTERNAL } -of_object [get_pins -filter {DIRECTION==IN} -of_objects [get_nets -hierarchical -filter {PARENT=="i_clkwiz/inst/clk_20"}]]]
resize_pblock [get_pblocks {CLKAG_i_clkwiz/inst/clk_20}] -add {CLOCKREGION_X0Y0:CLOCKREGION_X0Y0 CLOCKREGION_X0Y1:CLOCKREGION_X0Y1 CLOCKREGION_X0Y2:CLOCKREGION_X0Y2 CLOCKREGION_X1Y0:CLOCKREGION_X1Y0 CLOCKREGION_X1Y1:CLOCKREGION_X1Y1 CLOCKREGION_X1Y2:CLOCKREGION_X1Y2}
#endgroup
