#-----------------------------------------------------------
# Vivado v2025.2 (64-bit)
# SW Build 6299465 on Fri Nov 14 12:34:56 MST 2025
# IP Build 6300035 on Fri Nov 14 10:48:45 MST 2025
# SharedData Build 6298862 on Thu Nov 13 04:50:51 MST 2025
# Start of session at: Thu Apr  9 19:37:09 2026
# Process ID         : 210571
# Current directory  : /home/devan/SoC/croc_pynq-z1/xilinx/build/pynqz1.clkwiz
# Command line       : vivado -mode batch -log ../pynqz1.clkwiz.log -jou ../pynqz1.clkwiz.jou -source ../../scripts/impl_ip_pynqz1.tcl -tclargs pynqz1 clkwiz
# Log file           : /home/devan/SoC/croc_pynq-z1/xilinx/build/pynqz1.clkwiz/../pynqz1.clkwiz.log
# Journal file       : /home/devan/SoC/croc_pynq-z1/xilinx/build/pynqz1.clkwiz/../pynqz1.clkwiz.jou
# Running On         : devan-astroboy
# Platform           : Ubuntu
# Operating System   : Ubuntu 24.04.4 LTS
# Processor Detail   : AMD Ryzen 3 3200U with Radeon Vega Mobile Gfx
# CPU Frequency      : 2791.855 MHz
# CPU Physical cores : 2
# CPU Logical cores  : 4
# Host memory        : 14590 MB
# Swap memory        : 4294 MB
# Total Virtual      : 18885 MB
# Available Virtual  : 11934 MB
#-----------------------------------------------------------
source ../../scripts/impl_ip_pynqz1.tcl
# set xilinx_root [file dirname [file dirname [file normalize [info script]]]]
# source ${xilinx_root}/scripts/common.tcl
## set bpart(genesys2) "digilentinc.com:genesys2:part0:1.1"
## set fpart(genesys2) "xc7k325tffg900-2"
## set hwdev(genesys2) "xc7k325t_0"
## set bpart(vcu128) "xilinx.com:vcu128:part0:1.0"
## set fpart(vcu128) "xcvu37p-fsvh2892-2L-e"
## set hwdev(vcu128) "xcvu37p_0"
## set cfgmp(vcu128) "mt25qu02g-spi-x1_x2_x4"
## set bpart(pynqz1) "www.digilentinc.com:pynq-z1:part0:1.0"
## set fpart(pynqz1) "xc7z020clg400-1"
## set hwdev(pynqz1) "xc7z020_1"
## set bpart(zcu104) "xilinx.com:zcu104:part0:1.1"
## set fpart(zcu104) "xczu7ev-ffvc1156-2-e"
## set hwdev(zcu104) "xczu7ev_1"
## proc init_impl {xilinx_root argc argv} {
##     global fpart
##     global bpart
##     # We declare these variables into the global context
##     global num_threads
##     global num_jobs
##     global project_root
##     global board
##     global proj
##     # Check argument count
##     if { $argc < 2 } {
##         puts "Error: Insufficient implementation arguments (${argc}): ${argv}."
##         return -code error
##     }
##     # Configure parallelism
##     set num_threads 8
##     set num_jobs 8
##     # Get arguments
##     set board [lindex $argv 0]
##     set proj [lindex $argv 1]
##     # Set up multithreading
##     set_param general.maxThreads $num_threads
##     # Remove prior build
##     set project_root ${xilinx_root}/build/${board}.${proj}
##     file delete -force [glob -nocomplain ${project_root}/*]
##     # Create project
##     create_project $proj $project_root -force -part $fpart($board)
##     set_property board_part $bpart($board) [current_project]
## }
## proc open_target {xilinx_root argc argv suffix} {
##     global hwdev
##     # We declare these variables into the global context
##     global project_root
##     global board
##     global hw_tgt
##     global hw_device
##     # Check argument count
##     if { $argc < 3 } {
##         puts "Error: Insufficient target arguments (${argc}): ${argv}."
##         return -code error
##     }
##     # Get arguments
##     set url [lindex $argv 0]
##     set path [lindex $argv 1]
##     set board [lindex $argv 2]
##     # Remove prior build
##     set project_root ${xilinx_root}/build/${board}.${suffix}
##     file delete -force [glob -nocomplain ${project_root}/*]
##     # Connect to HW server
##     open_hw_manager
##     connect_hw_server -url $url
##     # Open HW target, set JTAG frequency
##     set hw_tgt [get_hw_targets ${url}/${path}]
##     open_hw_target $hw_tgt
##     set_property PARAM.FREQUENCY 15000000 $hw_tgt
##     # Get hardware device
##     set hw_device [get_hw_devices $hwdev($board)]
## }
## proc no_cfg_exit {proj board} {
##     puts "Error: Unsupported board ${board} for ${proj}."
##     return -code error
## }
## proc gen_reports {rptdir} {
##     file delete -force $rptdir
##     file mkdir ${rptdir}
##     # tclint-disable spacing, line-length
##     check_timing             -file ${rptdir}/check_timing.rpt       -verbose
##     report_timing            -file ${rptdir}/timing_worst_100.rpt   -max_paths 100 -nworst 100 -delay_type max -sort_by slack
##     report_timing            -file ${rptdir}/timing_worst.rpt       -nworst 1 -delay_type max -sort_by group
##     report_utilization       -file ${rptdir}/utilization.rpt        -hierarchical
##     report_cdc               -file ${rptdir}/cdc.rpt
##     report_clock_interaction -file ${rptdir}/clock_interaction.rpt
##     report_timing_summary    -file ${rptdir}/timing_summary.rpt
##     # tclint-enable spacing, line-length
## }
## proc insert_ilas {clk_net_name} {
##     global project_root
##     # Get nets to debug
##     set debug_nets [lsort -dictionary [get_nets -hier -filter {MARK_DEBUG == 1}]]
##     # Create debug core only if there are probes
##     if { ![llength $debug_nets] } { return }
##     # Create and configure debug core
##     create_debug_core i_ila ila
##     set_property -dict [list \
##         ALL_PROBE_SAME_MU {true} ALL_PROBE_SAME_MU_CNT {4} C_ADV_TRIGGER {true} \
##         C_DATA_DEPTH {16384} C_EN_STRG_QUAL {true} C_INPUT_PIPE_STAGES {0} \
##         C_TRIGIN_EN {false} C_TRIGOUT_EN {false} \
##         ] [get_debug_cores i_ila]
##     # Connect SoC clock
##     set_property port_width 1 [get_debug_ports i_ila/clk]
##     connect_debug_port i_ila/clk [get_nets $clk_net_name]
##     # Loop through debug nets (add extra list element to ensure last net is processed)
##     set net_name_last ""
##     set i 0
##     foreach net [concat $debug_nets {""}] {
##         # Remove trailing array index
##         regsub {\[[0-9]*\]$} $net {} net_name
##         # Create probe after all signals with the same name have been collected
##         if { $net_name_last != $net_name } {
##             if { $net_name_last != "" } {
##                 puts "Creating probe $i of width [llength $sig_list] for `$net_name_last`."
##                 # probe0 already exists, and does not need to be created
##                 if { $i != 0 } { create_debug_port i_ila probe }
##                 set_property port_width [llength $sig_list] [get_debug_ports i_ila/probe$i]
##                 set_property PROBE_TYPE DATA_AND_TRIGGER [get_debug_ports i_ila/probe$i]
##                 connect_debug_port i_ila/probe$i [get_nets $sig_list]
##                 incr i
##             }
##             set sig_list ""
##         }
##         lappend sig_list $net
##         set net_name_last $net_name
##     }
##     # Save constraints, then implement the debug core
##     save_constraints -force
##     implement_debug_core
## }
# init_impl $xilinx_root $argc $argv
create_project: Time (s): cpu = 00:00:28 ; elapsed = 00:00:12 . Memory (MB): peak = 1568.453 ; gain = 96.059 ; free physical = 828 ; free virtual = 10995
# switch $proj {
# 
#     clkwiz {
#         create_ip -name clk_wiz -vendor xilinx.com -library ip -version 6.0 -module_name $proj
#         set_property -dict [list \
#             CONFIG.PRIM_SOURCE {No_buffer} \
#             CONFIG.PRIM_IN_FREQ {100.000} \
#             CONFIG.CLKOUT1_USED {true} \
#             CONFIG.CLK_OUT1_PORT {clk_20} \
#             CONFIG.CLKOUT1_REQUESTED_OUT_FREQ {25.000} \
#             CONFIG.CLKIN1_JITTER_PS {50.0} \
#             CONFIG.MMCM_CLKFBOUT_MULT_F {6.000} \
#             CONFIG.MMCM_CLKIN1_PERIOD {5.000} \
#             CONFIG.MMCM_CLKOUT1_DIVIDE {24} \
#             CONFIG.NUM_OUT_CLKS {1} \
#             CONFIG.CLKOUT1_JITTER {155.330} \
#             CONFIG.CLKOUT1_PHASE_ERROR {89.971} \
#             ] [get_ips $proj]
#     }
# 
#     vio {
#         create_ip -name vio -vendor xilinx.com -library ip -version 3.0 -module_name $proj
#         set_property -dict [list \
#             CONFIG.C_NUM_PROBE_OUT {3} \
#             CONFIG.C_PROBE_OUT0_INIT_VAL {0x0} \
#             CONFIG.C_PROBE_OUT1_INIT_VAL {0x0} \
#             CONFIG.C_PROBE_OUT2_INIT_VAL {0x0} \
#             CONFIG.C_PROBE_OUT1_WIDTH {2} \
#             CONFIG.C_EN_PROBE_IN_ACTIVITY {0} \
#             CONFIG.C_NUM_PROBE_IN {0} \
#             ] [get_ips $proj]
#     }
# }
INFO: [IP_Flow 19-234] Refreshing IP repositories
INFO: [IP_Flow 19-1704] No user IP repositories specified
INFO: [IP_Flow 19-2313] Loaded Vivado IP repository '/home/devan/Xilinx/2025.2/data/ip'.
INFO: [Device 21-403] Loading part xc7z020clg400-1
create_ip: Time (s): cpu = 00:00:09 ; elapsed = 00:00:11 . Memory (MB): peak = 1854.477 ; gain = 286.023 ; free physical = 498 ; free virtual = 10666
WARNING: [IP_Flow 19-3374] An attempt to modify the value of disabled parameter 'MMCM_CLKFBOUT_MULT_F' from '9.125' to '6.000' has been ignored for IP 'clkwiz'
WARNING: [IP_Flow 19-3374] An attempt to modify the value of disabled parameter 'MMCM_CLKIN1_PERIOD' from '10.000' to '5.000' has been ignored for IP 'clkwiz'
WARNING: [IP_Flow 19-3374] An attempt to modify the value of disabled parameter 'MMCM_CLKOUT1_DIVIDE' from '1' to '24' has been ignored for IP 'clkwiz'
# set xci ${project_root}/${proj}.srcs/sources_1/ip/${proj}/${proj}.xci
# generate_target all [get_files $xci]
INFO: [IP_Flow 19-1686] Generating 'Instantiation Template' target for IP 'clkwiz'...
INFO: [IP_Flow 19-1686] Generating 'Synthesis' target for IP 'clkwiz'...
INFO: [IP_Flow 19-1686] Generating 'Simulation' target for IP 'clkwiz'...
INFO: [IP_Flow 19-1686] Generating 'Implementation' target for IP 'clkwiz'...
INFO: [IP_Flow 19-1686] Generating 'Change Log' target for IP 'clkwiz'...
# create_ip_run [get_files -of_objects [get_fileset sources_1] $xci]
# launch_run -jobs 8 clkwiz_synth_1
[Thu Apr  9 19:37:40 2026] Launched clkwiz_synth_1...
Run output will be captured here: /home/devan/SoC/croc_pynq-z1/xilinx/build/pynqz1.clkwiz/clkwiz.runs/clkwiz_synth_1/runme.log
# wait_on_run clkwiz_synth_1
[Thu Apr  9 19:37:41 2026] Waiting for clkwiz_synth_1 to finish...

*** Running vivado
    with args -log clkwiz.vds -m64 -product Vivado -mode batch -messageDb vivado.pb -notrace -source clkwiz.tcl


****** Vivado v2025.2 (64-bit)
  **** SW Build 6299465 on Fri Nov 14 12:34:56 MST 2025
  **** IP Build 6300035 on Fri Nov 14 10:48:45 MST 2025
  **** SharedData Build 6298862 on Thu Nov 13 04:50:51 MST 2025
  **** Start of session at: Thu Apr  9 19:37:51 2026
    ** Copyright 1986-2022 Xilinx, Inc. All Rights Reserved.
    ** Copyright 2022-2025 Advanced Micro Devices, Inc. All Rights Reserved.

source clkwiz.tcl -notrace
create_project: Time (s): cpu = 00:00:28 ; elapsed = 00:00:12 . Memory (MB): peak = 1570.359 ; gain = 88.059 ; free physical = 436 ; free virtual = 10391
Command: synth_design -top clkwiz -part xc7z020clg400-1 -incremental_mode off -mode out_of_context
Starting synth_design
Attempting to get a license for feature 'Synthesis' and/or device 'xc7z020'
INFO: [Common 17-349] Got license for feature 'Synthesis' and/or device 'xc7z020'
INFO: [Device 21-403] Loading part xc7z020clg400-1
INFO: [Synth 8-7079] Multithreading enabled for synth_design using a maximum of 7 processes.
INFO: [Synth 8-7078] Launching helper process for spawning children vivado processes
INFO: [Synth 8-7075] Helper process launched with PID 212422
---------------------------------------------------------------------------------
Starting RTL Elaboration : Time (s): cpu = 00:00:11 ; elapsed = 00:00:14 . Memory (MB): peak = 2234.844 ; gain = 480.875 ; free physical = 175 ; free virtual = 9498
---------------------------------------------------------------------------------
INFO: [Synth 8-6157] synthesizing module 'clkwiz' [/home/devan/SoC/croc_pynq-z1/xilinx/build/pynqz1.clkwiz/clkwiz.gen/sources_1/ip/clkwiz/clkwiz.v:65]
INFO: [Synth 8-6157] synthesizing module 'clkwiz_clk_wiz' [/home/devan/SoC/croc_pynq-z1/xilinx/build/pynqz1.clkwiz/clkwiz.gen/sources_1/ip/clkwiz/clkwiz_clk_wiz.v:65]
INFO: [Synth 8-6157] synthesizing module 'MMCME2_ADV' [/home/devan/Xilinx/2025.2/Vivado/scripts/rt/data/unisim_comp.v:95844]
	Parameter BANDWIDTH bound to: OPTIMIZED - type: string 
	Parameter CLKFBOUT_MULT_F bound to: 9.125000e+00 - type: double 
	Parameter CLKFBOUT_PHASE bound to: 0.000000e+00 - type: double 
	Parameter CLKFBOUT_USE_FINE_PS bound to: FALSE - type: string 
	Parameter CLKIN1_PERIOD bound to: 1.000000e+01 - type: double 
	Parameter CLKOUT0_DIVIDE_F bound to: 3.650000e+01 - type: double 
	Parameter CLKOUT0_DUTY_CYCLE bound to: 5.000000e-01 - type: double 
	Parameter CLKOUT0_PHASE bound to: 0.000000e+00 - type: double 
	Parameter CLKOUT0_USE_FINE_PS bound to: FALSE - type: string 
	Parameter CLKOUT4_CASCADE bound to: FALSE - type: string 
	Parameter COMPENSATION bound to: ZHOLD - type: string 
	Parameter DIVCLK_DIVIDE bound to: 1 - type: integer 
	Parameter STARTUP_WAIT bound to: FALSE - type: string 
INFO: [Synth 8-6155] done synthesizing module 'MMCME2_ADV' (0#1) [/home/devan/Xilinx/2025.2/Vivado/scripts/rt/data/unisim_comp.v:95844]
INFO: [Synth 8-6157] synthesizing module 'BUFG' [/home/devan/Xilinx/2025.2/Vivado/scripts/rt/data/unisim_comp.v:2678]
INFO: [Synth 8-6155] done synthesizing module 'BUFG' (0#1) [/home/devan/Xilinx/2025.2/Vivado/scripts/rt/data/unisim_comp.v:2678]
INFO: [Synth 8-6155] done synthesizing module 'clkwiz_clk_wiz' (0#1) [/home/devan/SoC/croc_pynq-z1/xilinx/build/pynqz1.clkwiz/clkwiz.gen/sources_1/ip/clkwiz/clkwiz_clk_wiz.v:65]
INFO: [Synth 8-6155] done synthesizing module 'clkwiz' (0#1) [/home/devan/SoC/croc_pynq-z1/xilinx/build/pynqz1.clkwiz/clkwiz.gen/sources_1/ip/clkwiz/clkwiz.v:65]
---------------------------------------------------------------------------------
Finished RTL Elaboration : Time (s): cpu = 00:00:16 ; elapsed = 00:00:19 . Memory (MB): peak = 2320.812 ; gain = 566.844 ; free physical = 184 ; free virtual = 9411
---------------------------------------------------------------------------------
---------------------------------------------------------------------------------
Start Handling Custom Attributes
---------------------------------------------------------------------------------
---------------------------------------------------------------------------------
Finished Handling Custom Attributes : Time (s): cpu = 00:00:16 ; elapsed = 00:00:19 . Memory (MB): peak = 2332.688 ; gain = 578.719 ; free physical = 179 ; free virtual = 9407
---------------------------------------------------------------------------------
---------------------------------------------------------------------------------
Finished RTL Optimization Phase 1 : Time (s): cpu = 00:00:16 ; elapsed = 00:00:19 . Memory (MB): peak = 2332.688 ; gain = 578.719 ; free physical = 179 ; free virtual = 9407
---------------------------------------------------------------------------------
Netlist sorting complete. Time (s): cpu = 00:00:00 ; elapsed = 00:00:00 . Memory (MB): peak = 2338.625 ; gain = 0.000 ; free physical = 177 ; free virtual = 9405
INFO: [Netlist 29-17] Analyzing 1 Unisim elements for replacement
INFO: [Netlist 29-28] Unisim Transformation completed in 0 CPU seconds
INFO: [Project 1-570] Preparing netlist for logic optimization

Processing XDC Constraints
Initializing timing engine
Parsing XDC File [/home/devan/SoC/croc_pynq-z1/xilinx/build/pynqz1.clkwiz/clkwiz.gen/sources_1/ip/clkwiz/clkwiz_ooc.xdc] for cell 'inst'
Finished Parsing XDC File [/home/devan/SoC/croc_pynq-z1/xilinx/build/pynqz1.clkwiz/clkwiz.gen/sources_1/ip/clkwiz/clkwiz_ooc.xdc] for cell 'inst'
Parsing XDC File [/home/devan/SoC/croc_pynq-z1/xilinx/build/pynqz1.clkwiz/clkwiz.gen/sources_1/ip/clkwiz/clkwiz_board.xdc] for cell 'inst'
Finished Parsing XDC File [/home/devan/SoC/croc_pynq-z1/xilinx/build/pynqz1.clkwiz/clkwiz.gen/sources_1/ip/clkwiz/clkwiz_board.xdc] for cell 'inst'
Parsing XDC File [/home/devan/SoC/croc_pynq-z1/xilinx/build/pynqz1.clkwiz/clkwiz.gen/sources_1/ip/clkwiz/clkwiz.xdc] for cell 'inst'
Finished Parsing XDC File [/home/devan/SoC/croc_pynq-z1/xilinx/build/pynqz1.clkwiz/clkwiz.gen/sources_1/ip/clkwiz/clkwiz.xdc] for cell 'inst'
Parsing XDC File [/home/devan/SoC/croc_pynq-z1/xilinx/build/pynqz1.clkwiz/clkwiz.runs/clkwiz_synth_1/dont_touch.xdc]
Finished Parsing XDC File [/home/devan/SoC/croc_pynq-z1/xilinx/build/pynqz1.clkwiz/clkwiz.runs/clkwiz_synth_1/dont_touch.xdc]
Parsing XDC File [/home/devan/SoC/croc_pynq-z1/xilinx/build/pynqz1.clkwiz/clkwiz.gen/sources_1/ip/clkwiz/clkwiz_late.xdc] for cell 'inst'
Finished Parsing XDC File [/home/devan/SoC/croc_pynq-z1/xilinx/build/pynqz1.clkwiz/clkwiz.gen/sources_1/ip/clkwiz/clkwiz_late.xdc] for cell 'inst'
Completed Processing XDC Constraints

Netlist sorting complete. Time (s): cpu = 00:00:00 ; elapsed = 00:00:00 . Memory (MB): peak = 2381.613 ; gain = 0.000 ; free physical = 141 ; free virtual = 9344
INFO: [Project 1-111] Unisim Transformation Summary:
No Unisim elements were transformed.

INFO: [Timing 38-2] Deriving generated clocks
Constraint Validation Runtime : Time (s): cpu = 00:00:00.05 ; elapsed = 00:00:00.07 . Memory (MB): peak = 2381.648 ; gain = 0.000 ; free physical = 141 ; free virtual = 9344
INFO: [Designutils 20-5008] Incremental synthesis strategy off
---------------------------------------------------------------------------------
Finished Constraint Validation : Time (s): cpu = 00:00:36 ; elapsed = 00:00:41 . Memory (MB): peak = 2381.648 ; gain = 627.680 ; free physical = 165 ; free virtual = 9340
---------------------------------------------------------------------------------
---------------------------------------------------------------------------------
Start Loading Part and Timing Information
---------------------------------------------------------------------------------
Loading part: xc7z020clg400-1
---------------------------------------------------------------------------------
Finished Loading Part and Timing Information : Time (s): cpu = 00:00:36 ; elapsed = 00:00:41 . Memory (MB): peak = 2389.617 ; gain = 635.648 ; free physical = 165 ; free virtual = 9340
---------------------------------------------------------------------------------
---------------------------------------------------------------------------------
Start Applying 'set_property' XDC Constraints
---------------------------------------------------------------------------------
---------------------------------------------------------------------------------
Finished applying 'set_property' XDC Constraints : Time (s): cpu = 00:00:36 ; elapsed = 00:00:41 . Memory (MB): peak = 2389.617 ; gain = 635.648 ; free physical = 165 ; free virtual = 9340
---------------------------------------------------------------------------------
---------------------------------------------------------------------------------
Finished RTL Optimization Phase 2 : Time (s): cpu = 00:00:37 ; elapsed = 00:00:42 . Memory (MB): peak = 2389.617 ; gain = 635.648 ; free physical = 151 ; free virtual = 9327
---------------------------------------------------------------------------------
---------------------------------------------------------------------------------
Start RTL Component Statistics 
---------------------------------------------------------------------------------
Detailed RTL Component Info : 
---------------------------------------------------------------------------------
Finished RTL Component Statistics 
---------------------------------------------------------------------------------
---------------------------------------------------------------------------------
Start Part Resource Summary
---------------------------------------------------------------------------------
Part Resources:
DSPs: 220 (col length:60)
BRAMs: 280 (col length: RAMB18 60 RAMB36 30)
---------------------------------------------------------------------------------
Finished Part Resource Summary
---------------------------------------------------------------------------------
---------------------------------------------------------------------------------
Start Cross Boundary and Area Optimization
---------------------------------------------------------------------------------
---------------------------------------------------------------------------------
Finished Cross Boundary and Area Optimization : Time (s): cpu = 00:00:40 ; elapsed = 00:00:46 . Memory (MB): peak = 2389.617 ; gain = 635.648 ; free physical = 146 ; free virtual = 9314
---------------------------------------------------------------------------------
---------------------------------------------------------------------------------
Start Applying XDC Timing Constraints
---------------------------------------------------------------------------------
---------------------------------------------------------------------------------
Finished Applying XDC Timing Constraints : Time (s): cpu = 00:00:55 ; elapsed = 00:01:03 . Memory (MB): peak = 2488.617 ; gain = 734.648 ; free physical = 145 ; free virtual = 9201
---------------------------------------------------------------------------------
---------------------------------------------------------------------------------
Start Timing Optimization
---------------------------------------------------------------------------------
---------------------------------------------------------------------------------
Finished Timing Optimization : Time (s): cpu = 00:00:55 ; elapsed = 00:01:03 . Memory (MB): peak = 2488.617 ; gain = 734.648 ; free physical = 145 ; free virtual = 9201
---------------------------------------------------------------------------------
---------------------------------------------------------------------------------
Start Technology Mapping
---------------------------------------------------------------------------------
---------------------------------------------------------------------------------
Finished Technology Mapping : Time (s): cpu = 00:00:55 ; elapsed = 00:01:03 . Memory (MB): peak = 2498.633 ; gain = 744.664 ; free physical = 140 ; free virtual = 9188
---------------------------------------------------------------------------------
---------------------------------------------------------------------------------
Start IO Insertion
---------------------------------------------------------------------------------
---------------------------------------------------------------------------------
Start Flattening Before IO Insertion
---------------------------------------------------------------------------------
---------------------------------------------------------------------------------
Finished Flattening Before IO Insertion
---------------------------------------------------------------------------------
---------------------------------------------------------------------------------
Start Final Netlist Cleanup
---------------------------------------------------------------------------------
---------------------------------------------------------------------------------
Finished Final Netlist Cleanup
---------------------------------------------------------------------------------
---------------------------------------------------------------------------------
Finished IO Insertion : Time (s): cpu = 00:01:05 ; elapsed = 00:01:13 . Memory (MB): peak = 2685.445 ; gain = 931.477 ; free physical = 219 ; free virtual = 9042
---------------------------------------------------------------------------------
---------------------------------------------------------------------------------
Start Renaming Generated Instances
---------------------------------------------------------------------------------
---------------------------------------------------------------------------------
Finished Renaming Generated Instances : Time (s): cpu = 00:01:05 ; elapsed = 00:01:13 . Memory (MB): peak = 2685.445 ; gain = 931.477 ; free physical = 219 ; free virtual = 9042
---------------------------------------------------------------------------------
---------------------------------------------------------------------------------
Start Rebuilding User Hierarchy
---------------------------------------------------------------------------------
---------------------------------------------------------------------------------
Finished Rebuilding User Hierarchy : Time (s): cpu = 00:01:05 ; elapsed = 00:01:13 . Memory (MB): peak = 2685.445 ; gain = 931.477 ; free physical = 219 ; free virtual = 9042
---------------------------------------------------------------------------------
---------------------------------------------------------------------------------
Start Renaming Generated Ports
---------------------------------------------------------------------------------
---------------------------------------------------------------------------------
Finished Renaming Generated Ports : Time (s): cpu = 00:01:05 ; elapsed = 00:01:13 . Memory (MB): peak = 2685.445 ; gain = 931.477 ; free physical = 219 ; free virtual = 9042
---------------------------------------------------------------------------------
---------------------------------------------------------------------------------
Start Handling Custom Attributes
---------------------------------------------------------------------------------
---------------------------------------------------------------------------------
Finished Handling Custom Attributes : Time (s): cpu = 00:01:05 ; elapsed = 00:01:13 . Memory (MB): peak = 2685.445 ; gain = 931.477 ; free physical = 219 ; free virtual = 9042
---------------------------------------------------------------------------------
---------------------------------------------------------------------------------
Start Renaming Generated Nets
---------------------------------------------------------------------------------
---------------------------------------------------------------------------------
Finished Renaming Generated Nets : Time (s): cpu = 00:01:05 ; elapsed = 00:01:13 . Memory (MB): peak = 2685.445 ; gain = 931.477 ; free physical = 219 ; free virtual = 9042
---------------------------------------------------------------------------------
---------------------------------------------------------------------------------
Start Writing Synthesis Report
---------------------------------------------------------------------------------

Report BlackBoxes: 
+-+--------------+----------+
| |BlackBox name |Instances |
+-+--------------+----------+
+-+--------------+----------+

Report Cell Usage: 
+------+-----------+------+
|      |Cell       |Count |
+------+-----------+------+
|1     |BUFG       |     2|
|2     |MMCME2_ADV |     1|
+------+-----------+------+
---------------------------------------------------------------------------------
Finished Writing Synthesis Report : Time (s): cpu = 00:01:05 ; elapsed = 00:01:13 . Memory (MB): peak = 2685.445 ; gain = 931.477 ; free physical = 219 ; free virtual = 9042
---------------------------------------------------------------------------------
Synthesis finished with 0 errors, 0 critical warnings and 0 warnings.
Synthesis Optimization Runtime : Time (s): cpu = 00:00:59 ; elapsed = 00:01:06 . Memory (MB): peak = 2685.445 ; gain = 882.516 ; free physical = 212 ; free virtual = 9035
Synthesis Optimization Complete : Time (s): cpu = 00:01:05 ; elapsed = 00:01:13 . Memory (MB): peak = 2685.453 ; gain = 931.477 ; free physical = 212 ; free virtual = 9035
INFO: [Project 1-571] Translating synthesized netlist
Netlist sorting complete. Time (s): cpu = 00:00:00 ; elapsed = 00:00:00 . Memory (MB): peak = 2685.453 ; gain = 0.000 ; free physical = 212 ; free virtual = 9035
INFO: [Netlist 29-17] Analyzing 1 Unisim elements for replacement
INFO: [Netlist 29-28] Unisim Transformation completed in 0 CPU seconds
INFO: [Project 1-570] Preparing netlist for logic optimization
INFO: [Opt 31-138] Pushed 0 inverter(s) to 0 load pin(s).
Netlist sorting complete. Time (s): cpu = 00:00:00 ; elapsed = 00:00:00 . Memory (MB): peak = 2685.453 ; gain = 0.000 ; free physical = 341 ; free virtual = 9176
INFO: [Project 1-111] Unisim Transformation Summary:
No Unisim elements were transformed.

Synth Design complete | Checksum: 5b492715
INFO: [Common 17-83] Releasing license: Synthesis
26 Infos, 0 Warnings, 0 Critical Warnings and 0 Errors encountered.
synth_design completed successfully
synth_design: Time (s): cpu = 00:01:22 ; elapsed = 00:01:25 . Memory (MB): peak = 2685.480 ; gain = 1115.121 ; free physical = 350 ; free virtual = 9185
INFO: [Common 17-2834] synth_design peak Physical Memory [PSS] (MB): overall = 1943.139; main = 1727.768; forked = 250.818
INFO: [Common 17-2834] synth_design peak Virtual Memory [VSS] (MB): overall = 3640.160; main = 2685.449; forked = 986.523
INFO: [Common 17-1381] The checkpoint '/home/devan/SoC/croc_pynq-z1/xilinx/build/pynqz1.clkwiz/clkwiz.runs/clkwiz_synth_1/clkwiz.dcp' has been generated.
INFO: [Coretcl 2-1648] Added synthesis output to IP cache for IP clkwiz, cache-ID = 6e1362bfed6188f9
INFO: [Common 17-1381] The checkpoint '/home/devan/SoC/croc_pynq-z1/xilinx/build/pynqz1.clkwiz/clkwiz.runs/clkwiz_synth_1/clkwiz.dcp' has been generated.
INFO: [Vivado 12-24828] Executing command : report_utilization -file clkwiz_utilization_synth.rpt -pb clkwiz_utilization_synth.pb
INFO: [Common 17-206] Exiting Vivado at Thu Apr  9 19:39:39 2026...
[Thu Apr  9 19:39:39 2026] clkwiz_synth_1 finished
wait_on_runs: Time (s): cpu = 00:02:06 ; elapsed = 00:01:59 . Memory (MB): peak = 1866.387 ; gain = 0.000 ; free physical = 1975 ; free virtual = 10804
# file delete -force ${project_root}/out.xci
# file link -symbolic ${project_root}/out.xci $xci
INFO: [Common 17-206] Exiting Vivado at Thu Apr  9 19:39:39 2026...
