#-----------------------------------------------------------
# Vivado v2025.2 (64-bit)
# SW Build 6299465 on Fri Nov 14 12:34:56 MST 2025
# IP Build 6300035 on Fri Nov 14 10:48:45 MST 2025
# SharedData Build 6298862 on Thu Nov 13 04:50:51 MST 2025
# Start of session at: Mon Apr  6 20:43:59 2026
# Process ID         : 44096
# Current directory  : /home/devan/SoC/croc_pynq-z1/xilinx/build/pynqz1.vio
# Command line       : vivado -mode batch -log ../pynqz1.vio.log -jou ../pynqz1.vio.jou -source ../../scripts/impl_ip_pynqz1.tcl -tclargs pynqz1 vio
# Log file           : /home/devan/SoC/croc_pynq-z1/xilinx/build/pynqz1.vio/../pynqz1.vio.log
# Journal file       : /home/devan/SoC/croc_pynq-z1/xilinx/build/pynqz1.vio/../pynqz1.vio.jou
# Running On         : devan-astroboy
# Platform           : Ubuntu
# Operating System   : Ubuntu 24.04.4 LTS
# Processor Detail   : AMD Ryzen 3 3200U with Radeon Vega Mobile Gfx
# CPU Frequency      : 3488.019 MHz
# CPU Physical cores : 2
# CPU Logical cores  : 4
# Host memory        : 14590 MB
# Swap memory        : 4294 MB
# Total Virtual      : 18885 MB
# Available Virtual  : 14876 MB
#-----------------------------------------------------------
source ../../scripts/impl_ip_pynqz1.tcl
# set xilinx_root [file dirname [file dirname [file normalize [info script]]]]
# source ${xilinx_root}/scripts/common.tcl
## set bpart(genesys2) "digilentinc.com:genesys2:part0:1.1"
## set fpart(genesys2) "xc7k325tffg900-2"
## set hwdev(genesys2) "xc7k325t_0"
## set bpart(vcu128) "xilinx.com:vcu128:part0:1.0"
## set fpart(vcu128) "xcvu37p-fsvh2892-2L-e"
## set hwdev(vcu128) "xcvu37p_0"
## set cfgmp(vcu128) "mt25qu02g-spi-x1_x2_x4"
## set bpart(pynqz1) "www.digilentinc.com:pynq-z1:part0:1.0"
## set fpart(pynqz1) "xc7z020clg400-1"
## set hwdev(pynqz1) "xc7z020_1"
## set bpart(zcu104) "xilinx.com:zcu104:part0:1.1"
## set fpart(zcu104) "xczu7ev-ffvc1156-2-e"
## set hwdev(zcu104) "xczu7ev_1"
## proc init_impl {xilinx_root argc argv} {
##     global fpart
##     global bpart
##     # We declare these variables into the global context
##     global num_threads
##     global num_jobs
##     global project_root
##     global board
##     global proj
##     # Check argument count
##     if { $argc < 2 } {
##         puts "Error: Insufficient implementation arguments (${argc}): ${argv}."
##         return -code error
##     }
##     # Configure parallelism
##     set num_threads 8
##     set num_jobs 8
##     # Get arguments
##     set board [lindex $argv 0]
##     set proj [lindex $argv 1]
##     # Set up multithreading
##     set_param general.maxThreads $num_threads
##     # Remove prior build
##     set project_root ${xilinx_root}/build/${board}.${proj}
##     file delete -force [glob -nocomplain ${project_root}/*]
##     # Create project
##     create_project $proj $project_root -force -part $fpart($board)
##     set_property board_part $bpart($board) [current_project]
## }
## proc open_target {xilinx_root argc argv suffix} {
##     global hwdev
##     # We declare these variables into the global context
##     global project_root
##     global board
##     global hw_tgt
##     global hw_device
##     # Check argument count
##     if { $argc < 3 } {
##         puts "Error: Insufficient target arguments (${argc}): ${argv}."
##         return -code error
##     }
##     # Get arguments
##     set url [lindex $argv 0]
##     set path [lindex $argv 1]
##     set board [lindex $argv 2]
##     # Remove prior build
##     set project_root ${xilinx_root}/build/${board}.${suffix}
##     file delete -force [glob -nocomplain ${project_root}/*]
##     # Connect to HW server
##     open_hw_manager
##     connect_hw_server -url $url
##     # Open HW target, set JTAG frequency
##     set hw_tgt [get_hw_targets ${url}/${path}]
##     open_hw_target $hw_tgt
##     set_property PARAM.FREQUENCY 15000000 $hw_tgt
##     # Get hardware device
##     set hw_device [get_hw_devices $hwdev($board)]
## }
## proc no_cfg_exit {proj board} {
##     puts "Error: Unsupported board ${board} for ${proj}."
##     return -code error
## }
## proc gen_reports {rptdir} {
##     file delete -force $rptdir
##     file mkdir ${rptdir}
##     # tclint-disable spacing, line-length
##     check_timing             -file ${rptdir}/check_timing.rpt       -verbose
##     report_timing            -file ${rptdir}/timing_worst_100.rpt   -max_paths 100 -nworst 100 -delay_type max -sort_by slack
##     report_timing            -file ${rptdir}/timing_worst.rpt       -nworst 1 -delay_type max -sort_by group
##     report_utilization       -file ${rptdir}/utilization.rpt        -hierarchical
##     report_cdc               -file ${rptdir}/cdc.rpt
##     report_clock_interaction -file ${rptdir}/clock_interaction.rpt
##     report_timing_summary    -file ${rptdir}/timing_summary.rpt
##     # tclint-enable spacing, line-length
## }
## proc insert_ilas {clk_net_name} {
##     global project_root
##     # Get nets to debug
##     set debug_nets [lsort -dictionary [get_nets -hier -filter {MARK_DEBUG == 1}]]
##     # Create debug core only if there are probes
##     if { ![llength $debug_nets] } { return }
##     # Create and configure debug core
##     create_debug_core i_ila ila
##     set_property -dict [list \
##         ALL_PROBE_SAME_MU {true} ALL_PROBE_SAME_MU_CNT {4} C_ADV_TRIGGER {true} \
##         C_DATA_DEPTH {16384} C_EN_STRG_QUAL {true} C_INPUT_PIPE_STAGES {0} \
##         C_TRIGIN_EN {false} C_TRIGOUT_EN {false} \
##         ] [get_debug_cores i_ila]
##     # Connect SoC clock
##     set_property port_width 1 [get_debug_ports i_ila/clk]
##     connect_debug_port i_ila/clk [get_nets $clk_net_name]
##     # Loop through debug nets (add extra list element to ensure last net is processed)
##     set net_name_last ""
##     set i 0
##     foreach net [concat $debug_nets {""}] {
##         # Remove trailing array index
##         regsub {\[[0-9]*\]$} $net {} net_name
##         # Create probe after all signals with the same name have been collected
##         if { $net_name_last != $net_name } {
##             if { $net_name_last != "" } {
##                 puts "Creating probe $i of width [llength $sig_list] for `$net_name_last`."
##                 # probe0 already exists, and does not need to be created
##                 if { $i != 0 } { create_debug_port i_ila probe }
##                 set_property port_width [llength $sig_list] [get_debug_ports i_ila/probe$i]
##                 set_property PROBE_TYPE DATA_AND_TRIGGER [get_debug_ports i_ila/probe$i]
##                 connect_debug_port i_ila/probe$i [get_nets $sig_list]
##                 incr i
##             }
##             set sig_list ""
##         }
##         lappend sig_list $net
##         set net_name_last $net_name
##     }
##     # Save constraints, then implement the debug core
##     save_constraints -force
##     implement_debug_core
## }
# init_impl $xilinx_root $argc $argv
create_project: Time (s): cpu = 00:00:25 ; elapsed = 00:00:11 . Memory (MB): peak = 1572.453 ; gain = 100.059 ; free physical = 2335 ; free virtual = 13614
# switch $proj {
# 
#     clkwiz {
#         create_ip -name clk_wiz -vendor xilinx.com -library ip -version 6.0 -module_name $proj
#         set_property -dict [list \
#             CONFIG.PRIM_SOURCE {No_buffer} \
#             CONFIG.PRIM_IN_FREQ {100.000} \
#             CONFIG.CLKOUT1_USED {true} \
#             CONFIG.CLK_OUT1_PORT {clk_20} \
#             CONFIG.CLKOUT1_REQUESTED_OUT_FREQ {8.000} \
#             CONFIG.CLKIN1_JITTER_PS {50.0} \
#             CONFIG.MMCM_CLKFBOUT_MULT_F {6.000} \
#             CONFIG.MMCM_CLKIN1_PERIOD {5.000} \
#             CONFIG.MMCM_CLKOUT1_DIVIDE {75} \
#             CONFIG.NUM_OUT_CLKS {1} \
#             CONFIG.CLKOUT1_JITTER {155.330} \
#             CONFIG.CLKOUT1_PHASE_ERROR {89.971} \
#             ] [get_ips $proj]
#     }
# 
#     vio {
#         create_ip -name vio -vendor xilinx.com -library ip -version 3.0 -module_name $proj
#         set_property -dict [list \
#             CONFIG.C_NUM_PROBE_OUT {3} \
#             CONFIG.C_PROBE_OUT0_INIT_VAL {0x0} \
#             CONFIG.C_PROBE_OUT1_INIT_VAL {0x0} \
#             CONFIG.C_PROBE_OUT2_INIT_VAL {0x0} \
#             CONFIG.C_PROBE_OUT1_WIDTH {2} \
#             CONFIG.C_EN_PROBE_IN_ACTIVITY {0} \
#             CONFIG.C_NUM_PROBE_IN {0} \
#             ] [get_ips $proj]
#     }
# }
INFO: [IP_Flow 19-234] Refreshing IP repositories
INFO: [IP_Flow 19-1704] No user IP repositories specified
INFO: [IP_Flow 19-2313] Loaded Vivado IP repository '/home/devan/Xilinx/2025.2/data/ip'.
# set xci ${project_root}/${proj}.srcs/sources_1/ip/${proj}/${proj}.xci
# generate_target all [get_files $xci]
INFO: [IP_Flow 19-1686] Generating 'Instantiation Template' target for IP 'vio'...
INFO: [IP_Flow 19-1686] Generating 'Synthesis' target for IP 'vio'...
INFO: [IP_Flow 19-1686] Generating 'Simulation' target for IP 'vio'...
INFO: [IP_Flow 19-1686] Generating 'Change Log' target for IP 'vio'...
# create_ip_run [get_files -of_objects [get_fileset sources_1] $xci]
# launch_run -jobs 8 vio_synth_1
[Mon Apr  6 20:44:16 2026] Launched vio_synth_1...
Run output will be captured here: /home/devan/SoC/croc_pynq-z1/xilinx/build/pynqz1.vio/vio.runs/vio_synth_1/runme.log
# wait_on_run vio_synth_1
[Mon Apr  6 20:44:16 2026] Waiting for vio_synth_1 to finish...

*** Running vivado
    with args -log vio.vds -m64 -product Vivado -mode batch -messageDb vivado.pb -notrace -source vio.tcl


****** Vivado v2025.2 (64-bit)
  **** SW Build 6299465 on Fri Nov 14 12:34:56 MST 2025
  **** IP Build 6300035 on Fri Nov 14 10:48:45 MST 2025
  **** SharedData Build 6298862 on Thu Nov 13 04:50:51 MST 2025
  **** Start of session at: Mon Apr  6 20:44:21 2026
    ** Copyright 1986-2022 Xilinx, Inc. All Rights Reserved.
    ** Copyright 2022-2025 Advanced Micro Devices, Inc. All Rights Reserved.

source vio.tcl -notrace
create_project: Time (s): cpu = 00:00:25 ; elapsed = 00:00:08 . Memory (MB): peak = 1605.113 ; gain = 64.059 ; free physical = 1844 ; free virtual = 13129
Command: synth_design -top vio -part xc7z020clg400-1 -incremental_mode off -mode out_of_context
Starting synth_design
Attempting to get a license for feature 'Synthesis' and/or device 'xc7z020'
INFO: [Common 17-349] Got license for feature 'Synthesis' and/or device 'xc7z020'
INFO: [Device 21-403] Loading part xc7z020clg400-1
INFO: [Synth 8-7079] Multithreading enabled for synth_design using a maximum of 7 processes.
INFO: [Synth 8-7078] Launching helper process for spawning children vivado processes
INFO: [Synth 8-7075] Helper process launched with PID 44673
---------------------------------------------------------------------------------
Starting RTL Elaboration : Time (s): cpu = 00:00:08 ; elapsed = 00:00:08 . Memory (MB): peak = 2238.246 ; gain = 483.273 ; free physical = 1006 ; free virtual = 12290
---------------------------------------------------------------------------------
INFO: [Synth 8-6157] synthesizing module 'vio' [/home/devan/SoC/croc_pynq-z1/xilinx/build/pynqz1.vio/vio.gen/sources_1/ip/vio/synth/vio.v:49]
INFO: [Synth 8-6155] done synthesizing module 'vio' (0#1) [/home/devan/SoC/croc_pynq-z1/xilinx/build/pynqz1.vio/vio.gen/sources_1/ip/vio/synth/vio.v:49]
WARNING: [Synth 8-3848] Net sl_iport0 in module/entity vio does not have driver. [/home/devan/SoC/croc_pynq-z1/xilinx/build/pynqz1.vio/vio.gen/sources_1/ip/vio/synth/vio.v:75]
WARNING: [Synth 8-7129] Port Bus_rst in module vio_v3_0_27_probe_out_one is either unconnected or has no load
WARNING: [Synth 8-7129] Port Read in module vio_v3_0_27_probe_out_one is either unconnected or has no load
WARNING: [Synth 8-7129] Port Bus_Data_in[15] in module vio_v3_0_27_probe_out_one is either unconnected or has no load
WARNING: [Synth 8-7129] Port Bus_Data_in[14] in module vio_v3_0_27_probe_out_one is either unconnected or has no load
WARNING: [Synth 8-7129] Port Bus_Data_in[13] in module vio_v3_0_27_probe_out_one is either unconnected or has no load
WARNING: [Synth 8-7129] Port Bus_Data_in[12] in module vio_v3_0_27_probe_out_one is either unconnected or has no load
WARNING: [Synth 8-7129] Port Bus_Data_in[11] in module vio_v3_0_27_probe_out_one is either unconnected or has no load
WARNING: [Synth 8-7129] Port Bus_Data_in[10] in module vio_v3_0_27_probe_out_one is either unconnected or has no load
WARNING: [Synth 8-7129] Port Bus_Data_in[9] in module vio_v3_0_27_probe_out_one is either unconnected or has no load
WARNING: [Synth 8-7129] Port Bus_Data_in[8] in module vio_v3_0_27_probe_out_one is either unconnected or has no load
WARNING: [Synth 8-7129] Port Bus_Data_in[7] in module vio_v3_0_27_probe_out_one is either unconnected or has no load
WARNING: [Synth 8-7129] Port Bus_Data_in[6] in module vio_v3_0_27_probe_out_one is either unconnected or has no load
WARNING: [Synth 8-7129] Port Bus_Data_in[5] in module vio_v3_0_27_probe_out_one is either unconnected or has no load
WARNING: [Synth 8-7129] Port Bus_Data_in[4] in module vio_v3_0_27_probe_out_one is either unconnected or has no load
WARNING: [Synth 8-7129] Port Bus_Data_in[3] in module vio_v3_0_27_probe_out_one is either unconnected or has no load
WARNING: [Synth 8-7129] Port Bus_Data_in[2] in module vio_v3_0_27_probe_out_one is either unconnected or has no load
WARNING: [Synth 8-7129] Port Bus_Data_in[1] in module vio_v3_0_27_probe_out_one is either unconnected or has no load
WARNING: [Synth 8-7129] Port Internal_cnt_rst in module vio_v3_0_27_probe_out_one is either unconnected or has no load
WARNING: [Synth 8-7129] Port Bus_rst in module vio_v3_0_27_probe_out_one__parameterized0 is either unconnected or has no load
WARNING: [Synth 8-7129] Port Read in module vio_v3_0_27_probe_out_one__parameterized0 is either unconnected or has no load
WARNING: [Synth 8-7129] Port Bus_Data_in[15] in module vio_v3_0_27_probe_out_one__parameterized0 is either unconnected or has no load
WARNING: [Synth 8-7129] Port Bus_Data_in[14] in module vio_v3_0_27_probe_out_one__parameterized0 is either unconnected or has no load
WARNING: [Synth 8-7129] Port Bus_Data_in[13] in module vio_v3_0_27_probe_out_one__parameterized0 is either unconnected or has no load
WARNING: [Synth 8-7129] Port Bus_Data_in[12] in module vio_v3_0_27_probe_out_one__parameterized0 is either unconnected or has no load
WARNING: [Synth 8-7129] Port Bus_Data_in[11] in module vio_v3_0_27_probe_out_one__parameterized0 is either unconnected or has no load
WARNING: [Synth 8-7129] Port Bus_Data_in[10] in module vio_v3_0_27_probe_out_one__parameterized0 is either unconnected or has no load
WARNING: [Synth 8-7129] Port Bus_Data_in[9] in module vio_v3_0_27_probe_out_one__parameterized0 is either unconnected or has no load
WARNING: [Synth 8-7129] Port Bus_Data_in[8] in module vio_v3_0_27_probe_out_one__parameterized0 is either unconnected or has no load
WARNING: [Synth 8-7129] Port Bus_Data_in[7] in module vio_v3_0_27_probe_out_one__parameterized0 is either unconnected or has no load
WARNING: [Synth 8-7129] Port Bus_Data_in[6] in module vio_v3_0_27_probe_out_one__parameterized0 is either unconnected or has no load
WARNING: [Synth 8-7129] Port Bus_Data_in[5] in module vio_v3_0_27_probe_out_one__parameterized0 is either unconnected or has no load
WARNING: [Synth 8-7129] Port Bus_Data_in[4] in module vio_v3_0_27_probe_out_one__parameterized0 is either unconnected or has no load
WARNING: [Synth 8-7129] Port Bus_Data_in[3] in module vio_v3_0_27_probe_out_one__parameterized0 is either unconnected or has no load
WARNING: [Synth 8-7129] Port Bus_Data_in[2] in module vio_v3_0_27_probe_out_one__parameterized0 is either unconnected or has no load
WARNING: [Synth 8-7129] Port Internal_cnt_rst in module vio_v3_0_27_probe_out_one__parameterized0 is either unconnected or has no load
WARNING: [Synth 8-7129] Port probe_in0[0] in module vio_v3_0_27_vio is either unconnected or has no load
WARNING: [Synth 8-7129] Port probe_in1[0] in module vio_v3_0_27_vio is either unconnected or has no load
WARNING: [Synth 8-7129] Port probe_in2[0] in module vio_v3_0_27_vio is either unconnected or has no load
WARNING: [Synth 8-7129] Port probe_in3[0] in module vio_v3_0_27_vio is either unconnected or has no load
WARNING: [Synth 8-7129] Port probe_in4[0] in module vio_v3_0_27_vio is either unconnected or has no load
WARNING: [Synth 8-7129] Port probe_in5[0] in module vio_v3_0_27_vio is either unconnected or has no load
WARNING: [Synth 8-7129] Port probe_in6[0] in module vio_v3_0_27_vio is either unconnected or has no load
WARNING: [Synth 8-7129] Port probe_in7[0] in module vio_v3_0_27_vio is either unconnected or has no load
WARNING: [Synth 8-7129] Port probe_in8[0] in module vio_v3_0_27_vio is either unconnected or has no load
WARNING: [Synth 8-7129] Port probe_in9[0] in module vio_v3_0_27_vio is either unconnected or has no load
WARNING: [Synth 8-7129] Port probe_in10[0] in module vio_v3_0_27_vio is either unconnected or has no load
WARNING: [Synth 8-7129] Port probe_in11[0] in module vio_v3_0_27_vio is either unconnected or has no load
WARNING: [Synth 8-7129] Port probe_in12[0] in module vio_v3_0_27_vio is either unconnected or has no load
WARNING: [Synth 8-7129] Port probe_in13[0] in module vio_v3_0_27_vio is either unconnected or has no load
WARNING: [Synth 8-7129] Port probe_in14[0] in module vio_v3_0_27_vio is either unconnected or has no load
WARNING: [Synth 8-7129] Port probe_in15[0] in module vio_v3_0_27_vio is either unconnected or has no load
WARNING: [Synth 8-7129] Port probe_in16[0] in module vio_v3_0_27_vio is either unconnected or has no load
WARNING: [Synth 8-7129] Port probe_in17[0] in module vio_v3_0_27_vio is either unconnected or has no load
WARNING: [Synth 8-7129] Port probe_in18[0] in module vio_v3_0_27_vio is either unconnected or has no load
WARNING: [Synth 8-7129] Port probe_in19[0] in module vio_v3_0_27_vio is either unconnected or has no load
WARNING: [Synth 8-7129] Port probe_in20[0] in module vio_v3_0_27_vio is either unconnected or has no load
WARNING: [Synth 8-7129] Port probe_in21[0] in module vio_v3_0_27_vio is either unconnected or has no load
WARNING: [Synth 8-7129] Port probe_in22[0] in module vio_v3_0_27_vio is either unconnected or has no load
WARNING: [Synth 8-7129] Port probe_in23[0] in module vio_v3_0_27_vio is either unconnected or has no load
WARNING: [Synth 8-7129] Port probe_in24[0] in module vio_v3_0_27_vio is either unconnected or has no load
WARNING: [Synth 8-7129] Port probe_in25[0] in module vio_v3_0_27_vio is either unconnected or has no load
WARNING: [Synth 8-7129] Port probe_in26[0] in module vio_v3_0_27_vio is either unconnected or has no load
WARNING: [Synth 8-7129] Port probe_in27[0] in module vio_v3_0_27_vio is either unconnected or has no load
WARNING: [Synth 8-7129] Port probe_in28[0] in module vio_v3_0_27_vio is either unconnected or has no load
WARNING: [Synth 8-7129] Port probe_in29[0] in module vio_v3_0_27_vio is either unconnected or has no load
WARNING: [Synth 8-7129] Port probe_in30[0] in module vio_v3_0_27_vio is either unconnected or has no load
WARNING: [Synth 8-7129] Port probe_in31[0] in module vio_v3_0_27_vio is either unconnected or has no load
WARNING: [Synth 8-7129] Port probe_in32[0] in module vio_v3_0_27_vio is either unconnected or has no load
WARNING: [Synth 8-7129] Port probe_in33[0] in module vio_v3_0_27_vio is either unconnected or has no load
WARNING: [Synth 8-7129] Port probe_in34[0] in module vio_v3_0_27_vio is either unconnected or has no load
WARNING: [Synth 8-7129] Port probe_in35[0] in module vio_v3_0_27_vio is either unconnected or has no load
WARNING: [Synth 8-7129] Port probe_in36[0] in module vio_v3_0_27_vio is either unconnected or has no load
WARNING: [Synth 8-7129] Port probe_in37[0] in module vio_v3_0_27_vio is either unconnected or has no load
WARNING: [Synth 8-7129] Port probe_in38[0] in module vio_v3_0_27_vio is either unconnected or has no load
WARNING: [Synth 8-7129] Port probe_in39[0] in module vio_v3_0_27_vio is either unconnected or has no load
WARNING: [Synth 8-7129] Port probe_in40[0] in module vio_v3_0_27_vio is either unconnected or has no load
WARNING: [Synth 8-7129] Port probe_in41[0] in module vio_v3_0_27_vio is either unconnected or has no load
WARNING: [Synth 8-7129] Port probe_in42[0] in module vio_v3_0_27_vio is either unconnected or has no load
WARNING: [Synth 8-7129] Port probe_in43[0] in module vio_v3_0_27_vio is either unconnected or has no load
WARNING: [Synth 8-7129] Port probe_in44[0] in module vio_v3_0_27_vio is either unconnected or has no load
WARNING: [Synth 8-7129] Port probe_in45[0] in module vio_v3_0_27_vio is either unconnected or has no load
WARNING: [Synth 8-7129] Port probe_in46[0] in module vio_v3_0_27_vio is either unconnected or has no load
WARNING: [Synth 8-7129] Port probe_in47[0] in module vio_v3_0_27_vio is either unconnected or has no load
WARNING: [Synth 8-7129] Port probe_in48[0] in module vio_v3_0_27_vio is either unconnected or has no load
WARNING: [Synth 8-7129] Port probe_in49[0] in module vio_v3_0_27_vio is either unconnected or has no load
WARNING: [Synth 8-7129] Port probe_in50[0] in module vio_v3_0_27_vio is either unconnected or has no load
WARNING: [Synth 8-7129] Port probe_in51[0] in module vio_v3_0_27_vio is either unconnected or has no load
WARNING: [Synth 8-7129] Port probe_in52[0] in module vio_v3_0_27_vio is either unconnected or has no load
WARNING: [Synth 8-7129] Port probe_in53[0] in module vio_v3_0_27_vio is either unconnected or has no load
WARNING: [Synth 8-7129] Port probe_in54[0] in module vio_v3_0_27_vio is either unconnected or has no load
WARNING: [Synth 8-7129] Port probe_in55[0] in module vio_v3_0_27_vio is either unconnected or has no load
WARNING: [Synth 8-7129] Port probe_in56[0] in module vio_v3_0_27_vio is either unconnected or has no load
WARNING: [Synth 8-7129] Port probe_in57[0] in module vio_v3_0_27_vio is either unconnected or has no load
WARNING: [Synth 8-7129] Port probe_in58[0] in module vio_v3_0_27_vio is either unconnected or has no load
WARNING: [Synth 8-7129] Port probe_in59[0] in module vio_v3_0_27_vio is either unconnected or has no load
WARNING: [Synth 8-7129] Port probe_in60[0] in module vio_v3_0_27_vio is either unconnected or has no load
WARNING: [Synth 8-7129] Port probe_in61[0] in module vio_v3_0_27_vio is either unconnected or has no load
WARNING: [Synth 8-7129] Port probe_in62[0] in module vio_v3_0_27_vio is either unconnected or has no load
WARNING: [Synth 8-7129] Port probe_in63[0] in module vio_v3_0_27_vio is either unconnected or has no load
WARNING: [Synth 8-7129] Port probe_in64[0] in module vio_v3_0_27_vio is either unconnected or has no load
INFO: [Common 17-14] Message 'Synth 8-7129' appears 100 times and further instances of the messages will be disabled. Use the Tcl command set_msg_config to change the current settings.
---------------------------------------------------------------------------------
Finished RTL Elaboration : Time (s): cpu = 00:00:11 ; elapsed = 00:00:11 . Memory (MB): peak = 2338.184 ; gain = 583.211 ; free physical = 919 ; free virtual = 12202
---------------------------------------------------------------------------------
---------------------------------------------------------------------------------
Start Handling Custom Attributes
---------------------------------------------------------------------------------
---------------------------------------------------------------------------------
Finished Handling Custom Attributes : Time (s): cpu = 00:00:11 ; elapsed = 00:00:11 . Memory (MB): peak = 2341.152 ; gain = 586.180 ; free physical = 919 ; free virtual = 12202
---------------------------------------------------------------------------------
---------------------------------------------------------------------------------
Finished RTL Optimization Phase 1 : Time (s): cpu = 00:00:11 ; elapsed = 00:00:11 . Memory (MB): peak = 2341.152 ; gain = 586.180 ; free physical = 919 ; free virtual = 12202
---------------------------------------------------------------------------------
Netlist sorting complete. Time (s): cpu = 00:00:00.01 ; elapsed = 00:00:00.01 . Memory (MB): peak = 2341.152 ; gain = 0.000 ; free physical = 919 ; free virtual = 12202
INFO: [Project 1-570] Preparing netlist for logic optimization

Processing XDC Constraints
Initializing timing engine
Parsing XDC File [/home/devan/SoC/croc_pynq-z1/xilinx/build/pynqz1.vio/vio.gen/sources_1/ip/vio/vio_ooc.xdc]
Finished Parsing XDC File [/home/devan/SoC/croc_pynq-z1/xilinx/build/pynqz1.vio/vio.gen/sources_1/ip/vio/vio_ooc.xdc]
Parsing XDC File [/home/devan/SoC/croc_pynq-z1/xilinx/build/pynqz1.vio/vio.gen/sources_1/ip/vio/vio.xdc]
Finished Parsing XDC File [/home/devan/SoC/croc_pynq-z1/xilinx/build/pynqz1.vio/vio.gen/sources_1/ip/vio/vio.xdc]
Completed Processing XDC Constraints

Netlist sorting complete. Time (s): cpu = 00:00:00 ; elapsed = 00:00:00 . Memory (MB): peak = 2447.922 ; gain = 0.000 ; free physical = 923 ; free virtual = 12206
INFO: [Project 1-111] Unisim Transformation Summary:
No Unisim elements were transformed.

Constraint Validation Runtime : Time (s): cpu = 00:00:00.03 ; elapsed = 00:00:00.03 . Memory (MB): peak = 2447.957 ; gain = 0.000 ; free physical = 923 ; free virtual = 12206
INFO: [Designutils 20-5008] Incremental synthesis strategy off
---------------------------------------------------------------------------------
Finished Constraint Validation : Time (s): cpu = 00:00:22 ; elapsed = 00:00:22 . Memory (MB): peak = 2447.957 ; gain = 692.984 ; free physical = 994 ; free virtual = 12280
---------------------------------------------------------------------------------
---------------------------------------------------------------------------------
Start Loading Part and Timing Information
---------------------------------------------------------------------------------
Loading part: xc7z020clg400-1
---------------------------------------------------------------------------------
Finished Loading Part and Timing Information : Time (s): cpu = 00:00:22 ; elapsed = 00:00:22 . Memory (MB): peak = 2455.926 ; gain = 700.953 ; free physical = 994 ; free virtual = 12280
---------------------------------------------------------------------------------
---------------------------------------------------------------------------------
Start Applying 'set_property' XDC Constraints
---------------------------------------------------------------------------------
---------------------------------------------------------------------------------
Finished applying 'set_property' XDC Constraints : Time (s): cpu = 00:00:22 ; elapsed = 00:00:22 . Memory (MB): peak = 2455.926 ; gain = 700.953 ; free physical = 994 ; free virtual = 12280
---------------------------------------------------------------------------------
---------------------------------------------------------------------------------
Finished RTL Optimization Phase 2 : Time (s): cpu = 00:00:22 ; elapsed = 00:00:23 . Memory (MB): peak = 2455.926 ; gain = 700.953 ; free physical = 995 ; free virtual = 12282
---------------------------------------------------------------------------------
---------------------------------------------------------------------------------
Start RTL Component Statistics 
---------------------------------------------------------------------------------
Detailed RTL Component Info : 
+---Adders : 
	   2 Input    1 Bit       Adders := 1     
+---Registers : 
	              128 Bit    Registers := 1     
	               16 Bit    Registers := 10    
	                7 Bit    Registers := 1     
	                5 Bit    Registers := 1     
	                3 Bit    Registers := 2     
	                2 Bit    Registers := 2     
	                1 Bit    Registers := 18    
+---Muxes : 
	   3 Input   16 Bit        Muxes := 1     
	   2 Input   16 Bit        Muxes := 2     
	   2 Input    1 Bit        Muxes := 4     
---------------------------------------------------------------------------------
Finished RTL Component Statistics 
---------------------------------------------------------------------------------
---------------------------------------------------------------------------------
Start Part Resource Summary
---------------------------------------------------------------------------------
Part Resources:
DSPs: 220 (col length:60)
BRAMs: 280 (col length: RAMB18 60 RAMB36 30)
---------------------------------------------------------------------------------
Finished Part Resource Summary
---------------------------------------------------------------------------------
---------------------------------------------------------------------------------
Start Cross Boundary and Area Optimization
---------------------------------------------------------------------------------
---------------------------------------------------------------------------------
Finished Cross Boundary and Area Optimization : Time (s): cpu = 00:00:25 ; elapsed = 00:00:26 . Memory (MB): peak = 2455.926 ; gain = 700.953 ; free physical = 998 ; free virtual = 12283
---------------------------------------------------------------------------------
---------------------------------------------------------------------------------
Start Applying XDC Timing Constraints
---------------------------------------------------------------------------------
---------------------------------------------------------------------------------
Finished Applying XDC Timing Constraints : Time (s): cpu = 00:00:33 ; elapsed = 00:00:34 . Memory (MB): peak = 2516.926 ; gain = 761.953 ; free physical = 915 ; free virtual = 12200
---------------------------------------------------------------------------------
---------------------------------------------------------------------------------
Start Timing Optimization
---------------------------------------------------------------------------------
---------------------------------------------------------------------------------
Finished Timing Optimization : Time (s): cpu = 00:00:33 ; elapsed = 00:00:34 . Memory (MB): peak = 2516.926 ; gain = 761.953 ; free physical = 906 ; free virtual = 12192
---------------------------------------------------------------------------------
---------------------------------------------------------------------------------
Start Technology Mapping
---------------------------------------------------------------------------------
---------------------------------------------------------------------------------
Finished Technology Mapping : Time (s): cpu = 00:00:33 ; elapsed = 00:00:34 . Memory (MB): peak = 2545.973 ; gain = 791.000 ; free physical = 883 ; free virtual = 12168
---------------------------------------------------------------------------------
---------------------------------------------------------------------------------
Start IO Insertion
---------------------------------------------------------------------------------
---------------------------------------------------------------------------------
Start Flattening Before IO Insertion
---------------------------------------------------------------------------------
---------------------------------------------------------------------------------
Finished Flattening Before IO Insertion
---------------------------------------------------------------------------------
---------------------------------------------------------------------------------
Start Final Netlist Cleanup
---------------------------------------------------------------------------------
---------------------------------------------------------------------------------
Finished Final Netlist Cleanup
---------------------------------------------------------------------------------
---------------------------------------------------------------------------------
Finished IO Insertion : Time (s): cpu = 00:00:38 ; elapsed = 00:00:39 . Memory (MB): peak = 2713.785 ; gain = 958.812 ; free physical = 726 ; free virtual = 12011
---------------------------------------------------------------------------------
---------------------------------------------------------------------------------
Start Renaming Generated Instances
---------------------------------------------------------------------------------
---------------------------------------------------------------------------------
Finished Renaming Generated Instances : Time (s): cpu = 00:00:38 ; elapsed = 00:00:39 . Memory (MB): peak = 2713.785 ; gain = 958.812 ; free physical = 726 ; free virtual = 12011
---------------------------------------------------------------------------------
---------------------------------------------------------------------------------
Start Rebuilding User Hierarchy
---------------------------------------------------------------------------------
---------------------------------------------------------------------------------
Finished Rebuilding User Hierarchy : Time (s): cpu = 00:00:38 ; elapsed = 00:00:39 . Memory (MB): peak = 2713.785 ; gain = 958.812 ; free physical = 726 ; free virtual = 12011
---------------------------------------------------------------------------------
---------------------------------------------------------------------------------
Start Renaming Generated Ports
---------------------------------------------------------------------------------
---------------------------------------------------------------------------------
Finished Renaming Generated Ports : Time (s): cpu = 00:00:38 ; elapsed = 00:00:39 . Memory (MB): peak = 2713.785 ; gain = 958.812 ; free physical = 726 ; free virtual = 12011
---------------------------------------------------------------------------------
---------------------------------------------------------------------------------
Start Handling Custom Attributes
---------------------------------------------------------------------------------
---------------------------------------------------------------------------------
Finished Handling Custom Attributes : Time (s): cpu = 00:00:38 ; elapsed = 00:00:39 . Memory (MB): peak = 2713.785 ; gain = 958.812 ; free physical = 726 ; free virtual = 12011
---------------------------------------------------------------------------------
---------------------------------------------------------------------------------
Start Renaming Generated Nets
---------------------------------------------------------------------------------
---------------------------------------------------------------------------------
Finished Renaming Generated Nets : Time (s): cpu = 00:00:38 ; elapsed = 00:00:39 . Memory (MB): peak = 2713.785 ; gain = 958.812 ; free physical = 726 ; free virtual = 12011
---------------------------------------------------------------------------------
---------------------------------------------------------------------------------
Start Writing Synthesis Report
---------------------------------------------------------------------------------

Report BlackBoxes: 
+-+--------------+----------+
| |BlackBox name |Instances |
+-+--------------+----------+
+-+--------------+----------+

Report Cell Usage: 
+------+-----+------+
|      |Cell |Count |
+------+-----+------+
|1     |LUT1 |     1|
|2     |LUT2 |     4|
|3     |LUT3 |    29|
|4     |LUT4 |    22|
|5     |LUT5 |    15|
|6     |LUT6 |    59|
|7     |FDRE |   243|
+------+-----+------+
---------------------------------------------------------------------------------
Finished Writing Synthesis Report : Time (s): cpu = 00:00:38 ; elapsed = 00:00:39 . Memory (MB): peak = 2713.785 ; gain = 958.812 ; free physical = 726 ; free virtual = 12011
---------------------------------------------------------------------------------
Synthesis finished with 0 errors, 0 critical warnings and 256 warnings.
Synthesis Optimization Runtime : Time (s): cpu = 00:00:35 ; elapsed = 00:00:37 . Memory (MB): peak = 2713.785 ; gain = 852.008 ; free physical = 726 ; free virtual = 12011
Synthesis Optimization Complete : Time (s): cpu = 00:00:38 ; elapsed = 00:00:40 . Memory (MB): peak = 2713.793 ; gain = 958.812 ; free physical = 726 ; free virtual = 12011
INFO: [Project 1-571] Translating synthesized netlist
Netlist sorting complete. Time (s): cpu = 00:00:00.01 ; elapsed = 00:00:00.01 . Memory (MB): peak = 2713.793 ; gain = 0.000 ; free physical = 744 ; free virtual = 12029
INFO: [Project 1-570] Preparing netlist for logic optimization
INFO: [Opt 31-138] Pushed 0 inverter(s) to 0 load pin(s).
Netlist sorting complete. Time (s): cpu = 00:00:00 ; elapsed = 00:00:00 . Memory (MB): peak = 2737.797 ; gain = 0.000 ; free physical = 897 ; free virtual = 12182
INFO: [Project 1-111] Unisim Transformation Summary:
No Unisim elements were transformed.

Synth Design complete | Checksum: e11d139
INFO: [Common 17-83] Releasing license: Synthesis
16 Infos, 101 Warnings, 0 Critical Warnings and 0 Errors encountered.
synth_design completed successfully
synth_design: Time (s): cpu = 00:00:50 ; elapsed = 00:00:47 . Memory (MB): peak = 2737.832 ; gain = 1132.719 ; free physical = 812 ; free virtual = 12097
INFO: [Common 17-2834] synth_design peak Physical Memory [PSS] (MB): overall = 1863.534; main = 1863.534; forked = 283.541
INFO: [Common 17-2834] synth_design peak Virtual Memory [VSS] (MB): overall = 3442.453; main = 2737.801; forked = 986.523
Write ShapeDB Complete: Time (s): cpu = 00:00:00.01 ; elapsed = 00:00:00 . Memory (MB): peak = 2761.809 ; gain = 0.000 ; free physical = 808 ; free virtual = 12092
INFO: [Common 17-1381] The checkpoint '/home/devan/SoC/croc_pynq-z1/xilinx/build/pynqz1.vio/vio.runs/vio_synth_1/vio.dcp' has been generated.
INFO: [Coretcl 2-1648] Added synthesis output to IP cache for IP vio, cache-ID = 2e991e36f966f2d5
Write ShapeDB Complete: Time (s): cpu = 00:00:00 ; elapsed = 00:00:00 . Memory (MB): peak = 2761.809 ; gain = 0.000 ; free physical = 792 ; free virtual = 12079
INFO: [Common 17-1381] The checkpoint '/home/devan/SoC/croc_pynq-z1/xilinx/build/pynqz1.vio/vio.runs/vio_synth_1/vio.dcp' has been generated.
INFO: [Vivado 12-24828] Executing command : report_utilization -file vio_utilization_synth.rpt -pb vio_utilization_synth.pb
INFO: [Common 17-206] Exiting Vivado at Mon Apr  6 20:45:25 2026...
[Mon Apr  6 20:45:26 2026] vio_synth_1 finished
wait_on_runs: Time (s): cpu = 00:01:28 ; elapsed = 00:01:09 . Memory (MB): peak = 1613.547 ; gain = 0.000 ; free physical = 2325 ; free virtual = 13609
# file delete -force ${project_root}/out.xci
# file link -symbolic ${project_root}/out.xci $xci
INFO: [Common 17-206] Exiting Vivado at Mon Apr  6 20:45:26 2026...
