Copyright 1986-2022 Xilinx, Inc. All Rights Reserved. Copyright 2022-2025 Advanced Micro Devices, Inc. All Rights Reserved.
---------------------------------------------------------------------------------------------------------------------------------------------
| Tool Version : Vivado v.2025.2 (lin64) Build 6299465 Fri Nov 14 12:34:56 MST 2025
| Date         : Sat Apr  4 20:56:19 2026
| Host         : devan-astroboy running 64-bit Ubuntu 24.04.4 LTS
| Command      : report_utilization -file /home/devan/SoC/croc_pynq-z1/xilinx/build/pynqz1.croc/reports.synth/utilization.rpt -hierarchical
| Design       : croc_xilinx
| Device       : xc7z020clg400-1
| Speed File   : -1
| Design State : Synthesized
---------------------------------------------------------------------------------------------------------------------------------------------

Utilization Design Information

Table of Contents
-----------------
1. Utilization by Hierarchy

1. Utilization by Hierarchy
---------------------------

+---------------------------------------------+------------------------------------------+------------+------------+---------+------+------+--------+--------+------------+
|                   Instance                  |                  Module                  | Total LUTs | Logic LUTs | LUTRAMs | SRLs |  FFs | RAMB36 | RAMB18 | DSP Blocks |
+---------------------------------------------+------------------------------------------+------------+------------+---------+------+------+--------+--------+------------+
| croc_xilinx                                 |                                    (top) |       6954 |       6954 |       0 |    0 | 4064 |      2 |      0 |          1 |
|   (croc_xilinx)                             |                                    (top) |         21 |         21 |       0 |    0 |   17 |      0 |      0 |          0 |
|   i_croc_soc                                |                                 croc_soc |       6929 |       6929 |       0 |    0 | 4043 |      2 |      0 |          1 |
|     i_croc                                  |                              croc_domain |       6872 |       6872 |       0 |    0 | 3967 |      2 |      0 |          0 |
|       i_uart                                |                                 obi_uart |        417 |        417 |       0 |    0 |  514 |      0 |      0 |          0 |
|         i_uart_register                     |                        obi_uart_register |        106 |        106 |       0 |    0 |   84 |      0 |      0 |          0 |
|         i_uart_rx                           |                              obi_uart_rx |        170 |        170 |       0 |    0 |  231 |      0 |      0 |          0 |
|           i_fifo_v3                         |                  fifo_v3__parameterized2 |        100 |        100 |       0 |    0 |  189 |      0 |      0 |          0 |
|         i_uart_tx                           |                              obi_uart_tx |         97 |         97 |       0 |    0 |  160 |      0 |      0 |          0 |
|           i_fifo_v3                         |                  fifo_v3__parameterized3 |         77 |         77 |       0 |    0 |  141 |      0 |      0 |          0 |
|       i_core_wrap                           |                                core_wrap |       3116 |       3116 |       0 |    0 | 1800 |      0 |      0 |          0 |
|         i_ibex                              |                                cve2_core |       3116 |       3116 |       0 |    0 | 1800 |      0 |      0 |          0 |
|           cs_registers_i                    |                        cve2_cs_registers |         82 |         82 |       0 |    0 |  420 |      0 |      0 |          0 |
|             minstret_counter_i              |             cve2_counter__parameterized0 |          2 |          2 |       0 |    0 |   64 |      0 |      0 |          0 |
|             mcycle_counter_i                |                             cve2_counter |          2 |          2 |       0 |    0 |   64 |      0 |      0 |          0 |
|           ex_block_i                        |                            cve2_ex_block |         79 |         79 |       0 |    0 |    0 |      0 |      0 |          0 |
|             alu_i                           |                                 cve2_alu |         79 |         79 |       0 |    0 |    0 |      0 |      0 |          0 |
|           id_stage_i                        |                            cve2_id_stage |        417 |        417 |       0 |    0 |   14 |      0 |      0 |          0 |
|             controller_i                    |                          cve2_controller |        417 |        417 |       0 |    0 |   11 |      0 |      0 |          0 |
|           if_stage_i                        |                            cve2_if_stage |       1689 |       1689 |       0 |    0 |  304 |      0 |      0 |          0 |
|             (if_stage_i)                    |                            cve2_if_stage |       1140 |       1140 |       0 |    0 |  105 |      0 |      0 |          0 |
|             prefetch_buffer_i               |                     cve2_prefetch_buffer |        549 |        549 |       0 |    0 |  199 |      0 |      0 |          0 |
|               (prefetch_buffer_i)           |                     cve2_prefetch_buffer |        227 |        227 |       0 |    0 |   66 |      0 |      0 |          0 |
|               fifo_i                        |                          cve2_fetch_fifo |        322 |        322 |       0 |    0 |  133 |      0 |      0 |          0 |
|           load_store_unit_i                 |                     cve2_load_store_unit |        118 |        118 |       0 |    0 |   70 |      0 |      0 |          0 |
|           register_file_i                   |                    cve2_register_file_ff |        732 |        732 |       0 |    0 |  992 |      0 |      0 |          0 |
|       i_dm_top                              |                               dm_obi_top |       1715 |       1715 |       0 |    0 |  673 |      0 |      0 |          0 |
|         i_dm_top                            |                                   dm_top |       1715 |       1715 |       0 |    0 |  672 |      0 |      0 |          0 |
|           i_dm_mem                          |                                   dm_mem |         71 |         71 |       0 |    0 |   77 |      0 |      0 |          0 |
|             (i_dm_mem)                      |                                   dm_mem |         12 |         12 |       0 |    0 |   72 |      0 |      0 |          0 |
|             gen_rom_snd_scratch.i_debug_rom |                                debug_rom |         59 |         59 |       0 |    0 |    5 |      0 |      0 |          0 |
|           i_dm_csrs                         |                                  dm_csrs |       1617 |       1617 |       0 |    0 |  592 |      0 |      0 |          0 |
|             (i_dm_csrs)                     |                                  dm_csrs |       1469 |       1469 |       0 |    0 |  520 |      0 |      0 |          0 |
|             i_fifo                          |                                  fifo_v3 |        148 |        148 |       0 |    0 |   72 |      0 |      0 |          0 |
|       i_dmi_jtag                            |                                 dmi_jtag |        701 |        701 |       0 |    0 |  457 |      0 |      0 |          0 |
|         (i_dmi_jtag)                        |                                 dmi_jtag |          2 |          2 |       0 |    0 |  119 |      0 |      0 |          0 |
|         i_dmi_cdc                           |                                  dmi_cdc |        519 |        519 |       0 |    0 |  278 |      0 |      0 |          0 |
|           i_cdc_resp                        |     cdc_2phase_clearable__parameterized0 |        131 |        131 |       0 |    0 |  131 |      0 |      0 |          0 |
|             i_dst                           | cdc_2phase_dst_clearable__parameterized0 |         68 |         68 |       0 |    0 |   39 |      0 |      0 |          0 |
|               (i_dst)                       | cdc_2phase_dst_clearable__parameterized0 |         68 |         68 |       0 |    0 |   36 |      0 |      0 |          0 |
|             i_cdc_reset_ctrlr               |                          cdc_reset_ctrlr |         60 |         60 |       0 |    0 |   50 |      0 |      0 |          0 |
|           i_cdc_req                         |                     cdc_2phase_clearable |        388 |        388 |       0 |    0 |  145 |      0 |      0 |          0 |
|             i_dst                           |                 cdc_2phase_dst_clearable |        283 |        283 |       0 |    0 |   46 |      0 |      0 |          0 |
|               (i_dst)                       |                 cdc_2phase_dst_clearable |        283 |        283 |       0 |    0 |   43 |      0 |      0 |          0 |
|             i_cdc_reset_ctrlr               |                       cdc_reset_ctrlr_56 |         61 |         61 |       0 |    0 |   50 |      0 |      0 |          0 |
|         i_dmi_jtag_tap                      |                             dmi_jtag_tap |        180 |        180 |       0 |    0 |   60 |      0 |      0 |          0 |
|           (i_dmi_jtag_tap)                  |                             dmi_jtag_tap |        180 |        180 |       0 |    0 |   60 |      0 |      0 |          0 |
|       i_gpio                                |                                     gpio |         42 |         42 |       0 |    0 |   54 |      0 |      0 |          0 |
|       i_main_xbar                           |                                 obi_xbar |        604 |        604 |       0 |    0 |   85 |      0 |      0 |          0 |
|         gen_demux[1].i_demux                |                                obi_demux |         81 |         81 |       0 |    0 |    5 |      0 |      0 |          0 |
|           (gen_demux[1].i_demux)            |                                obi_demux |         78 |         78 |       0 |    0 |    3 |      0 |      0 |          0 |
|         gen_demux[2].i_demux                |                             obi_demux_23 |        115 |        115 |       0 |    0 |    5 |      0 |      0 |          0 |
|           (gen_demux[2].i_demux)            |                             obi_demux_23 |        112 |        112 |       0 |    0 |    3 |      0 |      0 |          0 |
|         gen_mux[1].i_mux                    |                               obi_mux_26 |         68 |         68 |       0 |    0 |   14 |      0 |      0 |          0 |
|         gen_mux[2].i_mux                    |                               obi_mux_27 |         67 |         67 |       0 |    0 |   14 |      0 |      0 |          0 |
|           gen_no_id_assign.i_fifo           |               fifo_v3__parameterized0_32 |         62 |         62 |       0 |    0 |    8 |      0 |      0 |          0 |
|         gen_mux[3].i_mux                    |                               obi_mux_28 |        102 |        102 |       0 |    0 |   14 |      0 |      0 |          0 |
|           gen_no_id_assign.i_fifo           |               fifo_v3__parameterized0_30 |         96 |         96 |       0 |    0 |    8 |      0 |      0 |          0 |
|         gen_mux[4].i_mux                    |                               obi_mux_29 |        105 |        105 |       0 |    0 |   14 |      0 |      0 |          0 |
|           gen_no_id_assign.i_fifo           |                  fifo_v3__parameterized0 |         85 |         85 |       0 |    0 |    8 |      0 |      0 |          0 |
|       i_obi_demux                           |                obi_demux__parameterized0 |         63 |         63 |       0 |    0 |    5 |      0 |      0 |          0 |
|         (i_obi_demux)                       |                obi_demux__parameterized0 |         60 |         60 |       0 |    0 |    3 |      0 |      0 |          0 |
|       i_soc_ctrl                            |                         soc_ctrl_reg_top |          0 |          0 |       0 |    0 |   67 |      0 |      0 |          0 |
|       i_timer                               |                               timer_unit |        189 |        189 |       0 |    0 |  274 |      0 |      0 |          0 |
|         (i_timer)                           |                               timer_unit |          3 |          3 |       0 |    0 |  142 |      0 |      0 |          0 |
|         counter_hi_i                        |                       timer_unit_counter |         76 |         76 |       0 |    0 |   33 |      0 |      0 |          0 |
|     i_user                                  |                              user_domain |         57 |         57 |       0 |    0 |   70 |      0 |      0 |          1 |
|       i_simple_alu                          |                               simple_alu |         12 |         12 |       0 |    0 |   65 |      0 |      0 |          1 |
+---------------------------------------------+------------------------------------------+------------+------------+---------+------+------+--------+--------+------------+


