Copyright 1986-2022 Xilinx, Inc. All Rights Reserved. Copyright 2022-2025 Advanced Micro Devices, Inc. All Rights Reserved.
---------------------------------------------------------------------------------------------------------------------------------------------
| Tool Version : Vivado v.2025.2 (lin64) Build 6299465 Fri Nov 14 12:34:56 MST 2025
| Date         : Sat Apr  4 21:00:33 2026
| Host         : devan-astroboy running 64-bit Ubuntu 24.04.4 LTS
| Command      : check_timing -file /home/devan/SoC/croc_pynq-z1/xilinx/build/pynqz1.croc/reports.impl/check_timing.rpt -verbose
| Design       : croc_xilinx
| Device       : 7z020-clg400
| Speed File   : -1  PRODUCTION 1.12 2019-11-22
| Design State : Routed
---------------------------------------------------------------------------------------------------------------------------------------------


check_timing report

Table of Contents
-----------------
1. checking no_clock (317)
2. checking constant_clock (0)
3. checking pulse_width_clock (0)
4. checking unconstrained_internal_endpoints (494)
5. checking no_input_delay (4)
6. checking no_output_delay (2)
7. checking multiple_clock (0)
8. checking generated_clocks (0)
9. checking loops (0)
10. checking partial_input_delay (5)
11. checking partial_output_delay (0)
12. checking latch_loops (0)

1. checking no_clock (317)
--------------------------
 There are 317 register/latch pins with no clock driven by root clock pin: jtag_tck_i (HIGH)

i_croc_soc/i_croc/i_dmi_jtag/FSM_onehot_state_q_reg[0]/C
i_croc_soc/i_croc/i_dmi_jtag/FSM_onehot_state_q_reg[1]/C
i_croc_soc/i_croc/i_dmi_jtag/FSM_onehot_state_q_reg[2]/C
i_croc_soc/i_croc/i_dmi_jtag/FSM_onehot_state_q_reg[3]/C
i_croc_soc/i_croc/i_dmi_jtag/FSM_onehot_state_q_reg[4]/C
i_croc_soc/i_croc/i_dmi_jtag/address_q_reg[0]/C
i_croc_soc/i_croc/i_dmi_jtag/address_q_reg[1]/C
i_croc_soc/i_croc/i_dmi_jtag/address_q_reg[2]/C
i_croc_soc/i_croc/i_dmi_jtag/address_q_reg[3]/C
i_croc_soc/i_croc/i_dmi_jtag/address_q_reg[4]/C
i_croc_soc/i_croc/i_dmi_jtag/address_q_reg[5]/C
i_croc_soc/i_croc/i_dmi_jtag/address_q_reg[6]/C
i_croc_soc/i_croc/i_dmi_jtag/data_q_reg[0]/C
i_croc_soc/i_croc/i_dmi_jtag/data_q_reg[10]/C
i_croc_soc/i_croc/i_dmi_jtag/data_q_reg[11]/C
i_croc_soc/i_croc/i_dmi_jtag/data_q_reg[12]/C
i_croc_soc/i_croc/i_dmi_jtag/data_q_reg[13]/C
i_croc_soc/i_croc/i_dmi_jtag/data_q_reg[14]/C
i_croc_soc/i_croc/i_dmi_jtag/data_q_reg[15]/C
i_croc_soc/i_croc/i_dmi_jtag/data_q_reg[16]/C
i_croc_soc/i_croc/i_dmi_jtag/data_q_reg[17]/C
i_croc_soc/i_croc/i_dmi_jtag/data_q_reg[18]/C
i_croc_soc/i_croc/i_dmi_jtag/data_q_reg[19]/C
i_croc_soc/i_croc/i_dmi_jtag/data_q_reg[1]/C
i_croc_soc/i_croc/i_dmi_jtag/data_q_reg[20]/C
i_croc_soc/i_croc/i_dmi_jtag/data_q_reg[21]/C
i_croc_soc/i_croc/i_dmi_jtag/data_q_reg[22]/C
i_croc_soc/i_croc/i_dmi_jtag/data_q_reg[23]/C
i_croc_soc/i_croc/i_dmi_jtag/data_q_reg[24]/C
i_croc_soc/i_croc/i_dmi_jtag/data_q_reg[25]/C
i_croc_soc/i_croc/i_dmi_jtag/data_q_reg[26]/C
i_croc_soc/i_croc/i_dmi_jtag/data_q_reg[27]/C
i_croc_soc/i_croc/i_dmi_jtag/data_q_reg[28]/C
i_croc_soc/i_croc/i_dmi_jtag/data_q_reg[29]/C
i_croc_soc/i_croc/i_dmi_jtag/data_q_reg[2]/C
i_croc_soc/i_croc/i_dmi_jtag/data_q_reg[30]/C
i_croc_soc/i_croc/i_dmi_jtag/data_q_reg[31]/C
i_croc_soc/i_croc/i_dmi_jtag/data_q_reg[3]/C
i_croc_soc/i_croc/i_dmi_jtag/data_q_reg[4]/C
i_croc_soc/i_croc/i_dmi_jtag/data_q_reg[5]/C
i_croc_soc/i_croc/i_dmi_jtag/data_q_reg[6]/C
i_croc_soc/i_croc/i_dmi_jtag/data_q_reg[7]/C
i_croc_soc/i_croc/i_dmi_jtag/data_q_reg[8]/C
i_croc_soc/i_croc/i_dmi_jtag/data_q_reg[9]/C
i_croc_soc/i_croc/i_dmi_jtag/dr_q_reg[0]/C
i_croc_soc/i_croc/i_dmi_jtag/dr_q_reg[10]/C
i_croc_soc/i_croc/i_dmi_jtag/dr_q_reg[11]/C
i_croc_soc/i_croc/i_dmi_jtag/dr_q_reg[12]/C
i_croc_soc/i_croc/i_dmi_jtag/dr_q_reg[13]/C
i_croc_soc/i_croc/i_dmi_jtag/dr_q_reg[14]/C
i_croc_soc/i_croc/i_dmi_jtag/dr_q_reg[15]/C
i_croc_soc/i_croc/i_dmi_jtag/dr_q_reg[16]/C
i_croc_soc/i_croc/i_dmi_jtag/dr_q_reg[17]/C
i_croc_soc/i_croc/i_dmi_jtag/dr_q_reg[18]/C
i_croc_soc/i_croc/i_dmi_jtag/dr_q_reg[19]/C
i_croc_soc/i_croc/i_dmi_jtag/dr_q_reg[1]/C
i_croc_soc/i_croc/i_dmi_jtag/dr_q_reg[20]/C
i_croc_soc/i_croc/i_dmi_jtag/dr_q_reg[21]/C
i_croc_soc/i_croc/i_dmi_jtag/dr_q_reg[22]/C
i_croc_soc/i_croc/i_dmi_jtag/dr_q_reg[23]/C
i_croc_soc/i_croc/i_dmi_jtag/dr_q_reg[24]/C
i_croc_soc/i_croc/i_dmi_jtag/dr_q_reg[25]/C
i_croc_soc/i_croc/i_dmi_jtag/dr_q_reg[26]/C
i_croc_soc/i_croc/i_dmi_jtag/dr_q_reg[27]/C
i_croc_soc/i_croc/i_dmi_jtag/dr_q_reg[28]/C
i_croc_soc/i_croc/i_dmi_jtag/dr_q_reg[29]/C
i_croc_soc/i_croc/i_dmi_jtag/dr_q_reg[2]/C
i_croc_soc/i_croc/i_dmi_jtag/dr_q_reg[30]/C
i_croc_soc/i_croc/i_dmi_jtag/dr_q_reg[31]/C
i_croc_soc/i_croc/i_dmi_jtag/dr_q_reg[32]/C
i_croc_soc/i_croc/i_dmi_jtag/dr_q_reg[33]/C
i_croc_soc/i_croc/i_dmi_jtag/dr_q_reg[34]/C
i_croc_soc/i_croc/i_dmi_jtag/dr_q_reg[35]/C
i_croc_soc/i_croc/i_dmi_jtag/dr_q_reg[36]/C
i_croc_soc/i_croc/i_dmi_jtag/dr_q_reg[37]/C
i_croc_soc/i_croc/i_dmi_jtag/dr_q_reg[38]/C
i_croc_soc/i_croc/i_dmi_jtag/dr_q_reg[39]/C
i_croc_soc/i_croc/i_dmi_jtag/dr_q_reg[3]/C
i_croc_soc/i_croc/i_dmi_jtag/dr_q_reg[40]/C
i_croc_soc/i_croc/i_dmi_jtag/dr_q_reg[4]/C
i_croc_soc/i_croc/i_dmi_jtag/dr_q_reg[5]/C
i_croc_soc/i_croc/i_dmi_jtag/dr_q_reg[6]/C
i_croc_soc/i_croc/i_dmi_jtag/dr_q_reg[7]/C
i_croc_soc/i_croc/i_dmi_jtag/dr_q_reg[8]/C
i_croc_soc/i_croc/i_dmi_jtag/dr_q_reg[9]/C
i_croc_soc/i_croc/i_dmi_jtag/dtmcs_q_reg[abits][4]/C
i_croc_soc/i_croc/i_dmi_jtag/dtmcs_q_reg[abits][5]/C
i_croc_soc/i_croc/i_dmi_jtag/dtmcs_q_reg[abits][6]/C
i_croc_soc/i_croc/i_dmi_jtag/dtmcs_q_reg[abits][7]/C
i_croc_soc/i_croc/i_dmi_jtag/dtmcs_q_reg[abits][8]/C
i_croc_soc/i_croc/i_dmi_jtag/dtmcs_q_reg[abits][9]/C
i_croc_soc/i_croc/i_dmi_jtag/dtmcs_q_reg[dmihardreset]/C
i_croc_soc/i_croc/i_dmi_jtag/dtmcs_q_reg[dmireset]/C
i_croc_soc/i_croc/i_dmi_jtag/dtmcs_q_reg[dmistat][10]/C
i_croc_soc/i_croc/i_dmi_jtag/dtmcs_q_reg[dmistat][11]/C
i_croc_soc/i_croc/i_dmi_jtag/dtmcs_q_reg[idle][12]/C
i_croc_soc/i_croc/i_dmi_jtag/dtmcs_q_reg[idle][13]/C
i_croc_soc/i_croc/i_dmi_jtag/dtmcs_q_reg[idle][14]/C
i_croc_soc/i_croc/i_dmi_jtag/dtmcs_q_reg[version][0]/C
i_croc_soc/i_croc/i_dmi_jtag/dtmcs_q_reg[version][1]/C
i_croc_soc/i_croc/i_dmi_jtag/dtmcs_q_reg[version][2]/C
i_croc_soc/i_croc/i_dmi_jtag/dtmcs_q_reg[version][3]/C
i_croc_soc/i_croc/i_dmi_jtag/dtmcs_q_reg[zero0]/C
i_croc_soc/i_croc/i_dmi_jtag/dtmcs_q_reg[zero1][18]/C
i_croc_soc/i_croc/i_dmi_jtag/dtmcs_q_reg[zero1][19]/C
i_croc_soc/i_croc/i_dmi_jtag/dtmcs_q_reg[zero1][20]/C
i_croc_soc/i_croc/i_dmi_jtag/dtmcs_q_reg[zero1][21]/C
i_croc_soc/i_croc/i_dmi_jtag/dtmcs_q_reg[zero1][22]/C
i_croc_soc/i_croc/i_dmi_jtag/dtmcs_q_reg[zero1][23]/C
i_croc_soc/i_croc/i_dmi_jtag/dtmcs_q_reg[zero1][24]/C
i_croc_soc/i_croc/i_dmi_jtag/dtmcs_q_reg[zero1][25]/C
i_croc_soc/i_croc/i_dmi_jtag/dtmcs_q_reg[zero1][26]/C
i_croc_soc/i_croc/i_dmi_jtag/dtmcs_q_reg[zero1][27]/C
i_croc_soc/i_croc/i_dmi_jtag/dtmcs_q_reg[zero1][28]/C
i_croc_soc/i_croc/i_dmi_jtag/dtmcs_q_reg[zero1][29]/C
i_croc_soc/i_croc/i_dmi_jtag/dtmcs_q_reg[zero1][30]/C
i_croc_soc/i_croc/i_dmi_jtag/dtmcs_q_reg[zero1][31]/C
i_croc_soc/i_croc/i_dmi_jtag/error_q_reg[0]/C
i_croc_soc/i_croc/i_dmi_jtag/error_q_reg[1]/C
i_croc_soc/i_croc/i_dmi_jtag/i_dmi_cdc/i_cdc_req/i_cdc_reset_ctrlr/i_cdc_reset_ctrlr_half_a/FSM_onehot_initiator_state_q_reg[0]/C
i_croc_soc/i_croc/i_dmi_jtag/i_dmi_cdc/i_cdc_req/i_cdc_reset_ctrlr/i_cdc_reset_ctrlr_half_a/FSM_onehot_initiator_state_q_reg[1]/C
i_croc_soc/i_croc/i_dmi_jtag/i_dmi_cdc/i_cdc_req/i_cdc_reset_ctrlr/i_cdc_reset_ctrlr_half_a/FSM_onehot_initiator_state_q_reg[2]/C
i_croc_soc/i_croc/i_dmi_jtag/i_dmi_cdc/i_cdc_req/i_cdc_reset_ctrlr/i_cdc_reset_ctrlr_half_a/FSM_onehot_initiator_state_q_reg[3]/C
i_croc_soc/i_croc/i_dmi_jtag/i_dmi_cdc/i_cdc_req/i_cdc_reset_ctrlr/i_cdc_reset_ctrlr_half_a/FSM_onehot_initiator_state_q_reg[4]/C
i_croc_soc/i_croc/i_dmi_jtag/i_dmi_cdc/i_cdc_req/i_cdc_reset_ctrlr/i_cdc_reset_ctrlr_half_a/FSM_onehot_initiator_state_q_reg[5]/C
i_croc_soc/i_croc/i_dmi_jtag/i_dmi_cdc/i_cdc_req/i_cdc_reset_ctrlr/i_cdc_reset_ctrlr_half_a/FSM_onehot_initiator_state_q_reg[6]/C
i_croc_soc/i_croc/i_dmi_jtag/i_dmi_cdc/i_cdc_req/i_cdc_reset_ctrlr/i_cdc_reset_ctrlr_half_a/FSM_onehot_initiator_state_q_reg[7]/C
i_croc_soc/i_croc/i_dmi_jtag/i_dmi_cdc/i_cdc_req/i_cdc_reset_ctrlr/i_cdc_reset_ctrlr_half_a/FSM_onehot_initiator_state_q_reg[8]/C
i_croc_soc/i_croc/i_dmi_jtag/i_dmi_cdc/i_cdc_req/i_cdc_reset_ctrlr/i_cdc_reset_ctrlr_half_a/i_state_transition_cdc_dst/FSM_onehot_state_q_reg[0]/C
i_croc_soc/i_croc/i_dmi_jtag/i_dmi_cdc/i_cdc_req/i_cdc_reset_ctrlr/i_cdc_reset_ctrlr_half_a/i_state_transition_cdc_dst/FSM_onehot_state_q_reg[1]/C
i_croc_soc/i_croc/i_dmi_jtag/i_dmi_cdc/i_cdc_req/i_cdc_reset_ctrlr/i_cdc_reset_ctrlr_half_a/i_state_transition_cdc_dst/FSM_onehot_state_q_reg[2]/C
i_croc_soc/i_croc/i_dmi_jtag/i_dmi_cdc/i_cdc_req/i_cdc_reset_ctrlr/i_cdc_reset_ctrlr_half_a/i_state_transition_cdc_dst/ack_dst_q_reg/C
i_croc_soc/i_croc/i_dmi_jtag/i_dmi_cdc/i_cdc_req/i_cdc_reset_ctrlr/i_cdc_reset_ctrlr_half_a/i_state_transition_cdc_dst/i_sync/reg_q_reg[0]/C
i_croc_soc/i_croc/i_dmi_jtag/i_dmi_cdc/i_cdc_req/i_cdc_reset_ctrlr/i_cdc_reset_ctrlr_half_a/i_state_transition_cdc_dst/i_sync/reg_q_reg[1]/C
i_croc_soc/i_croc/i_dmi_jtag/i_dmi_cdc/i_cdc_req/i_cdc_reset_ctrlr/i_cdc_reset_ctrlr_half_a/i_state_transition_cdc_src/FSM_onehot_state_q_reg[0]/C
i_croc_soc/i_croc/i_dmi_jtag/i_dmi_cdc/i_cdc_req/i_cdc_reset_ctrlr/i_cdc_reset_ctrlr_half_a/i_state_transition_cdc_src/FSM_onehot_state_q_reg[1]/C
i_croc_soc/i_croc/i_dmi_jtag/i_dmi_cdc/i_cdc_req/i_cdc_reset_ctrlr/i_cdc_reset_ctrlr_half_a/i_state_transition_cdc_src/FSM_onehot_state_q_reg[2]/C
i_croc_soc/i_croc/i_dmi_jtag/i_dmi_cdc/i_cdc_req/i_cdc_reset_ctrlr/i_cdc_reset_ctrlr_half_a/i_state_transition_cdc_src/data_src_q_reg[0]/C
i_croc_soc/i_croc/i_dmi_jtag/i_dmi_cdc/i_cdc_req/i_cdc_reset_ctrlr/i_cdc_reset_ctrlr_half_a/i_state_transition_cdc_src/data_src_q_reg[1]/C
i_croc_soc/i_croc/i_dmi_jtag/i_dmi_cdc/i_cdc_req/i_cdc_reset_ctrlr/i_cdc_reset_ctrlr_half_a/i_state_transition_cdc_src/i_sync/reg_q_reg[0]/C
i_croc_soc/i_croc/i_dmi_jtag/i_dmi_cdc/i_cdc_req/i_cdc_reset_ctrlr/i_cdc_reset_ctrlr_half_a/i_state_transition_cdc_src/i_sync/reg_q_reg[1]/C
i_croc_soc/i_croc/i_dmi_jtag/i_dmi_cdc/i_cdc_req/i_cdc_reset_ctrlr/i_cdc_reset_ctrlr_half_a/i_state_transition_cdc_src/req_src_q_reg/C
i_croc_soc/i_croc/i_dmi_jtag/i_dmi_cdc/i_cdc_req/i_cdc_reset_ctrlr/i_cdc_reset_ctrlr_half_a/receiver_phase_q_reg[0]/C
i_croc_soc/i_croc/i_dmi_jtag/i_dmi_cdc/i_cdc_req/i_cdc_reset_ctrlr/i_cdc_reset_ctrlr_half_a/receiver_phase_q_reg[1]/C
i_croc_soc/i_croc/i_dmi_jtag/i_dmi_cdc/i_cdc_req/i_src/data_src_q_reg[addr][0]/C
i_croc_soc/i_croc/i_dmi_jtag/i_dmi_cdc/i_cdc_req/i_src/data_src_q_reg[addr][1]/C
i_croc_soc/i_croc/i_dmi_jtag/i_dmi_cdc/i_cdc_req/i_src/data_src_q_reg[addr][2]/C
i_croc_soc/i_croc/i_dmi_jtag/i_dmi_cdc/i_cdc_req/i_src/data_src_q_reg[addr][3]/C
i_croc_soc/i_croc/i_dmi_jtag/i_dmi_cdc/i_cdc_req/i_src/data_src_q_reg[addr][4]/C
i_croc_soc/i_croc/i_dmi_jtag/i_dmi_cdc/i_cdc_req/i_src/data_src_q_reg[addr][5]/C
i_croc_soc/i_croc/i_dmi_jtag/i_dmi_cdc/i_cdc_req/i_src/data_src_q_reg[addr][6]/C
i_croc_soc/i_croc/i_dmi_jtag/i_dmi_cdc/i_cdc_req/i_src/data_src_q_reg[data][0]/C
i_croc_soc/i_croc/i_dmi_jtag/i_dmi_cdc/i_cdc_req/i_src/data_src_q_reg[data][10]/C
i_croc_soc/i_croc/i_dmi_jtag/i_dmi_cdc/i_cdc_req/i_src/data_src_q_reg[data][11]/C
i_croc_soc/i_croc/i_dmi_jtag/i_dmi_cdc/i_cdc_req/i_src/data_src_q_reg[data][12]/C
i_croc_soc/i_croc/i_dmi_jtag/i_dmi_cdc/i_cdc_req/i_src/data_src_q_reg[data][13]/C
i_croc_soc/i_croc/i_dmi_jtag/i_dmi_cdc/i_cdc_req/i_src/data_src_q_reg[data][14]/C
i_croc_soc/i_croc/i_dmi_jtag/i_dmi_cdc/i_cdc_req/i_src/data_src_q_reg[data][15]/C
i_croc_soc/i_croc/i_dmi_jtag/i_dmi_cdc/i_cdc_req/i_src/data_src_q_reg[data][16]/C
i_croc_soc/i_croc/i_dmi_jtag/i_dmi_cdc/i_cdc_req/i_src/data_src_q_reg[data][17]/C
i_croc_soc/i_croc/i_dmi_jtag/i_dmi_cdc/i_cdc_req/i_src/data_src_q_reg[data][18]/C
i_croc_soc/i_croc/i_dmi_jtag/i_dmi_cdc/i_cdc_req/i_src/data_src_q_reg[data][19]/C
i_croc_soc/i_croc/i_dmi_jtag/i_dmi_cdc/i_cdc_req/i_src/data_src_q_reg[data][1]/C
i_croc_soc/i_croc/i_dmi_jtag/i_dmi_cdc/i_cdc_req/i_src/data_src_q_reg[data][20]/C
i_croc_soc/i_croc/i_dmi_jtag/i_dmi_cdc/i_cdc_req/i_src/data_src_q_reg[data][21]/C
i_croc_soc/i_croc/i_dmi_jtag/i_dmi_cdc/i_cdc_req/i_src/data_src_q_reg[data][22]/C
i_croc_soc/i_croc/i_dmi_jtag/i_dmi_cdc/i_cdc_req/i_src/data_src_q_reg[data][23]/C
i_croc_soc/i_croc/i_dmi_jtag/i_dmi_cdc/i_cdc_req/i_src/data_src_q_reg[data][24]/C
i_croc_soc/i_croc/i_dmi_jtag/i_dmi_cdc/i_cdc_req/i_src/data_src_q_reg[data][25]/C
i_croc_soc/i_croc/i_dmi_jtag/i_dmi_cdc/i_cdc_req/i_src/data_src_q_reg[data][26]/C
i_croc_soc/i_croc/i_dmi_jtag/i_dmi_cdc/i_cdc_req/i_src/data_src_q_reg[data][27]/C
i_croc_soc/i_croc/i_dmi_jtag/i_dmi_cdc/i_cdc_req/i_src/data_src_q_reg[data][28]/C
i_croc_soc/i_croc/i_dmi_jtag/i_dmi_cdc/i_cdc_req/i_src/data_src_q_reg[data][29]/C
i_croc_soc/i_croc/i_dmi_jtag/i_dmi_cdc/i_cdc_req/i_src/data_src_q_reg[data][2]/C
i_croc_soc/i_croc/i_dmi_jtag/i_dmi_cdc/i_cdc_req/i_src/data_src_q_reg[data][30]/C
i_croc_soc/i_croc/i_dmi_jtag/i_dmi_cdc/i_cdc_req/i_src/data_src_q_reg[data][31]/C
i_croc_soc/i_croc/i_dmi_jtag/i_dmi_cdc/i_cdc_req/i_src/data_src_q_reg[data][3]/C
i_croc_soc/i_croc/i_dmi_jtag/i_dmi_cdc/i_cdc_req/i_src/data_src_q_reg[data][4]/C
i_croc_soc/i_croc/i_dmi_jtag/i_dmi_cdc/i_cdc_req/i_src/data_src_q_reg[data][5]/C
i_croc_soc/i_croc/i_dmi_jtag/i_dmi_cdc/i_cdc_req/i_src/data_src_q_reg[data][6]/C
i_croc_soc/i_croc/i_dmi_jtag/i_dmi_cdc/i_cdc_req/i_src/data_src_q_reg[data][7]/C
i_croc_soc/i_croc/i_dmi_jtag/i_dmi_cdc/i_cdc_req/i_src/data_src_q_reg[data][8]/C
i_croc_soc/i_croc/i_dmi_jtag/i_dmi_cdc/i_cdc_req/i_src/data_src_q_reg[data][9]/C
i_croc_soc/i_croc/i_dmi_jtag/i_dmi_cdc/i_cdc_req/i_src/data_src_q_reg[op][0]/C
i_croc_soc/i_croc/i_dmi_jtag/i_dmi_cdc/i_cdc_req/i_src/data_src_q_reg[op][1]/C
i_croc_soc/i_croc/i_dmi_jtag/i_dmi_cdc/i_cdc_req/i_src/i_sync/reg_q_reg[0]/C
i_croc_soc/i_croc/i_dmi_jtag/i_dmi_cdc/i_cdc_req/i_src/i_sync/reg_q_reg[1]/C
i_croc_soc/i_croc/i_dmi_jtag/i_dmi_cdc/i_cdc_req/i_src/i_sync/reg_q_reg[2]/C
i_croc_soc/i_croc/i_dmi_jtag/i_dmi_cdc/i_cdc_req/i_src/req_src_q_reg/C
i_croc_soc/i_croc/i_dmi_jtag/i_dmi_cdc/i_cdc_req/s_src_clear_ack_q_reg/C
i_croc_soc/i_croc/i_dmi_jtag/i_dmi_cdc/i_cdc_req/s_src_isolate_ack_q_reg/C
i_croc_soc/i_croc/i_dmi_jtag/i_dmi_cdc/i_cdc_resp/i_cdc_reset_ctrlr/i_cdc_reset_ctrlr_half_b/FSM_onehot_initiator_state_q_reg[0]/C
i_croc_soc/i_croc/i_dmi_jtag/i_dmi_cdc/i_cdc_resp/i_cdc_reset_ctrlr/i_cdc_reset_ctrlr_half_b/FSM_onehot_initiator_state_q_reg[1]/C
i_croc_soc/i_croc/i_dmi_jtag/i_dmi_cdc/i_cdc_resp/i_cdc_reset_ctrlr/i_cdc_reset_ctrlr_half_b/FSM_onehot_initiator_state_q_reg[2]/C
i_croc_soc/i_croc/i_dmi_jtag/i_dmi_cdc/i_cdc_resp/i_cdc_reset_ctrlr/i_cdc_reset_ctrlr_half_b/FSM_onehot_initiator_state_q_reg[3]/C
i_croc_soc/i_croc/i_dmi_jtag/i_dmi_cdc/i_cdc_resp/i_cdc_reset_ctrlr/i_cdc_reset_ctrlr_half_b/FSM_onehot_initiator_state_q_reg[4]/C
i_croc_soc/i_croc/i_dmi_jtag/i_dmi_cdc/i_cdc_resp/i_cdc_reset_ctrlr/i_cdc_reset_ctrlr_half_b/FSM_onehot_initiator_state_q_reg[5]/C
i_croc_soc/i_croc/i_dmi_jtag/i_dmi_cdc/i_cdc_resp/i_cdc_reset_ctrlr/i_cdc_reset_ctrlr_half_b/FSM_onehot_initiator_state_q_reg[6]/C
i_croc_soc/i_croc/i_dmi_jtag/i_dmi_cdc/i_cdc_resp/i_cdc_reset_ctrlr/i_cdc_reset_ctrlr_half_b/FSM_onehot_initiator_state_q_reg[7]/C
i_croc_soc/i_croc/i_dmi_jtag/i_dmi_cdc/i_cdc_resp/i_cdc_reset_ctrlr/i_cdc_reset_ctrlr_half_b/FSM_onehot_initiator_state_q_reg[8]/C
i_croc_soc/i_croc/i_dmi_jtag/i_dmi_cdc/i_cdc_resp/i_cdc_reset_ctrlr/i_cdc_reset_ctrlr_half_b/i_state_transition_cdc_dst/FSM_onehot_state_q_reg[0]/C
i_croc_soc/i_croc/i_dmi_jtag/i_dmi_cdc/i_cdc_resp/i_cdc_reset_ctrlr/i_cdc_reset_ctrlr_half_b/i_state_transition_cdc_dst/FSM_onehot_state_q_reg[1]/C
i_croc_soc/i_croc/i_dmi_jtag/i_dmi_cdc/i_cdc_resp/i_cdc_reset_ctrlr/i_cdc_reset_ctrlr_half_b/i_state_transition_cdc_dst/FSM_onehot_state_q_reg[2]/C
i_croc_soc/i_croc/i_dmi_jtag/i_dmi_cdc/i_cdc_resp/i_cdc_reset_ctrlr/i_cdc_reset_ctrlr_half_b/i_state_transition_cdc_dst/ack_dst_q_reg/C
i_croc_soc/i_croc/i_dmi_jtag/i_dmi_cdc/i_cdc_resp/i_cdc_reset_ctrlr/i_cdc_reset_ctrlr_half_b/i_state_transition_cdc_dst/i_sync/reg_q_reg[0]/C
i_croc_soc/i_croc/i_dmi_jtag/i_dmi_cdc/i_cdc_resp/i_cdc_reset_ctrlr/i_cdc_reset_ctrlr_half_b/i_state_transition_cdc_dst/i_sync/reg_q_reg[1]/C
i_croc_soc/i_croc/i_dmi_jtag/i_dmi_cdc/i_cdc_resp/i_cdc_reset_ctrlr/i_cdc_reset_ctrlr_half_b/i_state_transition_cdc_src/FSM_onehot_state_q_reg[0]/C
i_croc_soc/i_croc/i_dmi_jtag/i_dmi_cdc/i_cdc_resp/i_cdc_reset_ctrlr/i_cdc_reset_ctrlr_half_b/i_state_transition_cdc_src/FSM_onehot_state_q_reg[1]/C
i_croc_soc/i_croc/i_dmi_jtag/i_dmi_cdc/i_cdc_resp/i_cdc_reset_ctrlr/i_cdc_reset_ctrlr_half_b/i_state_transition_cdc_src/FSM_onehot_state_q_reg[2]/C
i_croc_soc/i_croc/i_dmi_jtag/i_dmi_cdc/i_cdc_resp/i_cdc_reset_ctrlr/i_cdc_reset_ctrlr_half_b/i_state_transition_cdc_src/data_src_q_reg[0]/C
i_croc_soc/i_croc/i_dmi_jtag/i_dmi_cdc/i_cdc_resp/i_cdc_reset_ctrlr/i_cdc_reset_ctrlr_half_b/i_state_transition_cdc_src/data_src_q_reg[1]/C
i_croc_soc/i_croc/i_dmi_jtag/i_dmi_cdc/i_cdc_resp/i_cdc_reset_ctrlr/i_cdc_reset_ctrlr_half_b/i_state_transition_cdc_src/i_sync/reg_q_reg[0]/C
i_croc_soc/i_croc/i_dmi_jtag/i_dmi_cdc/i_cdc_resp/i_cdc_reset_ctrlr/i_cdc_reset_ctrlr_half_b/i_state_transition_cdc_src/i_sync/reg_q_reg[1]/C
i_croc_soc/i_croc/i_dmi_jtag/i_dmi_cdc/i_cdc_resp/i_cdc_reset_ctrlr/i_cdc_reset_ctrlr_half_b/i_state_transition_cdc_src/req_src_q_reg/C
i_croc_soc/i_croc/i_dmi_jtag/i_dmi_cdc/i_cdc_resp/i_cdc_reset_ctrlr/i_cdc_reset_ctrlr_half_b/receiver_phase_q_reg[0]/C
i_croc_soc/i_croc/i_dmi_jtag/i_dmi_cdc/i_cdc_resp/i_cdc_reset_ctrlr/i_cdc_reset_ctrlr_half_b/receiver_phase_q_reg[1]/C
i_croc_soc/i_croc/i_dmi_jtag/i_dmi_cdc/i_cdc_resp/i_dst/ack_dst_q_reg/C
i_croc_soc/i_croc/i_dmi_jtag/i_dmi_cdc/i_cdc_resp/i_dst/data_dst_q_reg[data][0]/C
i_croc_soc/i_croc/i_dmi_jtag/i_dmi_cdc/i_cdc_resp/i_dst/data_dst_q_reg[data][10]/C
i_croc_soc/i_croc/i_dmi_jtag/i_dmi_cdc/i_cdc_resp/i_dst/data_dst_q_reg[data][11]/C
i_croc_soc/i_croc/i_dmi_jtag/i_dmi_cdc/i_cdc_resp/i_dst/data_dst_q_reg[data][12]/C
i_croc_soc/i_croc/i_dmi_jtag/i_dmi_cdc/i_cdc_resp/i_dst/data_dst_q_reg[data][13]/C
i_croc_soc/i_croc/i_dmi_jtag/i_dmi_cdc/i_cdc_resp/i_dst/data_dst_q_reg[data][14]/C
i_croc_soc/i_croc/i_dmi_jtag/i_dmi_cdc/i_cdc_resp/i_dst/data_dst_q_reg[data][15]/C
i_croc_soc/i_croc/i_dmi_jtag/i_dmi_cdc/i_cdc_resp/i_dst/data_dst_q_reg[data][16]/C
i_croc_soc/i_croc/i_dmi_jtag/i_dmi_cdc/i_cdc_resp/i_dst/data_dst_q_reg[data][17]/C
i_croc_soc/i_croc/i_dmi_jtag/i_dmi_cdc/i_cdc_resp/i_dst/data_dst_q_reg[data][18]/C
i_croc_soc/i_croc/i_dmi_jtag/i_dmi_cdc/i_cdc_resp/i_dst/data_dst_q_reg[data][19]/C
i_croc_soc/i_croc/i_dmi_jtag/i_dmi_cdc/i_cdc_resp/i_dst/data_dst_q_reg[data][1]/C
i_croc_soc/i_croc/i_dmi_jtag/i_dmi_cdc/i_cdc_resp/i_dst/data_dst_q_reg[data][20]/C
i_croc_soc/i_croc/i_dmi_jtag/i_dmi_cdc/i_cdc_resp/i_dst/data_dst_q_reg[data][21]/C
i_croc_soc/i_croc/i_dmi_jtag/i_dmi_cdc/i_cdc_resp/i_dst/data_dst_q_reg[data][22]/C
i_croc_soc/i_croc/i_dmi_jtag/i_dmi_cdc/i_cdc_resp/i_dst/data_dst_q_reg[data][23]/C
i_croc_soc/i_croc/i_dmi_jtag/i_dmi_cdc/i_cdc_resp/i_dst/data_dst_q_reg[data][24]/C
i_croc_soc/i_croc/i_dmi_jtag/i_dmi_cdc/i_cdc_resp/i_dst/data_dst_q_reg[data][25]/C
i_croc_soc/i_croc/i_dmi_jtag/i_dmi_cdc/i_cdc_resp/i_dst/data_dst_q_reg[data][26]/C
i_croc_soc/i_croc/i_dmi_jtag/i_dmi_cdc/i_cdc_resp/i_dst/data_dst_q_reg[data][27]/C
i_croc_soc/i_croc/i_dmi_jtag/i_dmi_cdc/i_cdc_resp/i_dst/data_dst_q_reg[data][28]/C
i_croc_soc/i_croc/i_dmi_jtag/i_dmi_cdc/i_cdc_resp/i_dst/data_dst_q_reg[data][29]/C
i_croc_soc/i_croc/i_dmi_jtag/i_dmi_cdc/i_cdc_resp/i_dst/data_dst_q_reg[data][2]/C
i_croc_soc/i_croc/i_dmi_jtag/i_dmi_cdc/i_cdc_resp/i_dst/data_dst_q_reg[data][30]/C
i_croc_soc/i_croc/i_dmi_jtag/i_dmi_cdc/i_cdc_resp/i_dst/data_dst_q_reg[data][31]/C
i_croc_soc/i_croc/i_dmi_jtag/i_dmi_cdc/i_cdc_resp/i_dst/data_dst_q_reg[data][3]/C
i_croc_soc/i_croc/i_dmi_jtag/i_dmi_cdc/i_cdc_resp/i_dst/data_dst_q_reg[data][4]/C
i_croc_soc/i_croc/i_dmi_jtag/i_dmi_cdc/i_cdc_resp/i_dst/data_dst_q_reg[data][5]/C
i_croc_soc/i_croc/i_dmi_jtag/i_dmi_cdc/i_cdc_resp/i_dst/data_dst_q_reg[data][6]/C
i_croc_soc/i_croc/i_dmi_jtag/i_dmi_cdc/i_cdc_resp/i_dst/data_dst_q_reg[data][7]/C
i_croc_soc/i_croc/i_dmi_jtag/i_dmi_cdc/i_cdc_resp/i_dst/data_dst_q_reg[data][8]/C
i_croc_soc/i_croc/i_dmi_jtag/i_dmi_cdc/i_cdc_resp/i_dst/data_dst_q_reg[data][9]/C
i_croc_soc/i_croc/i_dmi_jtag/i_dmi_cdc/i_cdc_resp/i_dst/data_dst_q_reg[resp][0]/C
i_croc_soc/i_croc/i_dmi_jtag/i_dmi_cdc/i_cdc_resp/i_dst/data_dst_q_reg[resp][1]/C
i_croc_soc/i_croc/i_dmi_jtag/i_dmi_cdc/i_cdc_resp/i_dst/i_sync/reg_q_reg[0]/C
i_croc_soc/i_croc/i_dmi_jtag/i_dmi_cdc/i_cdc_resp/i_dst/i_sync/reg_q_reg[1]/C
i_croc_soc/i_croc/i_dmi_jtag/i_dmi_cdc/i_cdc_resp/i_dst/i_sync/reg_q_reg[2]/C
i_croc_soc/i_croc/i_dmi_jtag/i_dmi_cdc/i_cdc_resp/i_dst/req_synced_q1_reg/C
i_croc_soc/i_croc/i_dmi_jtag/i_dmi_cdc/i_cdc_resp/s_dst_clear_ack_q_reg/C
i_croc_soc/i_croc/i_dmi_jtag/i_dmi_cdc/i_cdc_resp/s_dst_isolate_ack_q_reg/C
i_croc_soc/i_croc/i_dmi_jtag/i_dmi_jtag_tap/FSM_onehot_tap_state_q_reg[0]/C
i_croc_soc/i_croc/i_dmi_jtag/i_dmi_jtag_tap/FSM_onehot_tap_state_q_reg[10]/C
i_croc_soc/i_croc/i_dmi_jtag/i_dmi_jtag_tap/FSM_onehot_tap_state_q_reg[11]/C
i_croc_soc/i_croc/i_dmi_jtag/i_dmi_jtag_tap/FSM_onehot_tap_state_q_reg[12]/C
i_croc_soc/i_croc/i_dmi_jtag/i_dmi_jtag_tap/FSM_onehot_tap_state_q_reg[13]/C
i_croc_soc/i_croc/i_dmi_jtag/i_dmi_jtag_tap/FSM_onehot_tap_state_q_reg[14]/C
i_croc_soc/i_croc/i_dmi_jtag/i_dmi_jtag_tap/FSM_onehot_tap_state_q_reg[15]/C
i_croc_soc/i_croc/i_dmi_jtag/i_dmi_jtag_tap/FSM_onehot_tap_state_q_reg[1]/C
i_croc_soc/i_croc/i_dmi_jtag/i_dmi_jtag_tap/FSM_onehot_tap_state_q_reg[2]/C
i_croc_soc/i_croc/i_dmi_jtag/i_dmi_jtag_tap/FSM_onehot_tap_state_q_reg[3]/C
i_croc_soc/i_croc/i_dmi_jtag/i_dmi_jtag_tap/FSM_onehot_tap_state_q_reg[4]/C
i_croc_soc/i_croc/i_dmi_jtag/i_dmi_jtag_tap/FSM_onehot_tap_state_q_reg[5]/C
i_croc_soc/i_croc/i_dmi_jtag/i_dmi_jtag_tap/FSM_onehot_tap_state_q_reg[6]/C
i_croc_soc/i_croc/i_dmi_jtag/i_dmi_jtag_tap/FSM_onehot_tap_state_q_reg[7]/C
i_croc_soc/i_croc/i_dmi_jtag/i_dmi_jtag_tap/FSM_onehot_tap_state_q_reg[8]/C
i_croc_soc/i_croc/i_dmi_jtag/i_dmi_jtag_tap/FSM_onehot_tap_state_q_reg[9]/C
i_croc_soc/i_croc/i_dmi_jtag/i_dmi_jtag_tap/bypass_q_reg/C
i_croc_soc/i_croc/i_dmi_jtag/i_dmi_jtag_tap/idcode_q_reg[0]/C
i_croc_soc/i_croc/i_dmi_jtag/i_dmi_jtag_tap/idcode_q_reg[10]/C
i_croc_soc/i_croc/i_dmi_jtag/i_dmi_jtag_tap/idcode_q_reg[11]/C
i_croc_soc/i_croc/i_dmi_jtag/i_dmi_jtag_tap/idcode_q_reg[12]/C
i_croc_soc/i_croc/i_dmi_jtag/i_dmi_jtag_tap/idcode_q_reg[13]/C
i_croc_soc/i_croc/i_dmi_jtag/i_dmi_jtag_tap/idcode_q_reg[14]/C
i_croc_soc/i_croc/i_dmi_jtag/i_dmi_jtag_tap/idcode_q_reg[15]/C
i_croc_soc/i_croc/i_dmi_jtag/i_dmi_jtag_tap/idcode_q_reg[16]/C
i_croc_soc/i_croc/i_dmi_jtag/i_dmi_jtag_tap/idcode_q_reg[17]/C
i_croc_soc/i_croc/i_dmi_jtag/i_dmi_jtag_tap/idcode_q_reg[18]/C
i_croc_soc/i_croc/i_dmi_jtag/i_dmi_jtag_tap/idcode_q_reg[19]/C
i_croc_soc/i_croc/i_dmi_jtag/i_dmi_jtag_tap/idcode_q_reg[1]/C
i_croc_soc/i_croc/i_dmi_jtag/i_dmi_jtag_tap/idcode_q_reg[20]/C
i_croc_soc/i_croc/i_dmi_jtag/i_dmi_jtag_tap/idcode_q_reg[21]/C
i_croc_soc/i_croc/i_dmi_jtag/i_dmi_jtag_tap/idcode_q_reg[22]/C
i_croc_soc/i_croc/i_dmi_jtag/i_dmi_jtag_tap/idcode_q_reg[23]/C
i_croc_soc/i_croc/i_dmi_jtag/i_dmi_jtag_tap/idcode_q_reg[24]/C
i_croc_soc/i_croc/i_dmi_jtag/i_dmi_jtag_tap/idcode_q_reg[25]/C
i_croc_soc/i_croc/i_dmi_jtag/i_dmi_jtag_tap/idcode_q_reg[26]/C
i_croc_soc/i_croc/i_dmi_jtag/i_dmi_jtag_tap/idcode_q_reg[27]/C
i_croc_soc/i_croc/i_dmi_jtag/i_dmi_jtag_tap/idcode_q_reg[28]/C
i_croc_soc/i_croc/i_dmi_jtag/i_dmi_jtag_tap/idcode_q_reg[29]/C
i_croc_soc/i_croc/i_dmi_jtag/i_dmi_jtag_tap/idcode_q_reg[2]/C
i_croc_soc/i_croc/i_dmi_jtag/i_dmi_jtag_tap/idcode_q_reg[30]/C
i_croc_soc/i_croc/i_dmi_jtag/i_dmi_jtag_tap/idcode_q_reg[31]/C
i_croc_soc/i_croc/i_dmi_jtag/i_dmi_jtag_tap/idcode_q_reg[3]/C
i_croc_soc/i_croc/i_dmi_jtag/i_dmi_jtag_tap/idcode_q_reg[4]/C
i_croc_soc/i_croc/i_dmi_jtag/i_dmi_jtag_tap/idcode_q_reg[5]/C
i_croc_soc/i_croc/i_dmi_jtag/i_dmi_jtag_tap/idcode_q_reg[6]/C
i_croc_soc/i_croc/i_dmi_jtag/i_dmi_jtag_tap/idcode_q_reg[7]/C
i_croc_soc/i_croc/i_dmi_jtag/i_dmi_jtag_tap/idcode_q_reg[8]/C
i_croc_soc/i_croc/i_dmi_jtag/i_dmi_jtag_tap/idcode_q_reg[9]/C
i_croc_soc/i_croc/i_dmi_jtag/i_dmi_jtag_tap/jtag_ir_q_reg[0]/C
i_croc_soc/i_croc/i_dmi_jtag/i_dmi_jtag_tap/jtag_ir_q_reg[1]/C
i_croc_soc/i_croc/i_dmi_jtag/i_dmi_jtag_tap/jtag_ir_q_reg[2]/C
i_croc_soc/i_croc/i_dmi_jtag/i_dmi_jtag_tap/jtag_ir_q_reg[3]/C
i_croc_soc/i_croc/i_dmi_jtag/i_dmi_jtag_tap/jtag_ir_q_reg[4]/C
i_croc_soc/i_croc/i_dmi_jtag/i_dmi_jtag_tap/jtag_ir_shift_q_reg[0]/C
i_croc_soc/i_croc/i_dmi_jtag/i_dmi_jtag_tap/jtag_ir_shift_q_reg[1]/C
i_croc_soc/i_croc/i_dmi_jtag/i_dmi_jtag_tap/jtag_ir_shift_q_reg[2]/C
i_croc_soc/i_croc/i_dmi_jtag/i_dmi_jtag_tap/jtag_ir_shift_q_reg[3]/C
i_croc_soc/i_croc/i_dmi_jtag/i_dmi_jtag_tap/jtag_ir_shift_q_reg[4]/C
i_croc_soc/i_croc/i_dmi_jtag/i_dmi_jtag_tap/td_o_reg/C


2. checking constant_clock (0)
------------------------------
 There are 0 register/latch pins with constant_clock.


3. checking pulse_width_clock (0)
---------------------------------
 There are 0 register/latch pins which need pulse_width check


4. checking unconstrained_internal_endpoints (494)
--------------------------------------------------
 There are 494 pins that are not constrained for maximum delay. (HIGH)

i_croc_soc/i_croc/i_dmi_jtag/FSM_onehot_state_q_reg[0]/CE
i_croc_soc/i_croc/i_dmi_jtag/FSM_onehot_state_q_reg[0]/D
i_croc_soc/i_croc/i_dmi_jtag/FSM_onehot_state_q_reg[1]/CE
i_croc_soc/i_croc/i_dmi_jtag/FSM_onehot_state_q_reg[1]/D
i_croc_soc/i_croc/i_dmi_jtag/FSM_onehot_state_q_reg[2]/CE
i_croc_soc/i_croc/i_dmi_jtag/FSM_onehot_state_q_reg[2]/D
i_croc_soc/i_croc/i_dmi_jtag/FSM_onehot_state_q_reg[3]/CE
i_croc_soc/i_croc/i_dmi_jtag/FSM_onehot_state_q_reg[3]/D
i_croc_soc/i_croc/i_dmi_jtag/FSM_onehot_state_q_reg[4]/CE
i_croc_soc/i_croc/i_dmi_jtag/FSM_onehot_state_q_reg[4]/D
i_croc_soc/i_croc/i_dmi_jtag/address_q_reg[0]/CE
i_croc_soc/i_croc/i_dmi_jtag/address_q_reg[0]/D
i_croc_soc/i_croc/i_dmi_jtag/address_q_reg[1]/CE
i_croc_soc/i_croc/i_dmi_jtag/address_q_reg[1]/D
i_croc_soc/i_croc/i_dmi_jtag/address_q_reg[2]/CE
i_croc_soc/i_croc/i_dmi_jtag/address_q_reg[2]/D
i_croc_soc/i_croc/i_dmi_jtag/address_q_reg[3]/CE
i_croc_soc/i_croc/i_dmi_jtag/address_q_reg[3]/D
i_croc_soc/i_croc/i_dmi_jtag/address_q_reg[4]/CE
i_croc_soc/i_croc/i_dmi_jtag/address_q_reg[4]/D
i_croc_soc/i_croc/i_dmi_jtag/address_q_reg[5]/CE
i_croc_soc/i_croc/i_dmi_jtag/address_q_reg[5]/D
i_croc_soc/i_croc/i_dmi_jtag/address_q_reg[6]/CE
i_croc_soc/i_croc/i_dmi_jtag/address_q_reg[6]/D
i_croc_soc/i_croc/i_dmi_jtag/data_q_reg[0]/CE
i_croc_soc/i_croc/i_dmi_jtag/data_q_reg[0]/D
i_croc_soc/i_croc/i_dmi_jtag/data_q_reg[10]/CE
i_croc_soc/i_croc/i_dmi_jtag/data_q_reg[10]/D
i_croc_soc/i_croc/i_dmi_jtag/data_q_reg[11]/CE
i_croc_soc/i_croc/i_dmi_jtag/data_q_reg[11]/D
i_croc_soc/i_croc/i_dmi_jtag/data_q_reg[12]/CE
i_croc_soc/i_croc/i_dmi_jtag/data_q_reg[12]/D
i_croc_soc/i_croc/i_dmi_jtag/data_q_reg[13]/CE
i_croc_soc/i_croc/i_dmi_jtag/data_q_reg[13]/D
i_croc_soc/i_croc/i_dmi_jtag/data_q_reg[14]/CE
i_croc_soc/i_croc/i_dmi_jtag/data_q_reg[14]/D
i_croc_soc/i_croc/i_dmi_jtag/data_q_reg[15]/CE
i_croc_soc/i_croc/i_dmi_jtag/data_q_reg[15]/D
i_croc_soc/i_croc/i_dmi_jtag/data_q_reg[16]/CE
i_croc_soc/i_croc/i_dmi_jtag/data_q_reg[16]/D
i_croc_soc/i_croc/i_dmi_jtag/data_q_reg[17]/CE
i_croc_soc/i_croc/i_dmi_jtag/data_q_reg[17]/D
i_croc_soc/i_croc/i_dmi_jtag/data_q_reg[18]/CE
i_croc_soc/i_croc/i_dmi_jtag/data_q_reg[18]/D
i_croc_soc/i_croc/i_dmi_jtag/data_q_reg[19]/CE
i_croc_soc/i_croc/i_dmi_jtag/data_q_reg[19]/D
i_croc_soc/i_croc/i_dmi_jtag/data_q_reg[1]/CE
i_croc_soc/i_croc/i_dmi_jtag/data_q_reg[1]/D
i_croc_soc/i_croc/i_dmi_jtag/data_q_reg[20]/CE
i_croc_soc/i_croc/i_dmi_jtag/data_q_reg[20]/D
i_croc_soc/i_croc/i_dmi_jtag/data_q_reg[21]/CE
i_croc_soc/i_croc/i_dmi_jtag/data_q_reg[21]/D
i_croc_soc/i_croc/i_dmi_jtag/data_q_reg[22]/CE
i_croc_soc/i_croc/i_dmi_jtag/data_q_reg[22]/D
i_croc_soc/i_croc/i_dmi_jtag/data_q_reg[23]/CE
i_croc_soc/i_croc/i_dmi_jtag/data_q_reg[23]/D
i_croc_soc/i_croc/i_dmi_jtag/data_q_reg[24]/CE
i_croc_soc/i_croc/i_dmi_jtag/data_q_reg[24]/D
i_croc_soc/i_croc/i_dmi_jtag/data_q_reg[25]/CE
i_croc_soc/i_croc/i_dmi_jtag/data_q_reg[25]/D
i_croc_soc/i_croc/i_dmi_jtag/data_q_reg[26]/CE
i_croc_soc/i_croc/i_dmi_jtag/data_q_reg[26]/D
i_croc_soc/i_croc/i_dmi_jtag/data_q_reg[27]/CE
i_croc_soc/i_croc/i_dmi_jtag/data_q_reg[27]/D
i_croc_soc/i_croc/i_dmi_jtag/data_q_reg[28]/CE
i_croc_soc/i_croc/i_dmi_jtag/data_q_reg[28]/D
i_croc_soc/i_croc/i_dmi_jtag/data_q_reg[29]/CE
i_croc_soc/i_croc/i_dmi_jtag/data_q_reg[29]/D
i_croc_soc/i_croc/i_dmi_jtag/data_q_reg[2]/CE
i_croc_soc/i_croc/i_dmi_jtag/data_q_reg[2]/D
i_croc_soc/i_croc/i_dmi_jtag/data_q_reg[30]/CE
i_croc_soc/i_croc/i_dmi_jtag/data_q_reg[30]/D
i_croc_soc/i_croc/i_dmi_jtag/data_q_reg[31]/CE
i_croc_soc/i_croc/i_dmi_jtag/data_q_reg[31]/D
i_croc_soc/i_croc/i_dmi_jtag/data_q_reg[3]/CE
i_croc_soc/i_croc/i_dmi_jtag/data_q_reg[3]/D
i_croc_soc/i_croc/i_dmi_jtag/data_q_reg[4]/CE
i_croc_soc/i_croc/i_dmi_jtag/data_q_reg[4]/D
i_croc_soc/i_croc/i_dmi_jtag/data_q_reg[5]/CE
i_croc_soc/i_croc/i_dmi_jtag/data_q_reg[5]/D
i_croc_soc/i_croc/i_dmi_jtag/data_q_reg[6]/CE
i_croc_soc/i_croc/i_dmi_jtag/data_q_reg[6]/D
i_croc_soc/i_croc/i_dmi_jtag/data_q_reg[7]/CE
i_croc_soc/i_croc/i_dmi_jtag/data_q_reg[7]/D
i_croc_soc/i_croc/i_dmi_jtag/data_q_reg[8]/CE
i_croc_soc/i_croc/i_dmi_jtag/data_q_reg[8]/D
i_croc_soc/i_croc/i_dmi_jtag/data_q_reg[9]/CE
i_croc_soc/i_croc/i_dmi_jtag/data_q_reg[9]/D
i_croc_soc/i_croc/i_dmi_jtag/dr_q_reg[0]/CE
i_croc_soc/i_croc/i_dmi_jtag/dr_q_reg[0]/D
i_croc_soc/i_croc/i_dmi_jtag/dr_q_reg[10]/CE
i_croc_soc/i_croc/i_dmi_jtag/dr_q_reg[10]/D
i_croc_soc/i_croc/i_dmi_jtag/dr_q_reg[11]/CE
i_croc_soc/i_croc/i_dmi_jtag/dr_q_reg[11]/D
i_croc_soc/i_croc/i_dmi_jtag/dr_q_reg[12]/CE
i_croc_soc/i_croc/i_dmi_jtag/dr_q_reg[12]/D
i_croc_soc/i_croc/i_dmi_jtag/dr_q_reg[13]/CE
i_croc_soc/i_croc/i_dmi_jtag/dr_q_reg[13]/D
i_croc_soc/i_croc/i_dmi_jtag/dr_q_reg[14]/CE
i_croc_soc/i_croc/i_dmi_jtag/dr_q_reg[14]/D
i_croc_soc/i_croc/i_dmi_jtag/dr_q_reg[15]/CE
i_croc_soc/i_croc/i_dmi_jtag/dr_q_reg[15]/D
i_croc_soc/i_croc/i_dmi_jtag/dr_q_reg[16]/CE
i_croc_soc/i_croc/i_dmi_jtag/dr_q_reg[16]/D
i_croc_soc/i_croc/i_dmi_jtag/dr_q_reg[17]/CE
i_croc_soc/i_croc/i_dmi_jtag/dr_q_reg[17]/D
i_croc_soc/i_croc/i_dmi_jtag/dr_q_reg[18]/CE
i_croc_soc/i_croc/i_dmi_jtag/dr_q_reg[18]/D
i_croc_soc/i_croc/i_dmi_jtag/dr_q_reg[19]/CE
i_croc_soc/i_croc/i_dmi_jtag/dr_q_reg[19]/D
i_croc_soc/i_croc/i_dmi_jtag/dr_q_reg[1]/CE
i_croc_soc/i_croc/i_dmi_jtag/dr_q_reg[1]/D
i_croc_soc/i_croc/i_dmi_jtag/dr_q_reg[20]/CE
i_croc_soc/i_croc/i_dmi_jtag/dr_q_reg[20]/D
i_croc_soc/i_croc/i_dmi_jtag/dr_q_reg[21]/CE
i_croc_soc/i_croc/i_dmi_jtag/dr_q_reg[21]/D
i_croc_soc/i_croc/i_dmi_jtag/dr_q_reg[22]/CE
i_croc_soc/i_croc/i_dmi_jtag/dr_q_reg[22]/D
i_croc_soc/i_croc/i_dmi_jtag/dr_q_reg[23]/CE
i_croc_soc/i_croc/i_dmi_jtag/dr_q_reg[23]/D
i_croc_soc/i_croc/i_dmi_jtag/dr_q_reg[24]/CE
i_croc_soc/i_croc/i_dmi_jtag/dr_q_reg[24]/D
i_croc_soc/i_croc/i_dmi_jtag/dr_q_reg[25]/CE
i_croc_soc/i_croc/i_dmi_jtag/dr_q_reg[25]/D
i_croc_soc/i_croc/i_dmi_jtag/dr_q_reg[26]/CE
i_croc_soc/i_croc/i_dmi_jtag/dr_q_reg[26]/D
i_croc_soc/i_croc/i_dmi_jtag/dr_q_reg[27]/CE
i_croc_soc/i_croc/i_dmi_jtag/dr_q_reg[27]/D
i_croc_soc/i_croc/i_dmi_jtag/dr_q_reg[28]/CE
i_croc_soc/i_croc/i_dmi_jtag/dr_q_reg[28]/D
i_croc_soc/i_croc/i_dmi_jtag/dr_q_reg[29]/CE
i_croc_soc/i_croc/i_dmi_jtag/dr_q_reg[29]/D
i_croc_soc/i_croc/i_dmi_jtag/dr_q_reg[2]/CE
i_croc_soc/i_croc/i_dmi_jtag/dr_q_reg[2]/D
i_croc_soc/i_croc/i_dmi_jtag/dr_q_reg[30]/CE
i_croc_soc/i_croc/i_dmi_jtag/dr_q_reg[30]/D
i_croc_soc/i_croc/i_dmi_jtag/dr_q_reg[31]/CE
i_croc_soc/i_croc/i_dmi_jtag/dr_q_reg[31]/D
i_croc_soc/i_croc/i_dmi_jtag/dr_q_reg[32]/CE
i_croc_soc/i_croc/i_dmi_jtag/dr_q_reg[32]/D
i_croc_soc/i_croc/i_dmi_jtag/dr_q_reg[33]/CE
i_croc_soc/i_croc/i_dmi_jtag/dr_q_reg[33]/D
i_croc_soc/i_croc/i_dmi_jtag/dr_q_reg[34]/CE
i_croc_soc/i_croc/i_dmi_jtag/dr_q_reg[34]/D
i_croc_soc/i_croc/i_dmi_jtag/dr_q_reg[35]/CE
i_croc_soc/i_croc/i_dmi_jtag/dr_q_reg[35]/D
i_croc_soc/i_croc/i_dmi_jtag/dr_q_reg[36]/CE
i_croc_soc/i_croc/i_dmi_jtag/dr_q_reg[36]/D
i_croc_soc/i_croc/i_dmi_jtag/dr_q_reg[37]/CE
i_croc_soc/i_croc/i_dmi_jtag/dr_q_reg[37]/D
i_croc_soc/i_croc/i_dmi_jtag/dr_q_reg[38]/CE
i_croc_soc/i_croc/i_dmi_jtag/dr_q_reg[38]/D
i_croc_soc/i_croc/i_dmi_jtag/dr_q_reg[39]/CE
i_croc_soc/i_croc/i_dmi_jtag/dr_q_reg[39]/D
i_croc_soc/i_croc/i_dmi_jtag/dr_q_reg[3]/CE
i_croc_soc/i_croc/i_dmi_jtag/dr_q_reg[3]/D
i_croc_soc/i_croc/i_dmi_jtag/dr_q_reg[40]/CE
i_croc_soc/i_croc/i_dmi_jtag/dr_q_reg[40]/D
i_croc_soc/i_croc/i_dmi_jtag/dr_q_reg[4]/CE
i_croc_soc/i_croc/i_dmi_jtag/dr_q_reg[4]/D
i_croc_soc/i_croc/i_dmi_jtag/dr_q_reg[5]/CE
i_croc_soc/i_croc/i_dmi_jtag/dr_q_reg[5]/D
i_croc_soc/i_croc/i_dmi_jtag/dr_q_reg[6]/CE
i_croc_soc/i_croc/i_dmi_jtag/dr_q_reg[6]/D
i_croc_soc/i_croc/i_dmi_jtag/dr_q_reg[7]/CE
i_croc_soc/i_croc/i_dmi_jtag/dr_q_reg[7]/D
i_croc_soc/i_croc/i_dmi_jtag/dr_q_reg[8]/CE
i_croc_soc/i_croc/i_dmi_jtag/dr_q_reg[8]/D
i_croc_soc/i_croc/i_dmi_jtag/dr_q_reg[9]/CE
i_croc_soc/i_croc/i_dmi_jtag/dr_q_reg[9]/D
i_croc_soc/i_croc/i_dmi_jtag/dtmcs_q_reg[abits][4]/CE
i_croc_soc/i_croc/i_dmi_jtag/dtmcs_q_reg[abits][4]/D
i_croc_soc/i_croc/i_dmi_jtag/dtmcs_q_reg[abits][5]/CE
i_croc_soc/i_croc/i_dmi_jtag/dtmcs_q_reg[abits][5]/D
i_croc_soc/i_croc/i_dmi_jtag/dtmcs_q_reg[abits][6]/CE
i_croc_soc/i_croc/i_dmi_jtag/dtmcs_q_reg[abits][6]/D
i_croc_soc/i_croc/i_dmi_jtag/dtmcs_q_reg[abits][7]/CE
i_croc_soc/i_croc/i_dmi_jtag/dtmcs_q_reg[abits][7]/D
i_croc_soc/i_croc/i_dmi_jtag/dtmcs_q_reg[abits][8]/CE
i_croc_soc/i_croc/i_dmi_jtag/dtmcs_q_reg[abits][8]/D
i_croc_soc/i_croc/i_dmi_jtag/dtmcs_q_reg[abits][9]/CE
i_croc_soc/i_croc/i_dmi_jtag/dtmcs_q_reg[abits][9]/D
i_croc_soc/i_croc/i_dmi_jtag/dtmcs_q_reg[dmihardreset]/CE
i_croc_soc/i_croc/i_dmi_jtag/dtmcs_q_reg[dmihardreset]/D
i_croc_soc/i_croc/i_dmi_jtag/dtmcs_q_reg[dmireset]/CE
i_croc_soc/i_croc/i_dmi_jtag/dtmcs_q_reg[dmireset]/D
i_croc_soc/i_croc/i_dmi_jtag/dtmcs_q_reg[dmistat][10]/CE
i_croc_soc/i_croc/i_dmi_jtag/dtmcs_q_reg[dmistat][10]/D
i_croc_soc/i_croc/i_dmi_jtag/dtmcs_q_reg[dmistat][11]/CE
i_croc_soc/i_croc/i_dmi_jtag/dtmcs_q_reg[dmistat][11]/D
i_croc_soc/i_croc/i_dmi_jtag/dtmcs_q_reg[idle][12]/CE
i_croc_soc/i_croc/i_dmi_jtag/dtmcs_q_reg[idle][12]/D
i_croc_soc/i_croc/i_dmi_jtag/dtmcs_q_reg[idle][13]/CE
i_croc_soc/i_croc/i_dmi_jtag/dtmcs_q_reg[idle][13]/D
i_croc_soc/i_croc/i_dmi_jtag/dtmcs_q_reg[idle][14]/CE
i_croc_soc/i_croc/i_dmi_jtag/dtmcs_q_reg[idle][14]/D
i_croc_soc/i_croc/i_dmi_jtag/dtmcs_q_reg[version][0]/CE
i_croc_soc/i_croc/i_dmi_jtag/dtmcs_q_reg[version][0]/D
i_croc_soc/i_croc/i_dmi_jtag/dtmcs_q_reg[version][1]/CE
i_croc_soc/i_croc/i_dmi_jtag/dtmcs_q_reg[version][1]/D
i_croc_soc/i_croc/i_dmi_jtag/dtmcs_q_reg[version][2]/CE
i_croc_soc/i_croc/i_dmi_jtag/dtmcs_q_reg[version][2]/D
i_croc_soc/i_croc/i_dmi_jtag/dtmcs_q_reg[version][3]/CE
i_croc_soc/i_croc/i_dmi_jtag/dtmcs_q_reg[version][3]/D
i_croc_soc/i_croc/i_dmi_jtag/dtmcs_q_reg[zero0]/CE
i_croc_soc/i_croc/i_dmi_jtag/dtmcs_q_reg[zero0]/D
i_croc_soc/i_croc/i_dmi_jtag/dtmcs_q_reg[zero1][18]/CE
i_croc_soc/i_croc/i_dmi_jtag/dtmcs_q_reg[zero1][18]/D
i_croc_soc/i_croc/i_dmi_jtag/dtmcs_q_reg[zero1][19]/CE
i_croc_soc/i_croc/i_dmi_jtag/dtmcs_q_reg[zero1][19]/D
i_croc_soc/i_croc/i_dmi_jtag/dtmcs_q_reg[zero1][20]/CE
i_croc_soc/i_croc/i_dmi_jtag/dtmcs_q_reg[zero1][20]/D
i_croc_soc/i_croc/i_dmi_jtag/dtmcs_q_reg[zero1][21]/CE
i_croc_soc/i_croc/i_dmi_jtag/dtmcs_q_reg[zero1][21]/D
i_croc_soc/i_croc/i_dmi_jtag/dtmcs_q_reg[zero1][22]/CE
i_croc_soc/i_croc/i_dmi_jtag/dtmcs_q_reg[zero1][22]/D
i_croc_soc/i_croc/i_dmi_jtag/dtmcs_q_reg[zero1][23]/CE
i_croc_soc/i_croc/i_dmi_jtag/dtmcs_q_reg[zero1][23]/D
i_croc_soc/i_croc/i_dmi_jtag/dtmcs_q_reg[zero1][24]/CE
i_croc_soc/i_croc/i_dmi_jtag/dtmcs_q_reg[zero1][24]/D
i_croc_soc/i_croc/i_dmi_jtag/dtmcs_q_reg[zero1][25]/CE
i_croc_soc/i_croc/i_dmi_jtag/dtmcs_q_reg[zero1][25]/D
i_croc_soc/i_croc/i_dmi_jtag/dtmcs_q_reg[zero1][26]/CE
i_croc_soc/i_croc/i_dmi_jtag/dtmcs_q_reg[zero1][26]/D
i_croc_soc/i_croc/i_dmi_jtag/dtmcs_q_reg[zero1][27]/CE
i_croc_soc/i_croc/i_dmi_jtag/dtmcs_q_reg[zero1][27]/D
i_croc_soc/i_croc/i_dmi_jtag/dtmcs_q_reg[zero1][28]/CE
i_croc_soc/i_croc/i_dmi_jtag/dtmcs_q_reg[zero1][28]/D
i_croc_soc/i_croc/i_dmi_jtag/dtmcs_q_reg[zero1][29]/CE
i_croc_soc/i_croc/i_dmi_jtag/dtmcs_q_reg[zero1][29]/D
i_croc_soc/i_croc/i_dmi_jtag/dtmcs_q_reg[zero1][30]/CE
i_croc_soc/i_croc/i_dmi_jtag/dtmcs_q_reg[zero1][30]/D
i_croc_soc/i_croc/i_dmi_jtag/dtmcs_q_reg[zero1][31]/CE
i_croc_soc/i_croc/i_dmi_jtag/dtmcs_q_reg[zero1][31]/D
i_croc_soc/i_croc/i_dmi_jtag/error_q_reg[0]/D
i_croc_soc/i_croc/i_dmi_jtag/error_q_reg[1]/D
i_croc_soc/i_croc/i_dmi_jtag/i_dmi_cdc/i_cdc_req/i_cdc_reset_ctrlr/i_cdc_reset_ctrlr_half_a/FSM_onehot_initiator_state_q_reg[0]/CE
i_croc_soc/i_croc/i_dmi_jtag/i_dmi_cdc/i_cdc_req/i_cdc_reset_ctrlr/i_cdc_reset_ctrlr_half_a/FSM_onehot_initiator_state_q_reg[0]/D
i_croc_soc/i_croc/i_dmi_jtag/i_dmi_cdc/i_cdc_req/i_cdc_reset_ctrlr/i_cdc_reset_ctrlr_half_a/FSM_onehot_initiator_state_q_reg[1]/CE
i_croc_soc/i_croc/i_dmi_jtag/i_dmi_cdc/i_cdc_req/i_cdc_reset_ctrlr/i_cdc_reset_ctrlr_half_a/FSM_onehot_initiator_state_q_reg[1]/D
i_croc_soc/i_croc/i_dmi_jtag/i_dmi_cdc/i_cdc_req/i_cdc_reset_ctrlr/i_cdc_reset_ctrlr_half_a/FSM_onehot_initiator_state_q_reg[2]/CE
i_croc_soc/i_croc/i_dmi_jtag/i_dmi_cdc/i_cdc_req/i_cdc_reset_ctrlr/i_cdc_reset_ctrlr_half_a/FSM_onehot_initiator_state_q_reg[2]/D
i_croc_soc/i_croc/i_dmi_jtag/i_dmi_cdc/i_cdc_req/i_cdc_reset_ctrlr/i_cdc_reset_ctrlr_half_a/FSM_onehot_initiator_state_q_reg[3]/CE
i_croc_soc/i_croc/i_dmi_jtag/i_dmi_cdc/i_cdc_req/i_cdc_reset_ctrlr/i_cdc_reset_ctrlr_half_a/FSM_onehot_initiator_state_q_reg[3]/D
i_croc_soc/i_croc/i_dmi_jtag/i_dmi_cdc/i_cdc_req/i_cdc_reset_ctrlr/i_cdc_reset_ctrlr_half_a/FSM_onehot_initiator_state_q_reg[4]/CE
i_croc_soc/i_croc/i_dmi_jtag/i_dmi_cdc/i_cdc_req/i_cdc_reset_ctrlr/i_cdc_reset_ctrlr_half_a/FSM_onehot_initiator_state_q_reg[4]/D
i_croc_soc/i_croc/i_dmi_jtag/i_dmi_cdc/i_cdc_req/i_cdc_reset_ctrlr/i_cdc_reset_ctrlr_half_a/FSM_onehot_initiator_state_q_reg[5]/CE
i_croc_soc/i_croc/i_dmi_jtag/i_dmi_cdc/i_cdc_req/i_cdc_reset_ctrlr/i_cdc_reset_ctrlr_half_a/FSM_onehot_initiator_state_q_reg[5]/D
i_croc_soc/i_croc/i_dmi_jtag/i_dmi_cdc/i_cdc_req/i_cdc_reset_ctrlr/i_cdc_reset_ctrlr_half_a/FSM_onehot_initiator_state_q_reg[6]/CE
i_croc_soc/i_croc/i_dmi_jtag/i_dmi_cdc/i_cdc_req/i_cdc_reset_ctrlr/i_cdc_reset_ctrlr_half_a/FSM_onehot_initiator_state_q_reg[6]/D
i_croc_soc/i_croc/i_dmi_jtag/i_dmi_cdc/i_cdc_req/i_cdc_reset_ctrlr/i_cdc_reset_ctrlr_half_a/FSM_onehot_initiator_state_q_reg[7]/CE
i_croc_soc/i_croc/i_dmi_jtag/i_dmi_cdc/i_cdc_req/i_cdc_reset_ctrlr/i_cdc_reset_ctrlr_half_a/FSM_onehot_initiator_state_q_reg[7]/D
i_croc_soc/i_croc/i_dmi_jtag/i_dmi_cdc/i_cdc_req/i_cdc_reset_ctrlr/i_cdc_reset_ctrlr_half_a/FSM_onehot_initiator_state_q_reg[8]/CE
i_croc_soc/i_croc/i_dmi_jtag/i_dmi_cdc/i_cdc_req/i_cdc_reset_ctrlr/i_cdc_reset_ctrlr_half_a/FSM_onehot_initiator_state_q_reg[8]/D
i_croc_soc/i_croc/i_dmi_jtag/i_dmi_cdc/i_cdc_req/i_cdc_reset_ctrlr/i_cdc_reset_ctrlr_half_a/i_state_transition_cdc_dst/FSM_onehot_state_q_reg[0]/D
i_croc_soc/i_croc/i_dmi_jtag/i_dmi_cdc/i_cdc_req/i_cdc_reset_ctrlr/i_cdc_reset_ctrlr_half_a/i_state_transition_cdc_dst/FSM_onehot_state_q_reg[1]/D
i_croc_soc/i_croc/i_dmi_jtag/i_dmi_cdc/i_cdc_req/i_cdc_reset_ctrlr/i_cdc_reset_ctrlr_half_a/i_state_transition_cdc_dst/FSM_onehot_state_q_reg[2]/D
i_croc_soc/i_croc/i_dmi_jtag/i_dmi_cdc/i_cdc_req/i_cdc_reset_ctrlr/i_cdc_reset_ctrlr_half_a/i_state_transition_cdc_dst/ack_dst_q_reg/D
i_croc_soc/i_croc/i_dmi_jtag/i_dmi_cdc/i_cdc_req/i_cdc_reset_ctrlr/i_cdc_reset_ctrlr_half_a/i_state_transition_cdc_dst/i_sync/reg_q_reg[0]/D
i_croc_soc/i_croc/i_dmi_jtag/i_dmi_cdc/i_cdc_req/i_cdc_reset_ctrlr/i_cdc_reset_ctrlr_half_a/i_state_transition_cdc_dst/i_sync/reg_q_reg[1]/D
i_croc_soc/i_croc/i_dmi_jtag/i_dmi_cdc/i_cdc_req/i_cdc_reset_ctrlr/i_cdc_reset_ctrlr_half_a/i_state_transition_cdc_src/FSM_onehot_state_q_reg[0]/D
i_croc_soc/i_croc/i_dmi_jtag/i_dmi_cdc/i_cdc_req/i_cdc_reset_ctrlr/i_cdc_reset_ctrlr_half_a/i_state_transition_cdc_src/FSM_onehot_state_q_reg[1]/D
i_croc_soc/i_croc/i_dmi_jtag/i_dmi_cdc/i_cdc_req/i_cdc_reset_ctrlr/i_cdc_reset_ctrlr_half_a/i_state_transition_cdc_src/FSM_onehot_state_q_reg[2]/D
i_croc_soc/i_croc/i_dmi_jtag/i_dmi_cdc/i_cdc_req/i_cdc_reset_ctrlr/i_cdc_reset_ctrlr_half_a/i_state_transition_cdc_src/data_src_q_reg[0]/D
i_croc_soc/i_croc/i_dmi_jtag/i_dmi_cdc/i_cdc_req/i_cdc_reset_ctrlr/i_cdc_reset_ctrlr_half_a/i_state_transition_cdc_src/data_src_q_reg[1]/D
i_croc_soc/i_croc/i_dmi_jtag/i_dmi_cdc/i_cdc_req/i_cdc_reset_ctrlr/i_cdc_reset_ctrlr_half_a/i_state_transition_cdc_src/i_sync/reg_q_reg[0]/D
i_croc_soc/i_croc/i_dmi_jtag/i_dmi_cdc/i_cdc_req/i_cdc_reset_ctrlr/i_cdc_reset_ctrlr_half_a/i_state_transition_cdc_src/i_sync/reg_q_reg[1]/D
i_croc_soc/i_croc/i_dmi_jtag/i_dmi_cdc/i_cdc_req/i_cdc_reset_ctrlr/i_cdc_reset_ctrlr_half_a/i_state_transition_cdc_src/req_src_q_reg/D
i_croc_soc/i_croc/i_dmi_jtag/i_dmi_cdc/i_cdc_req/i_cdc_reset_ctrlr/i_cdc_reset_ctrlr_half_a/receiver_phase_q_reg[0]/D
i_croc_soc/i_croc/i_dmi_jtag/i_dmi_cdc/i_cdc_req/i_cdc_reset_ctrlr/i_cdc_reset_ctrlr_half_a/receiver_phase_q_reg[1]/D
i_croc_soc/i_croc/i_dmi_jtag/i_dmi_cdc/i_cdc_req/i_src/data_src_q_reg[addr][0]/D
i_croc_soc/i_croc/i_dmi_jtag/i_dmi_cdc/i_cdc_req/i_src/data_src_q_reg[addr][1]/D
i_croc_soc/i_croc/i_dmi_jtag/i_dmi_cdc/i_cdc_req/i_src/data_src_q_reg[addr][2]/D
i_croc_soc/i_croc/i_dmi_jtag/i_dmi_cdc/i_cdc_req/i_src/data_src_q_reg[addr][3]/D
i_croc_soc/i_croc/i_dmi_jtag/i_dmi_cdc/i_cdc_req/i_src/data_src_q_reg[addr][4]/D
i_croc_soc/i_croc/i_dmi_jtag/i_dmi_cdc/i_cdc_req/i_src/data_src_q_reg[addr][5]/D
i_croc_soc/i_croc/i_dmi_jtag/i_dmi_cdc/i_cdc_req/i_src/data_src_q_reg[addr][6]/D
i_croc_soc/i_croc/i_dmi_jtag/i_dmi_cdc/i_cdc_req/i_src/data_src_q_reg[data][0]/D
i_croc_soc/i_croc/i_dmi_jtag/i_dmi_cdc/i_cdc_req/i_src/data_src_q_reg[data][10]/D
i_croc_soc/i_croc/i_dmi_jtag/i_dmi_cdc/i_cdc_req/i_src/data_src_q_reg[data][11]/D
i_croc_soc/i_croc/i_dmi_jtag/i_dmi_cdc/i_cdc_req/i_src/data_src_q_reg[data][12]/D
i_croc_soc/i_croc/i_dmi_jtag/i_dmi_cdc/i_cdc_req/i_src/data_src_q_reg[data][13]/D
i_croc_soc/i_croc/i_dmi_jtag/i_dmi_cdc/i_cdc_req/i_src/data_src_q_reg[data][14]/D
i_croc_soc/i_croc/i_dmi_jtag/i_dmi_cdc/i_cdc_req/i_src/data_src_q_reg[data][15]/D
i_croc_soc/i_croc/i_dmi_jtag/i_dmi_cdc/i_cdc_req/i_src/data_src_q_reg[data][16]/D
i_croc_soc/i_croc/i_dmi_jtag/i_dmi_cdc/i_cdc_req/i_src/data_src_q_reg[data][17]/D
i_croc_soc/i_croc/i_dmi_jtag/i_dmi_cdc/i_cdc_req/i_src/data_src_q_reg[data][18]/D
i_croc_soc/i_croc/i_dmi_jtag/i_dmi_cdc/i_cdc_req/i_src/data_src_q_reg[data][19]/D
i_croc_soc/i_croc/i_dmi_jtag/i_dmi_cdc/i_cdc_req/i_src/data_src_q_reg[data][1]/D
i_croc_soc/i_croc/i_dmi_jtag/i_dmi_cdc/i_cdc_req/i_src/data_src_q_reg[data][20]/D
i_croc_soc/i_croc/i_dmi_jtag/i_dmi_cdc/i_cdc_req/i_src/data_src_q_reg[data][21]/D
i_croc_soc/i_croc/i_dmi_jtag/i_dmi_cdc/i_cdc_req/i_src/data_src_q_reg[data][22]/D
i_croc_soc/i_croc/i_dmi_jtag/i_dmi_cdc/i_cdc_req/i_src/data_src_q_reg[data][23]/D
i_croc_soc/i_croc/i_dmi_jtag/i_dmi_cdc/i_cdc_req/i_src/data_src_q_reg[data][24]/D
i_croc_soc/i_croc/i_dmi_jtag/i_dmi_cdc/i_cdc_req/i_src/data_src_q_reg[data][25]/D
i_croc_soc/i_croc/i_dmi_jtag/i_dmi_cdc/i_cdc_req/i_src/data_src_q_reg[data][26]/D
i_croc_soc/i_croc/i_dmi_jtag/i_dmi_cdc/i_cdc_req/i_src/data_src_q_reg[data][27]/D
i_croc_soc/i_croc/i_dmi_jtag/i_dmi_cdc/i_cdc_req/i_src/data_src_q_reg[data][28]/D
i_croc_soc/i_croc/i_dmi_jtag/i_dmi_cdc/i_cdc_req/i_src/data_src_q_reg[data][29]/D
i_croc_soc/i_croc/i_dmi_jtag/i_dmi_cdc/i_cdc_req/i_src/data_src_q_reg[data][2]/D
i_croc_soc/i_croc/i_dmi_jtag/i_dmi_cdc/i_cdc_req/i_src/data_src_q_reg[data][30]/D
i_croc_soc/i_croc/i_dmi_jtag/i_dmi_cdc/i_cdc_req/i_src/data_src_q_reg[data][31]/D
i_croc_soc/i_croc/i_dmi_jtag/i_dmi_cdc/i_cdc_req/i_src/data_src_q_reg[data][3]/D
i_croc_soc/i_croc/i_dmi_jtag/i_dmi_cdc/i_cdc_req/i_src/data_src_q_reg[data][4]/D
i_croc_soc/i_croc/i_dmi_jtag/i_dmi_cdc/i_cdc_req/i_src/data_src_q_reg[data][5]/D
i_croc_soc/i_croc/i_dmi_jtag/i_dmi_cdc/i_cdc_req/i_src/data_src_q_reg[data][6]/D
i_croc_soc/i_croc/i_dmi_jtag/i_dmi_cdc/i_cdc_req/i_src/data_src_q_reg[data][7]/D
i_croc_soc/i_croc/i_dmi_jtag/i_dmi_cdc/i_cdc_req/i_src/data_src_q_reg[data][8]/D
i_croc_soc/i_croc/i_dmi_jtag/i_dmi_cdc/i_cdc_req/i_src/data_src_q_reg[data][9]/D
i_croc_soc/i_croc/i_dmi_jtag/i_dmi_cdc/i_cdc_req/i_src/data_src_q_reg[op][0]/D
i_croc_soc/i_croc/i_dmi_jtag/i_dmi_cdc/i_cdc_req/i_src/data_src_q_reg[op][1]/D
i_croc_soc/i_croc/i_dmi_jtag/i_dmi_cdc/i_cdc_req/i_src/i_sync/reg_q_reg[0]/D
i_croc_soc/i_croc/i_dmi_jtag/i_dmi_cdc/i_cdc_req/i_src/i_sync/reg_q_reg[1]/D
i_croc_soc/i_croc/i_dmi_jtag/i_dmi_cdc/i_cdc_req/i_src/i_sync/reg_q_reg[2]/D
i_croc_soc/i_croc/i_dmi_jtag/i_dmi_cdc/i_cdc_req/i_src/req_src_q_reg/D
i_croc_soc/i_croc/i_dmi_jtag/i_dmi_cdc/i_cdc_req/s_src_clear_ack_q_reg/D
i_croc_soc/i_croc/i_dmi_jtag/i_dmi_cdc/i_cdc_req/s_src_isolate_ack_q_reg/D
i_croc_soc/i_croc/i_dmi_jtag/i_dmi_cdc/i_cdc_resp/i_cdc_reset_ctrlr/i_cdc_reset_ctrlr_half_b/FSM_onehot_initiator_state_q_reg[0]/CE
i_croc_soc/i_croc/i_dmi_jtag/i_dmi_cdc/i_cdc_resp/i_cdc_reset_ctrlr/i_cdc_reset_ctrlr_half_b/FSM_onehot_initiator_state_q_reg[0]/D
i_croc_soc/i_croc/i_dmi_jtag/i_dmi_cdc/i_cdc_resp/i_cdc_reset_ctrlr/i_cdc_reset_ctrlr_half_b/FSM_onehot_initiator_state_q_reg[1]/CE
i_croc_soc/i_croc/i_dmi_jtag/i_dmi_cdc/i_cdc_resp/i_cdc_reset_ctrlr/i_cdc_reset_ctrlr_half_b/FSM_onehot_initiator_state_q_reg[1]/D
i_croc_soc/i_croc/i_dmi_jtag/i_dmi_cdc/i_cdc_resp/i_cdc_reset_ctrlr/i_cdc_reset_ctrlr_half_b/FSM_onehot_initiator_state_q_reg[2]/CE
i_croc_soc/i_croc/i_dmi_jtag/i_dmi_cdc/i_cdc_resp/i_cdc_reset_ctrlr/i_cdc_reset_ctrlr_half_b/FSM_onehot_initiator_state_q_reg[2]/D
i_croc_soc/i_croc/i_dmi_jtag/i_dmi_cdc/i_cdc_resp/i_cdc_reset_ctrlr/i_cdc_reset_ctrlr_half_b/FSM_onehot_initiator_state_q_reg[3]/CE
i_croc_soc/i_croc/i_dmi_jtag/i_dmi_cdc/i_cdc_resp/i_cdc_reset_ctrlr/i_cdc_reset_ctrlr_half_b/FSM_onehot_initiator_state_q_reg[3]/D
i_croc_soc/i_croc/i_dmi_jtag/i_dmi_cdc/i_cdc_resp/i_cdc_reset_ctrlr/i_cdc_reset_ctrlr_half_b/FSM_onehot_initiator_state_q_reg[4]/CE
i_croc_soc/i_croc/i_dmi_jtag/i_dmi_cdc/i_cdc_resp/i_cdc_reset_ctrlr/i_cdc_reset_ctrlr_half_b/FSM_onehot_initiator_state_q_reg[4]/D
i_croc_soc/i_croc/i_dmi_jtag/i_dmi_cdc/i_cdc_resp/i_cdc_reset_ctrlr/i_cdc_reset_ctrlr_half_b/FSM_onehot_initiator_state_q_reg[5]/CE
i_croc_soc/i_croc/i_dmi_jtag/i_dmi_cdc/i_cdc_resp/i_cdc_reset_ctrlr/i_cdc_reset_ctrlr_half_b/FSM_onehot_initiator_state_q_reg[5]/D
i_croc_soc/i_croc/i_dmi_jtag/i_dmi_cdc/i_cdc_resp/i_cdc_reset_ctrlr/i_cdc_reset_ctrlr_half_b/FSM_onehot_initiator_state_q_reg[6]/CE
i_croc_soc/i_croc/i_dmi_jtag/i_dmi_cdc/i_cdc_resp/i_cdc_reset_ctrlr/i_cdc_reset_ctrlr_half_b/FSM_onehot_initiator_state_q_reg[6]/D
i_croc_soc/i_croc/i_dmi_jtag/i_dmi_cdc/i_cdc_resp/i_cdc_reset_ctrlr/i_cdc_reset_ctrlr_half_b/FSM_onehot_initiator_state_q_reg[7]/CE
i_croc_soc/i_croc/i_dmi_jtag/i_dmi_cdc/i_cdc_resp/i_cdc_reset_ctrlr/i_cdc_reset_ctrlr_half_b/FSM_onehot_initiator_state_q_reg[7]/D
i_croc_soc/i_croc/i_dmi_jtag/i_dmi_cdc/i_cdc_resp/i_cdc_reset_ctrlr/i_cdc_reset_ctrlr_half_b/FSM_onehot_initiator_state_q_reg[8]/CE
i_croc_soc/i_croc/i_dmi_jtag/i_dmi_cdc/i_cdc_resp/i_cdc_reset_ctrlr/i_cdc_reset_ctrlr_half_b/FSM_onehot_initiator_state_q_reg[8]/D
i_croc_soc/i_croc/i_dmi_jtag/i_dmi_cdc/i_cdc_resp/i_cdc_reset_ctrlr/i_cdc_reset_ctrlr_half_b/i_state_transition_cdc_dst/FSM_onehot_state_q_reg[0]/D
i_croc_soc/i_croc/i_dmi_jtag/i_dmi_cdc/i_cdc_resp/i_cdc_reset_ctrlr/i_cdc_reset_ctrlr_half_b/i_state_transition_cdc_dst/FSM_onehot_state_q_reg[1]/D
i_croc_soc/i_croc/i_dmi_jtag/i_dmi_cdc/i_cdc_resp/i_cdc_reset_ctrlr/i_cdc_reset_ctrlr_half_b/i_state_transition_cdc_dst/FSM_onehot_state_q_reg[2]/D
i_croc_soc/i_croc/i_dmi_jtag/i_dmi_cdc/i_cdc_resp/i_cdc_reset_ctrlr/i_cdc_reset_ctrlr_half_b/i_state_transition_cdc_dst/ack_dst_q_reg/D
i_croc_soc/i_croc/i_dmi_jtag/i_dmi_cdc/i_cdc_resp/i_cdc_reset_ctrlr/i_cdc_reset_ctrlr_half_b/i_state_transition_cdc_dst/i_sync/reg_q_reg[0]/D
i_croc_soc/i_croc/i_dmi_jtag/i_dmi_cdc/i_cdc_resp/i_cdc_reset_ctrlr/i_cdc_reset_ctrlr_half_b/i_state_transition_cdc_dst/i_sync/reg_q_reg[1]/D
i_croc_soc/i_croc/i_dmi_jtag/i_dmi_cdc/i_cdc_resp/i_cdc_reset_ctrlr/i_cdc_reset_ctrlr_half_b/i_state_transition_cdc_src/FSM_onehot_state_q_reg[0]/D
i_croc_soc/i_croc/i_dmi_jtag/i_dmi_cdc/i_cdc_resp/i_cdc_reset_ctrlr/i_cdc_reset_ctrlr_half_b/i_state_transition_cdc_src/FSM_onehot_state_q_reg[1]/D
i_croc_soc/i_croc/i_dmi_jtag/i_dmi_cdc/i_cdc_resp/i_cdc_reset_ctrlr/i_cdc_reset_ctrlr_half_b/i_state_transition_cdc_src/FSM_onehot_state_q_reg[2]/D
i_croc_soc/i_croc/i_dmi_jtag/i_dmi_cdc/i_cdc_resp/i_cdc_reset_ctrlr/i_cdc_reset_ctrlr_half_b/i_state_transition_cdc_src/data_src_q_reg[0]/D
i_croc_soc/i_croc/i_dmi_jtag/i_dmi_cdc/i_cdc_resp/i_cdc_reset_ctrlr/i_cdc_reset_ctrlr_half_b/i_state_transition_cdc_src/data_src_q_reg[1]/D
i_croc_soc/i_croc/i_dmi_jtag/i_dmi_cdc/i_cdc_resp/i_cdc_reset_ctrlr/i_cdc_reset_ctrlr_half_b/i_state_transition_cdc_src/i_sync/reg_q_reg[0]/D
i_croc_soc/i_croc/i_dmi_jtag/i_dmi_cdc/i_cdc_resp/i_cdc_reset_ctrlr/i_cdc_reset_ctrlr_half_b/i_state_transition_cdc_src/i_sync/reg_q_reg[1]/D
i_croc_soc/i_croc/i_dmi_jtag/i_dmi_cdc/i_cdc_resp/i_cdc_reset_ctrlr/i_cdc_reset_ctrlr_half_b/i_state_transition_cdc_src/req_src_q_reg/D
i_croc_soc/i_croc/i_dmi_jtag/i_dmi_cdc/i_cdc_resp/i_cdc_reset_ctrlr/i_cdc_reset_ctrlr_half_b/receiver_phase_q_reg[0]/D
i_croc_soc/i_croc/i_dmi_jtag/i_dmi_cdc/i_cdc_resp/i_cdc_reset_ctrlr/i_cdc_reset_ctrlr_half_b/receiver_phase_q_reg[1]/D
i_croc_soc/i_croc/i_dmi_jtag/i_dmi_cdc/i_cdc_resp/i_dst/ack_dst_q_reg/D
i_croc_soc/i_croc/i_dmi_jtag/i_dmi_cdc/i_cdc_resp/i_dst/data_dst_q_reg[data][0]/D
i_croc_soc/i_croc/i_dmi_jtag/i_dmi_cdc/i_cdc_resp/i_dst/data_dst_q_reg[data][10]/D
i_croc_soc/i_croc/i_dmi_jtag/i_dmi_cdc/i_cdc_resp/i_dst/data_dst_q_reg[data][11]/D
i_croc_soc/i_croc/i_dmi_jtag/i_dmi_cdc/i_cdc_resp/i_dst/data_dst_q_reg[data][12]/D
i_croc_soc/i_croc/i_dmi_jtag/i_dmi_cdc/i_cdc_resp/i_dst/data_dst_q_reg[data][13]/D
i_croc_soc/i_croc/i_dmi_jtag/i_dmi_cdc/i_cdc_resp/i_dst/data_dst_q_reg[data][14]/D
i_croc_soc/i_croc/i_dmi_jtag/i_dmi_cdc/i_cdc_resp/i_dst/data_dst_q_reg[data][15]/D
i_croc_soc/i_croc/i_dmi_jtag/i_dmi_cdc/i_cdc_resp/i_dst/data_dst_q_reg[data][16]/D
i_croc_soc/i_croc/i_dmi_jtag/i_dmi_cdc/i_cdc_resp/i_dst/data_dst_q_reg[data][17]/D
i_croc_soc/i_croc/i_dmi_jtag/i_dmi_cdc/i_cdc_resp/i_dst/data_dst_q_reg[data][18]/D
i_croc_soc/i_croc/i_dmi_jtag/i_dmi_cdc/i_cdc_resp/i_dst/data_dst_q_reg[data][19]/D
i_croc_soc/i_croc/i_dmi_jtag/i_dmi_cdc/i_cdc_resp/i_dst/data_dst_q_reg[data][1]/D
i_croc_soc/i_croc/i_dmi_jtag/i_dmi_cdc/i_cdc_resp/i_dst/data_dst_q_reg[data][20]/D
i_croc_soc/i_croc/i_dmi_jtag/i_dmi_cdc/i_cdc_resp/i_dst/data_dst_q_reg[data][21]/D
i_croc_soc/i_croc/i_dmi_jtag/i_dmi_cdc/i_cdc_resp/i_dst/data_dst_q_reg[data][22]/D
i_croc_soc/i_croc/i_dmi_jtag/i_dmi_cdc/i_cdc_resp/i_dst/data_dst_q_reg[data][23]/D
i_croc_soc/i_croc/i_dmi_jtag/i_dmi_cdc/i_cdc_resp/i_dst/data_dst_q_reg[data][24]/D
i_croc_soc/i_croc/i_dmi_jtag/i_dmi_cdc/i_cdc_resp/i_dst/data_dst_q_reg[data][25]/D
i_croc_soc/i_croc/i_dmi_jtag/i_dmi_cdc/i_cdc_resp/i_dst/data_dst_q_reg[data][26]/D
i_croc_soc/i_croc/i_dmi_jtag/i_dmi_cdc/i_cdc_resp/i_dst/data_dst_q_reg[data][27]/D
i_croc_soc/i_croc/i_dmi_jtag/i_dmi_cdc/i_cdc_resp/i_dst/data_dst_q_reg[data][28]/D
i_croc_soc/i_croc/i_dmi_jtag/i_dmi_cdc/i_cdc_resp/i_dst/data_dst_q_reg[data][29]/D
i_croc_soc/i_croc/i_dmi_jtag/i_dmi_cdc/i_cdc_resp/i_dst/data_dst_q_reg[data][2]/D
i_croc_soc/i_croc/i_dmi_jtag/i_dmi_cdc/i_cdc_resp/i_dst/data_dst_q_reg[data][30]/D
i_croc_soc/i_croc/i_dmi_jtag/i_dmi_cdc/i_cdc_resp/i_dst/data_dst_q_reg[data][31]/D
i_croc_soc/i_croc/i_dmi_jtag/i_dmi_cdc/i_cdc_resp/i_dst/data_dst_q_reg[data][3]/D
i_croc_soc/i_croc/i_dmi_jtag/i_dmi_cdc/i_cdc_resp/i_dst/data_dst_q_reg[data][4]/D
i_croc_soc/i_croc/i_dmi_jtag/i_dmi_cdc/i_cdc_resp/i_dst/data_dst_q_reg[data][5]/D
i_croc_soc/i_croc/i_dmi_jtag/i_dmi_cdc/i_cdc_resp/i_dst/data_dst_q_reg[data][6]/D
i_croc_soc/i_croc/i_dmi_jtag/i_dmi_cdc/i_cdc_resp/i_dst/data_dst_q_reg[data][7]/D
i_croc_soc/i_croc/i_dmi_jtag/i_dmi_cdc/i_cdc_resp/i_dst/data_dst_q_reg[data][8]/D
i_croc_soc/i_croc/i_dmi_jtag/i_dmi_cdc/i_cdc_resp/i_dst/data_dst_q_reg[data][9]/D
i_croc_soc/i_croc/i_dmi_jtag/i_dmi_cdc/i_cdc_resp/i_dst/data_dst_q_reg[resp][0]/D
i_croc_soc/i_croc/i_dmi_jtag/i_dmi_cdc/i_cdc_resp/i_dst/data_dst_q_reg[resp][1]/D
i_croc_soc/i_croc/i_dmi_jtag/i_dmi_cdc/i_cdc_resp/i_dst/i_sync/reg_q_reg[0]/D
i_croc_soc/i_croc/i_dmi_jtag/i_dmi_cdc/i_cdc_resp/i_dst/i_sync/reg_q_reg[1]/D
i_croc_soc/i_croc/i_dmi_jtag/i_dmi_cdc/i_cdc_resp/i_dst/i_sync/reg_q_reg[2]/D
i_croc_soc/i_croc/i_dmi_jtag/i_dmi_cdc/i_cdc_resp/i_dst/req_synced_q1_reg/D
i_croc_soc/i_croc/i_dmi_jtag/i_dmi_cdc/i_cdc_resp/s_dst_clear_ack_q_reg/D
i_croc_soc/i_croc/i_dmi_jtag/i_dmi_cdc/i_cdc_resp/s_dst_isolate_ack_q_reg/D
i_croc_soc/i_croc/i_dmi_jtag/i_dmi_jtag_tap/FSM_onehot_tap_state_q_reg[0]/D
i_croc_soc/i_croc/i_dmi_jtag/i_dmi_jtag_tap/FSM_onehot_tap_state_q_reg[10]/D
i_croc_soc/i_croc/i_dmi_jtag/i_dmi_jtag_tap/FSM_onehot_tap_state_q_reg[11]/D
i_croc_soc/i_croc/i_dmi_jtag/i_dmi_jtag_tap/FSM_onehot_tap_state_q_reg[12]/D
i_croc_soc/i_croc/i_dmi_jtag/i_dmi_jtag_tap/FSM_onehot_tap_state_q_reg[13]/D
i_croc_soc/i_croc/i_dmi_jtag/i_dmi_jtag_tap/FSM_onehot_tap_state_q_reg[14]/D
i_croc_soc/i_croc/i_dmi_jtag/i_dmi_jtag_tap/FSM_onehot_tap_state_q_reg[15]/D
i_croc_soc/i_croc/i_dmi_jtag/i_dmi_jtag_tap/FSM_onehot_tap_state_q_reg[1]/D
i_croc_soc/i_croc/i_dmi_jtag/i_dmi_jtag_tap/FSM_onehot_tap_state_q_reg[2]/D
i_croc_soc/i_croc/i_dmi_jtag/i_dmi_jtag_tap/FSM_onehot_tap_state_q_reg[3]/D
i_croc_soc/i_croc/i_dmi_jtag/i_dmi_jtag_tap/FSM_onehot_tap_state_q_reg[4]/D
i_croc_soc/i_croc/i_dmi_jtag/i_dmi_jtag_tap/FSM_onehot_tap_state_q_reg[5]/D
i_croc_soc/i_croc/i_dmi_jtag/i_dmi_jtag_tap/FSM_onehot_tap_state_q_reg[6]/D
i_croc_soc/i_croc/i_dmi_jtag/i_dmi_jtag_tap/FSM_onehot_tap_state_q_reg[7]/D
i_croc_soc/i_croc/i_dmi_jtag/i_dmi_jtag_tap/FSM_onehot_tap_state_q_reg[8]/D
i_croc_soc/i_croc/i_dmi_jtag/i_dmi_jtag_tap/FSM_onehot_tap_state_q_reg[9]/D
i_croc_soc/i_croc/i_dmi_jtag/i_dmi_jtag_tap/bypass_q_reg/D
i_croc_soc/i_croc/i_dmi_jtag/i_dmi_jtag_tap/idcode_q_reg[0]/CE
i_croc_soc/i_croc/i_dmi_jtag/i_dmi_jtag_tap/idcode_q_reg[0]/D
i_croc_soc/i_croc/i_dmi_jtag/i_dmi_jtag_tap/idcode_q_reg[10]/CE
i_croc_soc/i_croc/i_dmi_jtag/i_dmi_jtag_tap/idcode_q_reg[10]/D
i_croc_soc/i_croc/i_dmi_jtag/i_dmi_jtag_tap/idcode_q_reg[11]/CE
i_croc_soc/i_croc/i_dmi_jtag/i_dmi_jtag_tap/idcode_q_reg[11]/D
i_croc_soc/i_croc/i_dmi_jtag/i_dmi_jtag_tap/idcode_q_reg[12]/CE
i_croc_soc/i_croc/i_dmi_jtag/i_dmi_jtag_tap/idcode_q_reg[12]/D
i_croc_soc/i_croc/i_dmi_jtag/i_dmi_jtag_tap/idcode_q_reg[13]/CE
i_croc_soc/i_croc/i_dmi_jtag/i_dmi_jtag_tap/idcode_q_reg[13]/D
i_croc_soc/i_croc/i_dmi_jtag/i_dmi_jtag_tap/idcode_q_reg[14]/CE
i_croc_soc/i_croc/i_dmi_jtag/i_dmi_jtag_tap/idcode_q_reg[14]/D
i_croc_soc/i_croc/i_dmi_jtag/i_dmi_jtag_tap/idcode_q_reg[15]/CE
i_croc_soc/i_croc/i_dmi_jtag/i_dmi_jtag_tap/idcode_q_reg[15]/D
i_croc_soc/i_croc/i_dmi_jtag/i_dmi_jtag_tap/idcode_q_reg[16]/CE
i_croc_soc/i_croc/i_dmi_jtag/i_dmi_jtag_tap/idcode_q_reg[16]/D
i_croc_soc/i_croc/i_dmi_jtag/i_dmi_jtag_tap/idcode_q_reg[17]/CE
i_croc_soc/i_croc/i_dmi_jtag/i_dmi_jtag_tap/idcode_q_reg[17]/D
i_croc_soc/i_croc/i_dmi_jtag/i_dmi_jtag_tap/idcode_q_reg[18]/CE
i_croc_soc/i_croc/i_dmi_jtag/i_dmi_jtag_tap/idcode_q_reg[18]/D
i_croc_soc/i_croc/i_dmi_jtag/i_dmi_jtag_tap/idcode_q_reg[19]/CE
i_croc_soc/i_croc/i_dmi_jtag/i_dmi_jtag_tap/idcode_q_reg[19]/D
i_croc_soc/i_croc/i_dmi_jtag/i_dmi_jtag_tap/idcode_q_reg[1]/CE
i_croc_soc/i_croc/i_dmi_jtag/i_dmi_jtag_tap/idcode_q_reg[1]/D
i_croc_soc/i_croc/i_dmi_jtag/i_dmi_jtag_tap/idcode_q_reg[20]/CE
i_croc_soc/i_croc/i_dmi_jtag/i_dmi_jtag_tap/idcode_q_reg[20]/D
i_croc_soc/i_croc/i_dmi_jtag/i_dmi_jtag_tap/idcode_q_reg[21]/CE
i_croc_soc/i_croc/i_dmi_jtag/i_dmi_jtag_tap/idcode_q_reg[21]/D
i_croc_soc/i_croc/i_dmi_jtag/i_dmi_jtag_tap/idcode_q_reg[22]/CE
i_croc_soc/i_croc/i_dmi_jtag/i_dmi_jtag_tap/idcode_q_reg[22]/D
i_croc_soc/i_croc/i_dmi_jtag/i_dmi_jtag_tap/idcode_q_reg[23]/CE
i_croc_soc/i_croc/i_dmi_jtag/i_dmi_jtag_tap/idcode_q_reg[23]/D
i_croc_soc/i_croc/i_dmi_jtag/i_dmi_jtag_tap/idcode_q_reg[24]/CE
i_croc_soc/i_croc/i_dmi_jtag/i_dmi_jtag_tap/idcode_q_reg[24]/D
i_croc_soc/i_croc/i_dmi_jtag/i_dmi_jtag_tap/idcode_q_reg[25]/CE
i_croc_soc/i_croc/i_dmi_jtag/i_dmi_jtag_tap/idcode_q_reg[25]/D
i_croc_soc/i_croc/i_dmi_jtag/i_dmi_jtag_tap/idcode_q_reg[26]/CE
i_croc_soc/i_croc/i_dmi_jtag/i_dmi_jtag_tap/idcode_q_reg[26]/D
i_croc_soc/i_croc/i_dmi_jtag/i_dmi_jtag_tap/idcode_q_reg[27]/CE
i_croc_soc/i_croc/i_dmi_jtag/i_dmi_jtag_tap/idcode_q_reg[27]/D
i_croc_soc/i_croc/i_dmi_jtag/i_dmi_jtag_tap/idcode_q_reg[28]/CE
i_croc_soc/i_croc/i_dmi_jtag/i_dmi_jtag_tap/idcode_q_reg[28]/D
i_croc_soc/i_croc/i_dmi_jtag/i_dmi_jtag_tap/idcode_q_reg[29]/CE
i_croc_soc/i_croc/i_dmi_jtag/i_dmi_jtag_tap/idcode_q_reg[29]/D
i_croc_soc/i_croc/i_dmi_jtag/i_dmi_jtag_tap/idcode_q_reg[2]/CE
i_croc_soc/i_croc/i_dmi_jtag/i_dmi_jtag_tap/idcode_q_reg[2]/D
i_croc_soc/i_croc/i_dmi_jtag/i_dmi_jtag_tap/idcode_q_reg[30]/CE
i_croc_soc/i_croc/i_dmi_jtag/i_dmi_jtag_tap/idcode_q_reg[30]/D
i_croc_soc/i_croc/i_dmi_jtag/i_dmi_jtag_tap/idcode_q_reg[31]/CE
i_croc_soc/i_croc/i_dmi_jtag/i_dmi_jtag_tap/idcode_q_reg[31]/D
i_croc_soc/i_croc/i_dmi_jtag/i_dmi_jtag_tap/idcode_q_reg[3]/CE
i_croc_soc/i_croc/i_dmi_jtag/i_dmi_jtag_tap/idcode_q_reg[3]/D
i_croc_soc/i_croc/i_dmi_jtag/i_dmi_jtag_tap/idcode_q_reg[4]/CE
i_croc_soc/i_croc/i_dmi_jtag/i_dmi_jtag_tap/idcode_q_reg[4]/D
i_croc_soc/i_croc/i_dmi_jtag/i_dmi_jtag_tap/idcode_q_reg[5]/CE
i_croc_soc/i_croc/i_dmi_jtag/i_dmi_jtag_tap/idcode_q_reg[5]/D
i_croc_soc/i_croc/i_dmi_jtag/i_dmi_jtag_tap/idcode_q_reg[6]/CE
i_croc_soc/i_croc/i_dmi_jtag/i_dmi_jtag_tap/idcode_q_reg[6]/D
i_croc_soc/i_croc/i_dmi_jtag/i_dmi_jtag_tap/idcode_q_reg[7]/CE
i_croc_soc/i_croc/i_dmi_jtag/i_dmi_jtag_tap/idcode_q_reg[7]/D
i_croc_soc/i_croc/i_dmi_jtag/i_dmi_jtag_tap/idcode_q_reg[8]/CE
i_croc_soc/i_croc/i_dmi_jtag/i_dmi_jtag_tap/idcode_q_reg[8]/D
i_croc_soc/i_croc/i_dmi_jtag/i_dmi_jtag_tap/idcode_q_reg[9]/CE
i_croc_soc/i_croc/i_dmi_jtag/i_dmi_jtag_tap/idcode_q_reg[9]/D
i_croc_soc/i_croc/i_dmi_jtag/i_dmi_jtag_tap/jtag_ir_q_reg[0]/CE
i_croc_soc/i_croc/i_dmi_jtag/i_dmi_jtag_tap/jtag_ir_q_reg[0]/D
i_croc_soc/i_croc/i_dmi_jtag/i_dmi_jtag_tap/jtag_ir_q_reg[1]/CE
i_croc_soc/i_croc/i_dmi_jtag/i_dmi_jtag_tap/jtag_ir_q_reg[1]/D
i_croc_soc/i_croc/i_dmi_jtag/i_dmi_jtag_tap/jtag_ir_q_reg[2]/CE
i_croc_soc/i_croc/i_dmi_jtag/i_dmi_jtag_tap/jtag_ir_q_reg[2]/D
i_croc_soc/i_croc/i_dmi_jtag/i_dmi_jtag_tap/jtag_ir_q_reg[3]/CE
i_croc_soc/i_croc/i_dmi_jtag/i_dmi_jtag_tap/jtag_ir_q_reg[3]/D
i_croc_soc/i_croc/i_dmi_jtag/i_dmi_jtag_tap/jtag_ir_q_reg[4]/CE
i_croc_soc/i_croc/i_dmi_jtag/i_dmi_jtag_tap/jtag_ir_q_reg[4]/D
i_croc_soc/i_croc/i_dmi_jtag/i_dmi_jtag_tap/jtag_ir_shift_q_reg[0]/CE
i_croc_soc/i_croc/i_dmi_jtag/i_dmi_jtag_tap/jtag_ir_shift_q_reg[0]/D
i_croc_soc/i_croc/i_dmi_jtag/i_dmi_jtag_tap/jtag_ir_shift_q_reg[1]/CE
i_croc_soc/i_croc/i_dmi_jtag/i_dmi_jtag_tap/jtag_ir_shift_q_reg[1]/D
i_croc_soc/i_croc/i_dmi_jtag/i_dmi_jtag_tap/jtag_ir_shift_q_reg[2]/CE
i_croc_soc/i_croc/i_dmi_jtag/i_dmi_jtag_tap/jtag_ir_shift_q_reg[2]/D
i_croc_soc/i_croc/i_dmi_jtag/i_dmi_jtag_tap/jtag_ir_shift_q_reg[3]/CE
i_croc_soc/i_croc/i_dmi_jtag/i_dmi_jtag_tap/jtag_ir_shift_q_reg[3]/D
i_croc_soc/i_croc/i_dmi_jtag/i_dmi_jtag_tap/jtag_ir_shift_q_reg[4]/CE
i_croc_soc/i_croc/i_dmi_jtag/i_dmi_jtag_tap/jtag_ir_shift_q_reg[4]/D
i_croc_soc/i_croc/i_dmi_jtag/i_dmi_jtag_tap/td_o_reg/D

 There are 0 pins that are not constrained for maximum delay due to constant clock.


5. checking no_input_delay (4)
------------------------------
 There are 4 input ports with no input delay specified. (HIGH)

jtag_tdi_i
jtag_tms_i
sys_reset
uart_rx_i

 There are 0 input ports with no input delay but user has a false path constraint.


6. checking no_output_delay (2)
-------------------------------
 There are 2 ports with no output delay specified. (HIGH)

jtag_tdo_o
uart_tx_o

 There are 0 ports with no output delay but user has a false path constraint

 There are 0 ports with no output delay but with a timing clock defined on it or propagating through it


7. checking multiple_clock (0)
------------------------------
 There are 0 register/latch pins with multiple clocks.


8. checking generated_clocks (0)
--------------------------------
 There are 0 generated clocks that are not connected to a clock source.


9. checking loops (0)
---------------------
 There are 0 combinational loops in the design.


10. checking partial_input_delay (5)
------------------------------------
 There are 5 input ports with partial input delay specified. (HIGH)

fetch_en_i
gpio_i[0]
gpio_i[1]
gpio_i[2]
gpio_i[3]


11. checking partial_output_delay (0)
-------------------------------------
 There are 0 ports with partial output delay specified.


12. checking latch_loops (0)
----------------------------
 There are 0 combinational latch loops in the design through latch input


