Copyright 1986-2022 Xilinx, Inc. All Rights Reserved. Copyright 2022-2025 Advanced Micro Devices, Inc. All Rights Reserved.
---------------------------------------------------------------------------------------------------------------------------------------------
| Tool Version : Vivado v.2025.2 (lin64) Build 6299465 Fri Nov 14 12:34:56 MST 2025
| Date         : Sat Apr  4 21:00:36 2026
| Host         : devan-astroboy running 64-bit Ubuntu 24.04.4 LTS
| Command      : report_utilization -file /home/devan/SoC/croc_pynq-z1/xilinx/build/pynqz1.croc/reports.impl/utilization.rpt -hierarchical
| Design       : croc_xilinx
| Device       : xc7z020clg400-1
| Speed File   : -1
| Design State : Routed
---------------------------------------------------------------------------------------------------------------------------------------------

Utilization Design Information

Table of Contents
-----------------
1. Utilization by Hierarchy

1. Utilization by Hierarchy
---------------------------

+---------------------------------------------+------------------------------------------+------------+------------+---------+------+------+--------+--------+------------+
|                   Instance                  |                  Module                  | Total LUTs | Logic LUTs | LUTRAMs | SRLs |  FFs | RAMB36 | RAMB18 | DSP Blocks |
+---------------------------------------------+------------------------------------------+------------+------------+---------+------+------+--------+--------+------------+
| croc_xilinx                                 |                                    (top) |       6423 |       6423 |       0 |    0 | 4064 |      2 |      0 |          1 |
|   (croc_xilinx)                             |                                    (top) |         21 |         21 |       0 |    0 |   17 |      0 |      0 |          0 |
|   i_croc_soc                                |                                 croc_soc |       6398 |       6398 |       0 |    0 | 4043 |      2 |      0 |          1 |
|     i_croc                                  |                              croc_domain |       6342 |       6342 |       0 |    0 | 3967 |      2 |      0 |          0 |
|       i_uart                                |                                 obi_uart |        374 |        374 |       0 |    0 |  514 |      0 |      0 |          0 |
|         i_uart_register                     |                        obi_uart_register |         97 |         97 |       0 |    0 |   84 |      0 |      0 |          0 |
|         i_uart_rx                           |                              obi_uart_rx |        150 |        150 |       0 |    0 |  231 |      0 |      0 |          0 |
|           i_fifo_v3                         |                  fifo_v3__parameterized2 |         90 |         90 |       0 |    0 |  189 |      0 |      0 |          0 |
|         i_uart_tx                           |                              obi_uart_tx |         87 |         87 |       0 |    0 |  160 |      0 |      0 |          0 |
|           i_fifo_v3                         |                  fifo_v3__parameterized3 |         68 |         68 |       0 |    0 |  141 |      0 |      0 |          0 |
|       i_core_wrap                           |                                core_wrap |       2922 |       2922 |       0 |    0 | 1800 |      0 |      0 |          0 |
|         i_ibex                              |                                cve2_core |       2922 |       2922 |       0 |    0 | 1800 |      0 |      0 |          0 |
|           cs_registers_i                    |                        cve2_cs_registers |         80 |         80 |       0 |    0 |  420 |      0 |      0 |          0 |
|             minstret_counter_i              |             cve2_counter__parameterized0 |          2 |          2 |       0 |    0 |   64 |      0 |      0 |          0 |
|             mcycle_counter_i                |                             cve2_counter |          2 |          2 |       0 |    0 |   64 |      0 |      0 |          0 |
|           ex_block_i                        |                            cve2_ex_block |         78 |         78 |       0 |    0 |    0 |      0 |      0 |          0 |
|             alu_i                           |                                 cve2_alu |         78 |         78 |       0 |    0 |    0 |      0 |      0 |          0 |
|           id_stage_i                        |                            cve2_id_stage |        400 |        400 |       0 |    0 |   14 |      0 |      0 |          0 |
|             controller_i                    |                          cve2_controller |        400 |        400 |       0 |    0 |   11 |      0 |      0 |          0 |
|           if_stage_i                        |                            cve2_if_stage |       1549 |       1549 |       0 |    0 |  304 |      0 |      0 |          0 |
|             (if_stage_i)                    |                            cve2_if_stage |       1044 |       1044 |       0 |    0 |  105 |      0 |      0 |          0 |
|             prefetch_buffer_i               |                     cve2_prefetch_buffer |        508 |        508 |       0 |    0 |  199 |      0 |      0 |          0 |
|               (prefetch_buffer_i)           |                     cve2_prefetch_buffer |        219 |        219 |       0 |    0 |   66 |      0 |      0 |          0 |
|               fifo_i                        |                          cve2_fetch_fifo |        291 |        291 |       0 |    0 |  133 |      0 |      0 |          0 |
|           load_store_unit_i                 |                     cve2_load_store_unit |        103 |        103 |       0 |    0 |   70 |      0 |      0 |          0 |
|           register_file_i                   |                    cve2_register_file_ff |        732 |        732 |       0 |    0 |  992 |      0 |      0 |          0 |
|       i_dm_top                              |                               dm_obi_top |       1539 |       1539 |       0 |    0 |  673 |      0 |      0 |          0 |
|         i_dm_top                            |                                   dm_top |       1539 |       1539 |       0 |    0 |  672 |      0 |      0 |          0 |
|           i_dm_mem                          |                                   dm_mem |         69 |         69 |       0 |    0 |   77 |      0 |      0 |          0 |
|             (i_dm_mem)                      |                                   dm_mem |         11 |         11 |       0 |    0 |   72 |      0 |      0 |          0 |
|             gen_rom_snd_scratch.i_debug_rom |                                debug_rom |         58 |         58 |       0 |    0 |    5 |      0 |      0 |          0 |
|           i_dm_csrs                         |                                  dm_csrs |       1448 |       1448 |       0 |    0 |  592 |      0 |      0 |          0 |
|             (i_dm_csrs)                     |                                  dm_csrs |       1302 |       1302 |       0 |    0 |  520 |      0 |      0 |          0 |
|             i_fifo                          |                                  fifo_v3 |        147 |        147 |       0 |    0 |   72 |      0 |      0 |          0 |
|       i_dmi_jtag                            |                                 dmi_jtag |        671 |        671 |       0 |    0 |  457 |      0 |      0 |          0 |
|         (i_dmi_jtag)                        |                                 dmi_jtag |          2 |          2 |       0 |    0 |  119 |      0 |      0 |          0 |
|         i_dmi_cdc                           |                                  dmi_cdc |        498 |        498 |       0 |    0 |  278 |      0 |      0 |          0 |
|           i_cdc_resp                        |     cdc_2phase_clearable__parameterized0 |        127 |        127 |       0 |    0 |  131 |      0 |      0 |          0 |
|             i_dst                           | cdc_2phase_dst_clearable__parameterized0 |         65 |         65 |       0 |    0 |   39 |      0 |      0 |          0 |
|               (i_dst)                       | cdc_2phase_dst_clearable__parameterized0 |         65 |         65 |       0 |    0 |   36 |      0 |      0 |          0 |
|             i_cdc_reset_ctrlr               |                          cdc_reset_ctrlr |         59 |         59 |       0 |    0 |   50 |      0 |      0 |          0 |
|           i_cdc_req                         |                     cdc_2phase_clearable |        371 |        371 |       0 |    0 |  145 |      0 |      0 |          0 |
|             i_dst                           |                 cdc_2phase_dst_clearable |        267 |        267 |       0 |    0 |   46 |      0 |      0 |          0 |
|               (i_dst)                       |                 cdc_2phase_dst_clearable |        267 |        267 |       0 |    0 |   43 |      0 |      0 |          0 |
|             i_cdc_reset_ctrlr               |                       cdc_reset_ctrlr_56 |         60 |         60 |       0 |    0 |   50 |      0 |      0 |          0 |
|         i_dmi_jtag_tap                      |                             dmi_jtag_tap |        174 |        174 |       0 |    0 |   60 |      0 |      0 |          0 |
|           (i_dmi_jtag_tap)                  |                             dmi_jtag_tap |        174 |        174 |       0 |    0 |   60 |      0 |      0 |          0 |
|       i_gpio                                |                                     gpio |         36 |         36 |       0 |    0 |   54 |      0 |      0 |          0 |
|       i_main_xbar                           |                                 obi_xbar |        551 |        551 |       0 |    0 |   85 |      0 |      0 |          0 |
|         gen_demux[1].i_demux                |                                obi_demux |         80 |         80 |       0 |    0 |    5 |      0 |      0 |          0 |
|           (gen_demux[1].i_demux)            |                                obi_demux |         77 |         77 |       0 |    0 |    3 |      0 |      0 |          0 |
|         gen_demux[2].i_demux                |                             obi_demux_23 |        114 |        114 |       0 |    0 |    5 |      0 |      0 |          0 |
|           (gen_demux[2].i_demux)            |                             obi_demux_23 |        111 |        111 |       0 |    0 |    3 |      0 |      0 |          0 |
|         gen_mux[1].i_mux                    |                               obi_mux_26 |         50 |         50 |       0 |    0 |   14 |      0 |      0 |          0 |
|         gen_mux[3].i_mux                    |                               obi_mux_28 |         95 |         95 |       0 |    0 |   14 |      0 |      0 |          0 |
|           gen_no_id_assign.i_fifo           |               fifo_v3__parameterized0_30 |         90 |         90 |       0 |    0 |    8 |      0 |      0 |          0 |
|         gen_mux[4].i_mux                    |                               obi_mux_29 |        103 |        103 |       0 |    0 |   14 |      0 |      0 |          0 |
|           gen_no_id_assign.i_fifo           |                  fifo_v3__parameterized0 |         84 |         84 |       0 |    0 |    8 |      0 |      0 |          0 |
|       i_obi_demux                           |                obi_demux__parameterized0 |         59 |         59 |       0 |    0 |    5 |      0 |      0 |          0 |
|         (i_obi_demux)                       |                obi_demux__parameterized0 |         56 |         56 |       0 |    0 |    3 |      0 |      0 |          0 |
|       i_soc_ctrl                            |                         soc_ctrl_reg_top |          0 |          0 |       0 |    0 |   67 |      0 |      0 |          0 |
|       i_timer                               |                               timer_unit |        183 |        183 |       0 |    0 |  274 |      0 |      0 |          0 |
|         (i_timer)                           |                               timer_unit |          2 |          2 |       0 |    0 |  142 |      0 |      0 |          0 |
|         counter_hi_i                        |                       timer_unit_counter |         73 |         73 |       0 |    0 |   33 |      0 |      0 |          0 |
|     i_user                                  |                              user_domain |         56 |         56 |       0 |    0 |   70 |      0 |      0 |          1 |
|       i_simple_alu                          |                               simple_alu |         12 |         12 |       0 |    0 |   65 |      0 |      0 |          1 |
+---------------------------------------------+------------------------------------------+------------+------------+---------+------+------+--------+--------+------------+
* Note: The sum of lower-level cells may be larger than their parent cells total, due to cross-hierarchy LUT combining


